<?xml version="1.0" encoding="utf-8"?>
<TestRun id="799e97d9-17c4-439b-914d-a7efb501b3d0" name="Al.Farhadi@AL-FARHADI-L 2026-09-18 00:46:02" runUser="ALIBABA\Al.Farhadi" xmlns="http://microsoft.com/schemas/VisualStudio/TeamTest/2010">
  <Times creation="2026-09-18T00:46:02.0984243+03:30" queuing="2026-09-18T00:46:02.0984249+03:30" start="2026-09-18T00:45:59.6887049+03:30" finish="2026-09-18T00:47:19.4018191+03:30" />
  <TestSettings name="default" id="42dd16fb-01d1-40f7-a835-e4bf75db6997">
    <Deployment runDeploymentRoot="Al.Farhadi_AL-FARHADI-L_2026-09-18_00_46_02" />
  </TestSettings>
  <Results>
    <UnitTestResult executionId="4f7f11ca-223b-4f02-92ff-858828316de3" testId="e3a9a546-24e5-93f9-c73b-9b85001e5656" testName="AeroTech.Ordering.Persistence.Tests.S1.PrepareCreateGetTests.SC_S1_004_same_key_for_another_preparation_is_a_conflict_and_changes_nothing" computerName="AL-FARHADI-L" duration="00:00:02.5295014" startTime="2026-09-18T00:46:46.5057146+03:30" endTime="2026-09-18T00:46:46.5057154+03:30" testType="13cdc9d9-ddb5-4fa4-a97d-d965ccfc6d4b" outcome="Passed" testListId="8c84fa94-04c1-424b-9868-57a2d4851a1d" relativeResultsDirectory="4f7f11ca-223b-4f02-92ff-858828316de3" />
    <UnitTestResult executionId="913389fd-8d1a-4119-8b77-3f774a87a635" testId="e4e92790-5359-1360-2c04-ea8ed7cd25c1" testName="AeroTech.Ordering.Persistence.Tests.Composition.SingleRegistrationGuardTests.Real_and_deterministic_binding_of_the_same_contract_fail_with_the_named_duplicate" computerName="AL-FARHADI-L" duration="00:00:00.0010679" startTime="2026-09-18T00:46:02.0166135+03:30" endTime="2026-09-18T00:46:02.0166136+03:30" testType="13cdc9d9-ddb5-4fa4-a97d-d965ccfc6d4b" outcome="Passed" testListId="8c84fa94-04c1-424b-9868-57a2d4851a1d" relativeResultsDirectory="913389fd-8d1a-4119-8b77-3f774a87a635" />
    <UnitTestResult executionId="d7064df5-0c84-4602-9687-4b873d1204aa" testId="c59468f7-d69e-61b2-d400-7fdeead43c0b" testName="AeroTech.Ordering.Persistence.Tests.S1.AirOfferLiveCandidateBridgeTests.Equivalent_amount_is_used_as_sale_value_and_the_original_is_retained" computerName="AL-FARHADI-L" duration="00:00:00.0706553" startTime="2026-09-18T00:46:28.9800258+03:30" endTime="2026-09-18T00:46:28.9800265+03:30" testType="13cdc9d9-ddb5-4fa4-a97d-d965ccfc6d4b" outcome="Passed" testListId="8c84fa94-04c1-424b-9868-57a2d4851a1d" relativeResultsDirectory="d7064df5-0c84-4602-9687-4b873d1204aa" />
    <UnitTestResult executionId="08fa1856-5e02-42e5-ae11-93fdfb238274" testId="f3542137-ca01-8e47-e030-73a995b74fa2" testName="AeroTech.Ordering.Persistence.Tests.Architecture.LayerReferenceTests.Application_references_no_infrastructure_assembly" computerName="AL-FARHADI-L" duration="00:00:00.0168356" startTime="2026-09-18T00:46:01.8953120+03:30" endTime="2026-09-18T00:46:01.8954542+03:30" testType="13cdc9d9-ddb5-4fa4-a97d-d965ccfc6d4b" outcome="Passed" testListId="8c84fa94-04c1-424b-9868-57a2d4851a1d" relativeResultsDirectory="08fa1856-5e02-42e5-ae11-93fdfb238274" />
    <UnitTestResult executionId="b29df202-dc21-4434-8f68-5ec5cefc5863" testId="e0a65f32-82cc-6be9-919f-0e4017104ace" testName="AeroTech.Ordering.Persistence.Tests.Inbox.InboxConsumeFilterOutcomeTests.Message_without_envelope_source_identity_is_rejected_before_the_consumer_runs(sourceSystem: &quot;InventoryProbe&quot;, eventId: &quot;&quot;)" computerName="AL-FARHADI-L" duration="00:00:00.0065838" startTime="2026-09-18T00:46:54.1634103+03:30" endTime="2026-09-18T00:46:54.1634106+03:30" testType="13cdc9d9-ddb5-4fa4-a97d-d965ccfc6d4b" outcome="Passed" testListId="8c84fa94-04c1-424b-9868-57a2d4851a1d" relativeResultsDirectory="b29df202-dc21-4434-8f68-5ec5cefc5863" />
    <UnitTestResult executionId="22681c15-ffab-4c11-a5e8-4c8933055e7f" testId="9c845f7c-7d1e-0e1a-e1e9-8dd2075c639e" testName="AeroTech.Ordering.Persistence.Tests.Inbox.InboxConsumeFilterOutcomeTests.Message_without_envelope_source_identity_is_rejected_before_the_consumer_runs(sourceSystem: null, eventId: null)" computerName="AL-FARHADI-L" duration="00:00:00.0808972" startTime="2026-09-18T00:46:54.1184211+03:30" endTime="2026-09-18T00:46:54.1184213+03:30" testType="13cdc9d9-ddb5-4fa4-a97d-d965ccfc6d4b" outcome="Passed" testListId="8c84fa94-04c1-424b-9868-57a2d4851a1d" relativeResultsDirectory="22681c15-ffab-4c11-a5e8-4c8933055e7f" />
    <UnitTestResult executionId="1bfad2e5-1ef6-4699-a456-0fcaccb7cc05" testId="6c69f1f7-eb5c-aa18-2e4e-5c41dbb84cae" testName="AeroTech.Ordering.Persistence.Tests.Inbox.InboxConsumeFilterOutcomeTests.Marker_and_work_commit_in_one_save_under_the_pack_identity" computerName="AL-FARHADI-L" duration="00:00:00.0500842" startTime="2026-09-18T00:46:54.4757116+03:30" endTime="2026-09-18T00:46:54.4757120+03:30" testType="13cdc9d9-ddb5-4fa4-a97d-d965ccfc6d4b" outcome="Passed" testListId="8c84fa94-04c1-424b-9868-57a2d4851a1d" relativeResultsDirectory="1bfad2e5-1ef6-4699-a456-0fcaccb7cc05" />
    <UnitTestResult executionId="612ca152-baac-405d-b787-72ba232be537" testId="33f2deb9-776a-9af8-bd96-c80a7bfe6cf0" testName="AeroTech.Ordering.Persistence.Tests.S1.AirOfferLiveCandidateBridgeTests.Observed_wire_violations_fail_mapping_instead_of_guessing(defect: &quot;no-sale-valuation&quot;)" computerName="AL-FARHADI-L" duration="00:00:00.0703675" startTime="2026-09-18T00:46:28.5962401+03:30" endTime="2026-09-18T00:46:28.5962406+03:30" testType="13cdc9d9-ddb5-4fa4-a97d-d965ccfc6d4b" outcome="Passed" testListId="8c84fa94-04c1-424b-9868-57a2d4851a1d" relativeResultsDirectory="612ca152-baac-405d-b787-72ba232be537" />
    <UnitTestResult executionId="e12fd2ac-febf-4c70-95af-e52496244606" testId="0c92b9f7-3194-c653-ad01-0165d4987902" testName="AeroTech.Ordering.Persistence.Tests.S1.PrepareCreateGetTests.SC_S1_017_other_customer_cannot_reach_preparation_order_operation_or_receipt" computerName="AL-FARHADI-L" duration="00:00:02.3222377" startTime="2026-09-18T00:46:48.8770102+03:30" endTime="2026-09-18T00:46:48.8770105+03:30" testType="13cdc9d9-ddb5-4fa4-a97d-d965ccfc6d4b" outcome="Passed" testListId="8c84fa94-04c1-424b-9868-57a2d4851a1d" relativeResultsDirectory="e12fd2ac-febf-4c70-95af-e52496244606" />
    <UnitTestResult executionId="1d83924e-0da6-46ee-a9af-9d4426e3a44e" testId="f28b326a-b226-e3a2-86dc-6cdb6dccfae2" testName="AeroTech.Ordering.Persistence.Tests.Inbox.InboxConsumeFilterOutcomeTests.Unrelated_sql_failure_is_rethrown_and_commits_nothing" computerName="AL-FARHADI-L" duration="00:00:00.0307034" startTime="2026-09-18T00:46:54.3140427+03:30" endTime="2026-09-18T00:46:54.3140429+03:30" testType="13cdc9d9-ddb5-4fa4-a97d-d965ccfc6d4b" outcome="Passed" testListId="8c84fa94-04c1-424b-9868-57a2d4851a1d" relativeResultsDirectory="1d83924e-0da6-46ee-a9af-9d4426e3a44e" />
    <UnitTestResult executionId="f50cac35-4335-4710-88da-8c792095d168" testId="44697bb3-cd5e-878b-0cd1-9c0cc01c8e43" testName="AeroTech.Ordering.Persistence.Tests.S1.PrepareCreateGetTests.SC_S1_009_round_trip_and_two_one_way_constructions_are_persisted_as_supplied" computerName="AL-FARHADI-L" duration="00:00:01.6345425" startTime="2026-09-18T00:46:42.4465506+03:30" endTime="2026-09-18T00:46:42.4465511+03:30" testType="13cdc9d9-ddb5-4fa4-a97d-d965ccfc6d4b" outcome="Passed" testListId="8c84fa94-04c1-424b-9868-57a2d4851a1d" relativeResultsDirectory="f50cac35-4335-4710-88da-8c792095d168" />
    <UnitTestResult executionId="f9d5c92d-e4bf-4016-9cbd-507d7252960d" testId="55cbdf2d-e0ff-c0ab-c29c-8e1fbefad248" testName="AeroTech.Ordering.Persistence.Tests.S1.PrepareCreateGetTests.SC_S1_011_group_extended_line_is_persisted_once" computerName="AL-FARHADI-L" duration="00:00:00.5925252" startTime="2026-09-18T00:46:43.0397199+03:30" endTime="2026-09-18T00:46:43.0397202+03:30" testType="13cdc9d9-ddb5-4fa4-a97d-d965ccfc6d4b" outcome="Passed" testListId="8c84fa94-04c1-424b-9868-57a2d4851a1d" relativeResultsDirectory="f9d5c92d-e4bf-4016-9cbd-507d7252960d" />
    <UnitTestResult executionId="b43825d1-3f40-4899-9a93-d24e03f20429" testId="a509b415-7a34-2926-2ac9-9c2a4ca792f1" testName="AeroTech.Ordering.Persistence.Tests.Outbox.OutboxDispatcherTests.Unusable_row_is_recorded_as_failed_and_does_not_block_usable_rows" computerName="AL-FARHADI-L" duration="00:00:00.0802236" startTime="2026-09-18T00:46:53.9321384+03:30" endTime="2026-09-18T00:46:53.9321388+03:30" testType="13cdc9d9-ddb5-4fa4-a97d-d965ccfc6d4b" outcome="Passed" testListId="8c84fa94-04c1-424b-9868-57a2d4851a1d" relativeResultsDirectory="b43825d1-3f40-4899-9a93-d24e03f20429" />
    <UnitTestResult executionId="acbfb9c9-7495-460a-88b6-d8d4f6c02e0d" testId="ae0c8cb6-de7d-2332-fc4d-d526b9a0a04b" testName="AeroTech.Ordering.Persistence.Tests.Inbox.InboxConsumeFilterOutcomeTests.Same_identity_with_a_different_payload_is_a_conflict_and_is_not_processed" computerName="AL-FARHADI-L" duration="00:00:00.0267453" startTime="2026-09-18T00:46:54.3785247+03:30" endTime="2026-09-18T00:46:54.3785251+03:30" testType="13cdc9d9-ddb5-4fa4-a97d-d965ccfc6d4b" outcome="Passed" testListId="8c84fa94-04c1-424b-9868-57a2d4851a1d" relativeResultsDirectory="acbfb9c9-7495-460a-88b6-d8d4f6c02e0d" />
    <UnitTestResult executionId="0452a3f0-c737-4611-a2b8-c8b4377ae21a" testId="784d481c-4be2-d253-3fd4-5846a905e413" testName="AeroTech.Ordering.Persistence.Tests.S1.AtomicityAndRebuildTests.SC_S1_006_projection_failure_before_commit_leaves_no_order_price_outbox_receipt_or_consumption" computerName="AL-FARHADI-L" duration="00:00:01.1525039" startTime="2026-09-18T00:46:34.0600832+03:30" endTime="2026-09-18T00:46:34.0600838+03:30" testType="13cdc9d9-ddb5-4fa4-a97d-d965ccfc6d4b" outcome="Passed" testListId="8c84fa94-04c1-424b-9868-57a2d4851a1d" relativeResultsDirectory="0452a3f0-c737-4611-a2b8-c8b4377ae21a" />
    <UnitTestResult executionId="0787bf32-8d42-4b44-bca6-f9173cb42ab7" testId="fd071834-4edf-9839-eeff-2dbe73c459ba" testName="AeroTech.Ordering.Persistence.Tests.Architecture.DomainMessagesAllowlistTests.Allowlist_check_detects_a_forbidden_Messages_type" computerName="AL-FARHADI-L" duration="00:00:00.0013170" startTime="2026-09-18T00:46:02.0177001+03:30" endTime="2026-09-18T00:46:02.0177002+03:30" testType="13cdc9d9-ddb5-4fa4-a97d-d965ccfc6d4b" outcome="Passed" testListId="8c84fa94-04c1-424b-9868-57a2d4851a1d" relativeResultsDirectory="0787bf32-8d42-4b44-bca6-f9173cb42ab7" />
    <UnitTestResult executionId="9b53fa45-9c3b-433d-8060-9291bd0d1faf" testId="572f93a5-52cc-e00d-1e4c-cf22f71126a5" testName="AeroTech.Ordering.Persistence.Tests.S1.PrepareCreateGetTests.SC_S1_021_unregistered_product_schema_is_unsupported_before_any_preparation" computerName="AL-FARHADI-L" duration="00:00:00.1576481" startTime="2026-09-18T00:46:35.5786849+03:30" endTime="2026-09-18T00:46:35.5786853+03:30" testType="13cdc9d9-ddb5-4fa4-a97d-d965ccfc6d4b" outcome="Passed" testListId="8c84fa94-04c1-424b-9868-57a2d4851a1d" relativeResultsDirectory="9b53fa45-9c3b-433d-8060-9291bd0d1faf" />
    <UnitTestResult executionId="4d8cdf77-2761-4597-9881-941a601d416c" testId="98220d85-858c-3986-3ca8-2111c99c438a" testName="AeroTech.Ordering.Persistence.Tests.S1.PrepareCreateGetTests.SC_S1_019_expired_owner_validity_blocks_acceptance_at_its_own_instant" computerName="AL-FARHADI-L" duration="00:00:00.6010615" startTime="2026-09-18T00:46:49.4797441+03:30" endTime="2026-09-18T00:46:49.4797445+03:30" testType="13cdc9d9-ddb5-4fa4-a97d-d965ccfc6d4b" outcome="Passed" testListId="8c84fa94-04c1-424b-9868-57a2d4851a1d" relativeResultsDirectory="4d8cdf77-2761-4597-9881-941a601d416c" />
    <UnitTestResult executionId="5ee15b3b-32b1-4189-9b55-55e1f9dd3896" testId="2844592e-88c9-3fa7-ded1-7b2f546e0630" testName="AeroTech.Ordering.Persistence.Tests.S1.PrepareCreateGetTests.SC_S1_012_original_and_sale_valuations_round_trip_exactly" computerName="AL-FARHADI-L" duration="00:00:00.9162294" startTime="2026-09-18T00:46:43.9742286+03:30" endTime="2026-09-18T00:46:43.9742292+03:30" testType="13cdc9d9-ddb5-4fa4-a97d-d965ccfc6d4b" outcome="Passed" testListId="8c84fa94-04c1-424b-9868-57a2d4851a1d" relativeResultsDirectory="5ee15b3b-32b1-4189-9b55-55e1f9dd3896" />
    <UnitTestResult executionId="fa9c03a7-3301-49c6-9e62-78ff05c270be" testId="7179356a-11ea-06cf-2be5-5134fe9fff94" testName="AeroTech.Ordering.Persistence.Tests.Composition.SingleRegistrationGuardTests.Single_bindings_pass" computerName="AL-FARHADI-L" duration="00:00:00.0006475" startTime="2026-09-18T00:46:01.9113947+03:30" endTime="2026-09-18T00:46:01.9113948+03:30" testType="13cdc9d9-ddb5-4fa4-a97d-d965ccfc6d4b" outcome="Passed" testListId="8c84fa94-04c1-424b-9868-57a2d4851a1d" relativeResultsDirectory="fa9c03a7-3301-49c6-9e62-78ff05c270be" />
    <UnitTestResult executionId="afad7652-d173-43d8-8578-c596348ab349" testId="bc289e95-ec7d-dedc-9ee2-1dd75f065923" testName="AeroTech.Ordering.Persistence.Tests.Composition.HostCompositionTests.Bearer_validation_follows_the_identity_authority_and_audience" computerName="AL-FARHADI-L" duration="00:00:00.1228242" startTime="2026-09-18T00:47:18.9139626+03:30" endTime="2026-09-18T00:47:18.9139629+03:30" testType="13cdc9d9-ddb5-4fa4-a97d-d965ccfc6d4b" outcome="Passed" testListId="8c84fa94-04c1-424b-9868-57a2d4851a1d" relativeResultsDirectory="afad7652-d173-43d8-8578-c596348ab349" />
    <UnitTestResult executionId="ed8bf89b-4863-47f7-a3b8-0c82c3d9d5ec" testId="31d7b34a-f410-3a72-6d1d-ebb16c07315d" testName="AeroTech.Ordering.Persistence.Tests.Host.AnonymousSurfaceInventoryTests.Current_controller_surface_is_exactly_the_characterized_inventory" computerName="AL-FARHADI-L" duration="00:00:00.0828636" startTime="2026-09-18T00:46:02.0246901+03:30" endTime="2026-09-18T00:46:02.0246902+03:30" testType="13cdc9d9-ddb5-4fa4-a97d-d965ccfc6d4b" outcome="Passed" testListId="8c84fa94-04c1-424b-9868-57a2d4851a1d" relativeResultsDirectory="ed8bf89b-4863-47f7-a3b8-0c82c3d9d5ec" />
    <UnitTestResult executionId="439fa55c-9d51-4ccc-a6b7-52beaabd4dc8" testId="3d496e21-b461-1e56-952d-6f5c34eefdd3" testName="AeroTech.Ordering.Persistence.Tests.Inbox.InboxConsumeFilterOutcomeTests.Message_that_is_not_an_envelope_type_is_rejected_before_the_consumer_runs" computerName="AL-FARHADI-L" duration="00:00:00.0161069" startTime="2026-09-18T00:46:54.4241237+03:30" endTime="2026-09-18T00:46:54.4241242+03:30" testType="13cdc9d9-ddb5-4fa4-a97d-d965ccfc6d4b" outcome="Passed" testListId="8c84fa94-04c1-424b-9868-57a2d4851a1d" relativeResultsDirectory="439fa55c-9d51-4ccc-a6b7-52beaabd4dc8" />
    <UnitTestResult executionId="751ad856-31e7-4fb3-baf4-5bc8934dc2cf" testId="8eccce5f-e7a2-d580-f42d-0e56db5c9a8f" testName="AeroTech.Ordering.Persistence.Tests.Inbox.InboxConsumeFilterTests.Unrelated_sql_failure_is_not_classified_as_a_duplicate" computerName="AL-FARHADI-L" duration="00:00:20.0685334" startTime="2026-09-18T00:47:17.3887566+03:30" endTime="2026-09-18T00:47:17.3887570+03:30" testType="13cdc9d9-ddb5-4fa4-a97d-d965ccfc6d4b" outcome="Passed" testListId="8c84fa94-04c1-424b-9868-57a2d4851a1d" relativeResultsDirectory="751ad856-31e7-4fb3-baf4-5bc8934dc2cf" />
    <UnitTestResult executionId="98b38762-61f9-4565-aada-9f2613b4875d" testId="2de9314a-8748-9dbb-dac6-b6c5f58136e4" testName="AeroTech.Ordering.Persistence.Tests.Inbox.InboxConsumeFilterOutcomeTests.Concurrent_marker_with_a_different_payload_is_a_conflict" computerName="AL-FARHADI-L" duration="00:00:00.1178179" startTime="2026-09-18T00:46:54.2824659+03:30" endTime="2026-09-18T00:46:54.2824664+03:30" testType="13cdc9d9-ddb5-4fa4-a97d-d965ccfc6d4b" outcome="Passed" testListId="8c84fa94-04c1-424b-9868-57a2d4851a1d" relativeResultsDirectory="98b38762-61f9-4565-aada-9f2613b4875d" />
    <UnitTestResult executionId="603f1a99-52b6-412f-a096-aa08a31e1b99" testId="776e1f55-733b-98e7-d8b1-68edb51fdedf" testName="AeroTech.Ordering.Persistence.Tests.Architecture.S1RailTests.Each_s1_command_and_query_has_exactly_one_canonical_handler(request: typeof(AeroTech.Ordering.Query.OrderAggregate.Queries.GetOrder.GetOrderQuery))" computerName="AL-FARHADI-L" duration="00:00:00.0001862" startTime="2026-09-18T00:46:02.0179205+03:30" endTime="2026-09-18T00:46:02.0179206+03:30" testType="13cdc9d9-ddb5-4fa4-a97d-d965ccfc6d4b" outcome="Passed" testListId="8c84fa94-04c1-424b-9868-57a2d4851a1d" relativeResultsDirectory="603f1a99-52b6-412f-a096-aa08a31e1b99" />
    <UnitTestResult executionId="3b3f55d3-6db0-4b06-abf7-5f4944e5d3e6" testId="735d67df-e405-f3a6-199e-08ed5cde61e1" testName="AeroTech.Ordering.Persistence.Tests.Architecture.S1RailTests.Each_s1_command_and_query_has_exactly_one_canonical_handler(request: typeof(AeroTech.Ordering.Application.OrderAggregate.Commands.CreateOrderFromOffer.CreateOrderFromOfferCommand))" computerName="AL-FARHADI-L" duration="00:00:00.0001975" startTime="2026-09-18T00:46:02.0179733+03:30" endTime="2026-09-18T00:46:02.0179733+03:30" testType="13cdc9d9-ddb5-4fa4-a97d-d965ccfc6d4b" outcome="Passed" testListId="8c84fa94-04c1-424b-9868-57a2d4851a1d" relativeResultsDirectory="3b3f55d3-6db0-4b06-abf7-5f4944e5d3e6" />
    <UnitTestResult executionId="035b69bc-2ee3-40a5-a2f7-64f8d8136044" testId="cd14cdcd-5b11-36de-b70a-1983b78ca60b" testName="AeroTech.Ordering.Persistence.Tests.Outbox.OutboxDispatcherTests.Two_publishers_never_hold_the_same_row" computerName="AL-FARHADI-L" duration="00:00:00.4203612" startTime="2026-09-18T00:46:53.2320662+03:30" endTime="2026-09-18T00:46:53.2320666+03:30" testType="13cdc9d9-ddb5-4fa4-a97d-d965ccfc6d4b" outcome="Passed" testListId="8c84fa94-04c1-424b-9868-57a2d4851a1d" relativeResultsDirectory="035b69bc-2ee3-40a5-a2f7-64f8d8136044" />
    <UnitTestResult executionId="c4315f49-7228-43a2-a0ce-443e815a539f" testId="3673392a-8026-31a4-8305-aac091a1ac90" testName="AeroTech.Ordering.Persistence.Tests.S1.PrepareCreateGetTests.SC_S1_003_replay_after_owner_outage_resolves_from_the_durable_receipt_without_owner_access" computerName="AL-FARHADI-L" duration="00:00:00.6689003" startTime="2026-09-18T00:46:52.1762600+03:30" endTime="2026-09-18T00:46:52.1762602+03:30" testType="13cdc9d9-ddb5-4fa4-a97d-d965ccfc6d4b" outcome="Passed" testListId="8c84fa94-04c1-424b-9868-57a2d4851a1d" relativeResultsDirectory="c4315f49-7228-43a2-a0ce-443e815a539f" />
    <UnitTestResult executionId="830c52f4-e5a9-4a9b-bfd0-18d772411f26" testId="7269aeef-1bda-575b-0565-c61062cd7523" testName="AeroTech.Ordering.Persistence.Tests.S1.AirOfferLiveCandidateBridgeTests.Observed_wire_violations_fail_mapping_instead_of_guessing(defect: &quot;infant&quot;)" computerName="AL-FARHADI-L" duration="00:00:00.0840933" startTime="2026-09-18T00:46:28.4462269+03:30" endTime="2026-09-18T00:46:28.4462275+03:30" testType="13cdc9d9-ddb5-4fa4-a97d-d965ccfc6d4b" outcome="Passed" testListId="8c84fa94-04c1-424b-9868-57a2d4851a1d" relativeResultsDirectory="830c52f4-e5a9-4a9b-bfd0-18d772411f26" />
    <UnitTestResult executionId="5c951d01-5391-4304-97ef-ebe9766aefb2" testId="d8622e85-2a35-8484-865b-c273fb195925" testName="AeroTech.Ordering.Persistence.Tests.S1.AirOfferLiveCandidateBridgeTests.SC_S1_018_live_candidate_keeps_not_supplied_validity_and_is_blocked_for_real_effects" computerName="AL-FARHADI-L" duration="00:00:15.3662176" startTime="2026-09-18T00:46:28.2033214+03:30" endTime="2026-09-18T00:46:28.2033218+03:30" testType="13cdc9d9-ddb5-4fa4-a97d-d965ccfc6d4b" outcome="Passed" testListId="8c84fa94-04c1-424b-9868-57a2d4851a1d" relativeResultsDirectory="5c951d01-5391-4304-97ef-ebe9766aefb2" />
    <UnitTestResult executionId="ff41985e-b338-4967-8bf3-90e4cfce44b4" testId="1720d25f-b7f6-02dc-980d-45ff9b0c34e4" testName="AeroTech.Ordering.Persistence.Tests.Inbox.InboxConsumeFilterOutcomeTests.Message_without_transport_identity_is_rejected_before_the_consumer_runs" computerName="AL-FARHADI-L" duration="00:00:00.0192256" startTime="2026-09-18T00:46:54.5231243+03:30" endTime="2026-09-18T00:46:54.5231247+03:30" testType="13cdc9d9-ddb5-4fa4-a97d-d965ccfc6d4b" outcome="Passed" testListId="8c84fa94-04c1-424b-9868-57a2d4851a1d" relativeResultsDirectory="ff41985e-b338-4967-8bf3-90e4cfce44b4" />
    <UnitTestResult executionId="a1945ea7-8d07-47e9-b55b-f1216bf20285" testId="9fea2313-7002-4e75-bd94-92b9d271d47a" testName="AeroTech.Ordering.Persistence.Tests.Inbox.InboxConsumeFilterOutcomeTests.Message_without_envelope_source_identity_is_rejected_before_the_consumer_runs(sourceSystem: &quot;&quot;, eventId: &quot;event-1&quot;)" computerName="AL-FARHADI-L" duration="00:00:00.0366478" startTime="2026-09-18T00:46:54.1560659+03:30" endTime="2026-09-18T00:46:54.1560664+03:30" testType="13cdc9d9-ddb5-4fa4-a97d-d965ccfc6d4b" outcome="Passed" testListId="8c84fa94-04c1-424b-9868-57a2d4851a1d" relativeResultsDirectory="a1945ea7-8d07-47e9-b55b-f1216bf20285" />
    <UnitTestResult executionId="349a409c-93d5-43c4-ae7a-8d7fd0f18e82" testId="6348dadc-bd43-cc13-57ac-1e54fcb496b3" testName="AeroTech.Ordering.Persistence.Tests.S1.AtomicityAndRebuildTests.SC_S1_020_restart_owner_offline_projection_rebuild_reproduces_the_same_view" computerName="AL-FARHADI-L" duration="00:00:01.3582635" startTime="2026-09-18T00:46:35.4195287+03:30" endTime="2026-09-18T00:46:35.4195312+03:30" testType="13cdc9d9-ddb5-4fa4-a97d-d965ccfc6d4b" outcome="Passed" testListId="8c84fa94-04c1-424b-9868-57a2d4851a1d" relativeResultsDirectory="349a409c-93d5-43c4-ae7a-8d7fd0f18e82" />
    <UnitTestResult executionId="4e24c291-54bd-4017-9727-cbdb65a0638c" testId="a9a1e732-a3a9-917a-46f6-5c35e692478f" testName="AeroTech.Ordering.Persistence.Tests.Architecture.LayerReferenceTests.Domain_references_no_infrastructure_assembly" computerName="AL-FARHADI-L" duration="00:00:00.0004142" startTime="2026-09-18T00:46:01.9113095+03:30" endTime="2026-09-18T00:46:01.9113097+03:30" testType="13cdc9d9-ddb5-4fa4-a97d-d965ccfc6d4b" outcome="Passed" testListId="8c84fa94-04c1-424b-9868-57a2d4851a1d" relativeResultsDirectory="4e24c291-54bd-4017-9727-cbdb65a0638c" />
    <UnitTestResult executionId="15d8a944-1f07-43de-a752-39c36ab44d20" testId="65a3e165-af9d-f9a8-6e16-b9712f788477" testName="AeroTech.Ordering.Persistence.Tests.Inbox.InboxConsumeFilterOutcomeTests.Same_event_id_from_another_source_system_is_a_different_fact" computerName="AL-FARHADI-L" duration="00:00:00.0247416" startTime="2026-09-18T00:46:54.5017750+03:30" endTime="2026-09-18T00:46:54.5017754+03:30" testType="13cdc9d9-ddb5-4fa4-a97d-d965ccfc6d4b" outcome="Passed" testListId="8c84fa94-04c1-424b-9868-57a2d4851a1d" relativeResultsDirectory="15d8a944-1f07-43de-a752-39c36ab44d20" />
    <UnitTestResult executionId="ae8cddb2-3cb0-4b63-a405-20a68cb3d401" testId="dfde8ef7-96a0-c53f-ce54-d5d8c077a8aa" testName="AeroTech.Ordering.Persistence.Tests.Precision.ModelPrecisionTests.Query_model_has_explicit_precision_on_every_owned_decimal" computerName="AL-FARHADI-L" duration="00:00:00.0048475" startTime="2026-09-18T00:46:52.5348570+03:30" endTime="2026-09-18T00:46:52.5348575+03:30" testType="13cdc9d9-ddb5-4fa4-a97d-d965ccfc6d4b" outcome="Passed" testListId="8c84fa94-04c1-424b-9868-57a2d4851a1d" relativeResultsDirectory="ae8cddb2-3cb0-4b63-a405-20a68cb3d401" />
    <UnitTestResult executionId="4591fa30-7281-417b-bd90-0fb4d8f1da27" testId="a646ace9-1e43-5e80-8126-972a679f91e5" testName="AeroTech.Ordering.Persistence.Tests.S1.AirOfferLiveCandidateBridgeTests.SC_S1_015_hierarchy_total_mismatch_is_contract_mismatch_and_persists_nothing" computerName="AL-FARHADI-L" duration="00:00:00.1055494" startTime="2026-09-18T00:46:28.9084753+03:30" endTime="2026-09-18T00:46:28.9084757+03:30" testType="13cdc9d9-ddb5-4fa4-a97d-d965ccfc6d4b" outcome="Passed" testListId="8c84fa94-04c1-424b-9868-57a2d4851a1d" relativeResultsDirectory="4591fa30-7281-417b-bd90-0fb4d8f1da27" />
    <UnitTestResult executionId="5ab9f54c-72a6-480d-addf-472b7306b964" testId="0b7c5834-5a41-2a24-5d64-e1601888d293" testName="AeroTech.Ordering.Persistence.Tests.Outbox.OutboxDispatcherTests.Same_event_identity_cannot_be_written_twice" computerName="AL-FARHADI-L" duration="00:00:00.0488093" startTime="2026-09-18T00:46:53.9823750+03:30" endTime="2026-09-18T00:46:53.9823755+03:30" testType="13cdc9d9-ddb5-4fa4-a97d-d965ccfc6d4b" outcome="Passed" testListId="8c84fa94-04c1-424b-9868-57a2d4851a1d" relativeResultsDirectory="5ab9f54c-72a6-480d-addf-472b7306b964" />
    <UnitTestResult executionId="745f8085-e7fc-4154-b2e7-aa8fa82be297" testId="7a645235-e288-4cc9-6c82-28ac94ecf7c0" testName="AeroTech.Ordering.Persistence.Tests.Composition.HostCompositionTests.Host_composes_with_deterministic_adapters_only_when_the_existing_flag_is_true" computerName="AL-FARHADI-L" duration="00:00:01.0362350" startTime="2026-09-18T00:47:18.7352580+03:30" endTime="2026-09-18T00:47:18.7352585+03:30" testType="13cdc9d9-ddb5-4fa4-a97d-d965ccfc6d4b" outcome="Passed" testListId="8c84fa94-04c1-424b-9868-57a2d4851a1d" relativeResultsDirectory="745f8085-e7fc-4154-b2e7-aa8fa82be297" />
    <UnitTestResult executionId="9eaeaa40-15f7-4944-8d2b-9f087f4d335b" testId="a4e2be12-41fb-cf32-f3a5-1ca9c0c10cfa" testName="AeroTech.Ordering.Persistence.Tests.Deterministic.DeterministicEffectStoreTests.Same_key_and_hash_replays_and_a_different_hash_conflicts" computerName="AL-FARHADI-L" duration="00:00:00.0564283" startTime="2026-09-18T00:47:17.6984194+03:30" endTime="2026-09-18T00:47:17.6984198+03:30" testType="13cdc9d9-ddb5-4fa4-a97d-d965ccfc6d4b" outcome="Passed" testListId="8c84fa94-04c1-424b-9868-57a2d4851a1d" relativeResultsDirectory="9eaeaa40-15f7-4944-8d2b-9f087f4d335b" />
    <UnitTestResult executionId="78bc87cd-f73e-484a-a936-63d61df4e74e" testId="bbefc021-64e2-dcda-d02c-83f35da493b1" testName="AeroTech.Ordering.Persistence.Tests.S1.PrepareCreateGetTests.SC_S1_002_reference_create_commits_one_item_one_service_total_120_and_no_fulfillment_effects" computerName="AL-FARHADI-L" duration="00:00:02.0224382" startTime="2026-09-18T00:46:51.5045095+03:30" endTime="2026-09-18T00:46:51.5045101+03:30" testType="13cdc9d9-ddb5-4fa4-a97d-d965ccfc6d4b" outcome="Passed" testListId="8c84fa94-04c1-424b-9868-57a2d4851a1d" relativeResultsDirectory="78bc87cd-f73e-484a-a936-63d61df4e74e" />
    <UnitTestResult executionId="9536e7c5-cfe6-4885-b103-7a0e94682cd1" testId="ef9cc8ee-d321-d954-5664-aa06c8f31e51" testName="AeroTech.Ordering.Persistence.Tests.Architecture.DomainMessagesAllowlistTests.Metadata_reader_sees_the_caller_context_Messages_references" computerName="AL-FARHADI-L" duration="00:00:00.0072591" startTime="2026-09-18T00:46:02.0176094+03:30" endTime="2026-09-18T00:46:02.0176095+03:30" testType="13cdc9d9-ddb5-4fa4-a97d-d965ccfc6d4b" outcome="Passed" testListId="8c84fa94-04c1-424b-9868-57a2d4851a1d" relativeResultsDirectory="9536e7c5-cfe6-4885-b103-7a0e94682cd1" />
    <UnitTestResult executionId="9a67e507-8e66-4e9c-b588-f91388d9b396" testId="f98d45b9-cd1e-2279-1c15-885d0f9768b5" testName="AeroTech.Ordering.Persistence.Tests.Outbox.OutboxDispatcherTests.Expired_lease_holder_cannot_complete_a_row_claimed_by_another_publisher" computerName="AL-FARHADI-L" duration="00:00:00.2711881" startTime="2026-09-18T00:46:52.8105513+03:30" endTime="2026-09-18T00:46:52.8105516+03:30" testType="13cdc9d9-ddb5-4fa4-a97d-d965ccfc6d4b" outcome="Passed" testListId="8c84fa94-04c1-424b-9868-57a2d4851a1d" relativeResultsDirectory="9a67e507-8e66-4e9c-b588-f91388d9b396" />
    <UnitTestResult executionId="8acdb70e-edc3-404d-abf3-9abd6d832650" testId="ac0cffaf-9f34-581b-25e3-220747e6735d" testName="AeroTech.Ordering.Persistence.Tests.Inbox.InboxConsumeFilterTests.Classifier_accepts_only_the_inbox_key_violation" computerName="AL-FARHADI-L" duration="00:00:00.0594580" startTime="2026-09-18T00:46:57.1048650+03:30" endTime="2026-09-18T00:46:57.1048656+03:30" testType="13cdc9d9-ddb5-4fa4-a97d-d965ccfc6d4b" outcome="Passed" testListId="8c84fa94-04c1-424b-9868-57a2d4851a1d" relativeResultsDirectory="8acdb70e-edc3-404d-abf3-9abd6d832650" />
    <UnitTestResult executionId="269956d3-47fe-4282-9ff1-9548bc98b866" testId="b3a4dcb7-1d70-0086-e23e-0a08e9687968" testName="AeroTech.Ordering.Persistence.Tests.Composition.HostCompositionTests.Missing_identity_authority_fails_startup" computerName="AL-FARHADI-L" duration="00:00:00.0251322" startTime="2026-09-18T00:47:18.9389790+03:30" endTime="2026-09-18T00:47:18.9389793+03:30" testType="13cdc9d9-ddb5-4fa4-a97d-d965ccfc6d4b" outcome="Passed" testListId="8c84fa94-04c1-424b-9868-57a2d4851a1d" relativeResultsDirectory="269956d3-47fe-4282-9ff1-9548bc98b866" />
    <UnitTestResult executionId="04454247-9661-4b4c-91ee-ae59c19f4a95" testId="576970ba-53c8-5312-d355-ec628534023d" testName="AeroTech.Ordering.Persistence.Tests.Composition.HostCompositionTests.Missing_broker_configuration_fails_startup" computerName="AL-FARHADI-L" duration="00:00:00.0223588" startTime="2026-09-18T00:47:18.7906564+03:30" endTime="2026-09-18T00:47:18.7906567+03:30" testType="13cdc9d9-ddb5-4fa4-a97d-d965ccfc6d4b" outcome="Passed" testListId="8c84fa94-04c1-424b-9868-57a2d4851a1d" relativeResultsDirectory="04454247-9661-4b4c-91ee-ae59c19f4a95" />
    <UnitTestResult executionId="f0c84cdd-a2de-4a26-aa5a-7e90c8e257ed" testId="f0f0a520-2a4e-ef03-2368-1307e8fc2533" testName="AeroTech.Ordering.Persistence.Tests.S1.MigrationUpgradeTests.S1_migration_upgrades_a_b0_database_without_losing_outbox_or_inbox_rows" computerName="AL-FARHADI-L" duration="00:00:13.1855757" startTime="2026-09-18T00:46:15.0617276+03:30" endTime="2026-09-18T00:46:15.0617280+03:30" testType="13cdc9d9-ddb5-4fa4-a97d-d965ccfc6d4b" outcome="Passed" testListId="8c84fa94-04c1-424b-9868-57a2d4851a1d" relativeResultsDirectory="f0c84cdd-a2de-4a26-aa5a-7e90c8e257ed" />
    <UnitTestResult executionId="b3f9a751-c1f5-4690-b1d5-70a6d12bbcb5" testId="e86b4687-f3d0-ead7-2c23-cecacb3f3bf0" testName="AeroTech.Ordering.Persistence.Tests.Architecture.S1RailTests.Offer_providers_do_not_reference_ordering_persistence" computerName="AL-FARHADI-L" duration="00:00:00.0029851" startTime="2026-09-18T00:46:02.0245358+03:30" endTime="2026-09-18T00:46:02.0245359+03:30" testType="13cdc9d9-ddb5-4fa4-a97d-d965ccfc6d4b" outcome="Passed" testListId="8c84fa94-04c1-424b-9868-57a2d4851a1d" relativeResultsDirectory="b3f9a751-c1f5-4690-b1d5-70a6d12bbcb5" />
    <UnitTestResult executionId="79f6d45f-ec56-4815-ad97-5c5f7d3e1115" testId="cbe147b6-9a6b-ccbb-afe4-ffb90003e81e" testName="AeroTech.Ordering.Persistence.Tests.S1.AirOfferLiveCandidateBridgeTests.SC_S1_010_observed_details_projection_becomes_one_conservative_package_with_opaque_construction" computerName="AL-FARHADI-L" duration="00:00:00.1499437" startTime="2026-09-18T00:46:28.3567721+03:30" endTime="2026-09-18T00:46:28.3567725+03:30" testType="13cdc9d9-ddb5-4fa4-a97d-d965ccfc6d4b" outcome="Passed" testListId="8c84fa94-04c1-424b-9868-57a2d4851a1d" relativeResultsDirectory="79f6d45f-ec56-4815-ad97-5c5f7d3e1115" />
    <UnitTestResult executionId="2fbea4bb-b8d6-4fe4-8584-c54c2fe3c89b" testId="b2d52d08-a120-6768-3828-cf536b457461" testName="AeroTech.Ordering.Persistence.Tests.S1.PrepareCreateGetTests.SC_S1_001_owner_reprice_after_preparation_does_not_change_the_created_order_and_create_calls_no_owner" computerName="AL-FARHADI-L" duration="00:00:02.2200204" startTime="2026-09-18T00:46:40.8104281+03:30" endTime="2026-09-18T00:46:40.8104292+03:30" testType="13cdc9d9-ddb5-4fa4-a97d-d965ccfc6d4b" outcome="Passed" testListId="8c84fa94-04c1-424b-9868-57a2d4851a1d" relativeResultsDirectory="2fbea4bb-b8d6-4fe4-8584-c54c2fe3c89b" />
    <UnitTestResult executionId="24fda46f-6487-4ba0-af09-c628b540878d" testId="84a4f13a-4e16-4c3e-b243-a46a37937ffe" testName="AeroTech.Ordering.Persistence.Tests.Architecture.S1RailTests.Each_s1_command_and_query_has_exactly_one_canonical_handler(request: typeof(AeroTech.Ordering.Application.OrderAggregate.Commands.RebuildOrderProjection.RebuildOrderProjectionCommand))" computerName="AL-FARHADI-L" duration="00:00:00.0006934" startTime="2026-09-18T00:46:02.0178186+03:30" endTime="2026-09-18T00:46:02.0178187+03:30" testType="13cdc9d9-ddb5-4fa4-a97d-d965ccfc6d4b" outcome="Passed" testListId="8c84fa94-04c1-424b-9868-57a2d4851a1d" relativeResultsDirectory="24fda46f-6487-4ba0-af09-c628b540878d" />
    <UnitTestResult executionId="85a49ac5-b1e9-4ab9-aeaf-05a2fd631c49" testId="8f17ae6f-6c7f-4eb9-2087-1f8f58bedc63" testName="AeroTech.Ordering.Persistence.Tests.Deterministic.DeterministicEffectStoreTests.Owner_database_is_not_the_ordering_database" computerName="AL-FARHADI-L" duration="00:00:00.0008468" startTime="2026-09-18T00:47:17.3906244+03:30" endTime="2026-09-18T00:47:17.3906251+03:30" testType="13cdc9d9-ddb5-4fa4-a97d-d965ccfc6d4b" outcome="Passed" testListId="8c84fa94-04c1-424b-9868-57a2d4851a1d" relativeResultsDirectory="85a49ac5-b1e9-4ab9-aeaf-05a2fd631c49" />
    <UnitTestResult executionId="e2fcd139-6156-475c-b0e4-37fc1170fb49" testId="45becd9f-b8ec-77ad-73ce-9293361da902" testName="AeroTech.Ordering.Persistence.Tests.ReferenceData.HomeOperatorFromCoreTests.Owner_airline_comes_from_core_operator_settings_after_sync" computerName="AL-FARHADI-L" duration="00:00:00.2043645" startTime="2026-09-18T00:46:52.3823578+03:30" endTime="2026-09-18T00:46:52.3823580+03:30" testType="13cdc9d9-ddb5-4fa4-a97d-d965ccfc6d4b" outcome="Passed" testListId="8c84fa94-04c1-424b-9868-57a2d4851a1d" relativeResultsDirectory="e2fcd139-6156-475c-b0e4-37fc1170fb49" />
    <UnitTestResult executionId="65c25944-3143-43fa-a00e-310c27187f94" testId="418836b7-e3ff-4101-2973-a26554770e1c" testName="AeroTech.Ordering.Persistence.Tests.S1.PrepareCreateGetTests.SC_S1_005_concurrent_creates_with_different_keys_commit_exactly_one_order" computerName="AL-FARHADI-L" duration="00:00:01.0218872" startTime="2026-09-18T00:46:36.6015865+03:30" endTime="2026-09-18T00:46:36.6015869+03:30" testType="13cdc9d9-ddb5-4fa4-a97d-d965ccfc6d4b" outcome="Passed" testListId="8c84fa94-04c1-424b-9868-57a2d4851a1d" relativeResultsDirectory="65c25944-3143-43fa-a00e-310c27187f94" />
    <UnitTestResult executionId="1972c4fd-61d8-4e66-bc2c-ca5ef5c30f24" testId="6bc07e25-3029-9b09-44d4-e21139ba89f8" testName="AeroTech.Ordering.Persistence.Tests.Inbox.InboxConsumeFilterTests.Business_crash_commits_neither_marker_nor_work_and_redelivery_commits_both_once" computerName="AL-FARHADI-L" duration="00:00:02.5192220" startTime="2026-09-18T00:46:57.0441115+03:30" endTime="2026-09-18T00:46:57.0441119+03:30" testType="13cdc9d9-ddb5-4fa4-a97d-d965ccfc6d4b" outcome="Passed" testListId="8c84fa94-04c1-424b-9868-57a2d4851a1d" relativeResultsDirectory="1972c4fd-61d8-4e66-bc2c-ca5ef5c30f24" />
    <UnitTestResult executionId="ffbabf0e-07b9-4495-811a-83c48d7a8c6b" testId="6103cffd-6578-ff3d-6621-f1db5a771581" testName="AeroTech.Ordering.Persistence.Tests.Precision.DecimalPrecisionTests.The_removed_blanket_precision_would_have_truncated_the_values" computerName="AL-FARHADI-L" duration="00:00:00.0046790" startTime="2026-09-18T00:46:52.5292813+03:30" endTime="2026-09-18T00:46:52.5292817+03:30" testType="13cdc9d9-ddb5-4fa4-a97d-d965ccfc6d4b" outcome="Passed" testListId="8c84fa94-04c1-424b-9868-57a2d4851a1d" relativeResultsDirectory="ffbabf0e-07b9-4495-811a-83c48d7a8c6b" />
    <UnitTestResult executionId="cfc035fc-3c9a-42ca-a482-320e7471afe0" testId="6a1aee1a-c70e-893a-46db-5269df4c91a1" testName="AeroTech.Ordering.Persistence.Tests.S1.AtomicityAndRebuildTests.Rebuild_never_overwrites_a_newer_projection_revision" computerName="AL-FARHADI-L" duration="00:00:01.4015520" startTime="2026-09-18T00:46:32.9047735+03:30" endTime="2026-09-18T00:46:32.9047740+03:30" testType="13cdc9d9-ddb5-4fa4-a97d-d965ccfc6d4b" outcome="Passed" testListId="8c84fa94-04c1-424b-9868-57a2d4851a1d" relativeResultsDirectory="cfc035fc-3c9a-42ca-a482-320e7471afe0" />
    <UnitTestResult executionId="d72e5a78-5da9-4611-856a-3045e37b52ee" testId="5e09e745-c4c8-bd56-ffcc-7232381d433f" testName="AeroTech.Ordering.Persistence.Tests.Deterministic.DeterministicEffectStoreTests.Owner_effect_survives_an_ordering_rollback_and_a_restart" computerName="AL-FARHADI-L" duration="00:00:00.2489332" startTime="2026-09-18T00:47:17.6409275+03:30" endTime="2026-09-18T00:47:17.6409278+03:30" testType="13cdc9d9-ddb5-4fa4-a97d-d965ccfc6d4b" outcome="Passed" testListId="8c84fa94-04c1-424b-9868-57a2d4851a1d" relativeResultsDirectory="d72e5a78-5da9-4611-856a-3045e37b52ee" />
    <UnitTestResult executionId="6fb0e8e1-0e32-498e-9b4c-da31054c983d" testId="274ea5a7-4a0f-3491-7740-0dff0ac324e3" testName="AeroTech.Ordering.Persistence.Tests.Architecture.DomainMessagesAllowlistTests.Caller_context_exposes_no_owner_airline_identity" computerName="AL-FARHADI-L" duration="00:00:00.0220920" startTime="2026-09-18T00:46:02.0174973+03:30" endTime="2026-09-18T00:46:02.0174976+03:30" testType="13cdc9d9-ddb5-4fa4-a97d-d965ccfc6d4b" outcome="Passed" testListId="8c84fa94-04c1-424b-9868-57a2d4851a1d" relativeResultsDirectory="6fb0e8e1-0e32-498e-9b4c-da31054c983d" />
    <UnitTestResult executionId="9ad37953-0d13-4465-8332-92092086008d" testId="3fc5e02e-5d80-980c-fce1-499b8a4bda0b" testName="AeroTech.Ordering.Persistence.Tests.S1.PrepareCreateGetTests.SC_S1_008_source_priced_package_persists_one_item_with_four_services" computerName="AL-FARHADI-L" duration="00:00:00.8381445" startTime="2026-09-18T00:46:37.4406682+03:30" endTime="2026-09-18T00:46:37.4406686+03:30" testType="13cdc9d9-ddb5-4fa4-a97d-d965ccfc6d4b" outcome="Passed" testListId="8c84fa94-04c1-424b-9868-57a2d4851a1d" relativeResultsDirectory="9ad37953-0d13-4465-8332-92092086008d" />
    <UnitTestResult executionId="a815be7e-b29d-4e7d-bd8c-c707f15f9861" testId="56132a96-8449-647f-15b3-bedda42fb965" testName="AeroTech.Ordering.Persistence.Tests.Architecture.S1RailTests.Exactly_one_order_projector_implements_the_query_synchronizer" computerName="AL-FARHADI-L" duration="00:00:00.0014160" startTime="2026-09-18T00:46:02.0244245+03:30" endTime="2026-09-18T00:46:02.0244246+03:30" testType="13cdc9d9-ddb5-4fa4-a97d-d965ccfc6d4b" outcome="Passed" testListId="8c84fa94-04c1-424b-9868-57a2d4851a1d" relativeResultsDirectory="a815be7e-b29d-4e7d-bd8c-c707f15f9861" />
    <UnitTestResult executionId="b2a587b6-8e12-4863-8b1c-ebeb25880e55" testId="e906e709-8adb-693f-d4e7-b087f99fdba8" testName="AeroTech.Ordering.Persistence.Tests.Outbox.OutboxDispatcherTests.Outbox_fact_is_committed_or_rolled_back_with_the_local_transaction" computerName="AL-FARHADI-L" duration="00:00:00.0521389" startTime="2026-09-18T00:46:54.0356770+03:30" endTime="2026-09-18T00:46:54.0356772+03:30" testType="13cdc9d9-ddb5-4fa4-a97d-d965ccfc6d4b" outcome="Passed" testListId="8c84fa94-04c1-424b-9868-57a2d4851a1d" relativeResultsDirectory="b2a587b6-8e12-4863-8b1c-ebeb25880e55" />
    <UnitTestResult executionId="58eeb8de-97a6-4d47-a0f6-f7238c7d88d8" testId="90a4322e-ca04-9578-e046-d7476ddec83d" testName="AeroTech.Ordering.Persistence.Tests.Architecture.DomainMessagesAllowlistTests.Domain_uses_only_allowlisted_Messages_types" computerName="AL-FARHADI-L" duration="00:00:00.0203286" startTime="2026-09-18T00:46:01.9065199+03:30" endTime="2026-09-18T00:46:01.9065201+03:30" testType="13cdc9d9-ddb5-4fa4-a97d-d965ccfc6d4b" outcome="Passed" testListId="8c84fa94-04c1-424b-9868-57a2d4851a1d" relativeResultsDirectory="58eeb8de-97a6-4d47-a0f6-f7238c7d88d8" />
    <UnitTestResult executionId="fe3cbb5e-367a-48e8-9b51-ccf69241dba1" testId="3055b541-fbb8-a21e-1eb2-2cedfd5a4472" testName="AeroTech.Ordering.Persistence.Tests.Architecture.S1RailTests.Each_s1_command_and_query_has_exactly_one_canonical_handler(request: typeof(AeroTech.Ordering.Application.OrderPreparationAggregate.Commands.PrepareOrderFromOffer.PrepareOrderFromOfferCommand))" computerName="AL-FARHADI-L" duration="00:00:00.0621475" startTime="2026-09-18T00:46:02.0177446+03:30" endTime="2026-09-18T00:46:02.0177446+03:30" testType="13cdc9d9-ddb5-4fa4-a97d-d965ccfc6d4b" outcome="Passed" testListId="8c84fa94-04c1-424b-9868-57a2d4851a1d" relativeResultsDirectory="fe3cbb5e-367a-48e8-9b51-ccf69241dba1" />
    <UnitTestResult executionId="5e0d2e93-a067-4e9c-a3ba-932f5205f2e1" testId="1bf25083-1907-15d8-72a1-9719d6a773fe" testName="AeroTech.Ordering.Persistence.Tests.Precision.DecimalPrecisionTests.Amount_rate_and_quantity_round_trip_unchanged_on_sql_server" computerName="AL-FARHADI-L" duration="00:00:00.1404292" startTime="2026-09-18T00:46:52.5243194+03:30" endTime="2026-09-18T00:46:52.5243208+03:30" testType="13cdc9d9-ddb5-4fa4-a97d-d965ccfc6d4b" outcome="Passed" testListId="8c84fa94-04c1-424b-9868-57a2d4851a1d" relativeResultsDirectory="5e0d2e93-a067-4e9c-a3ba-932f5205f2e1" />
    <UnitTestResult executionId="7471fc84-67ec-4a82-950c-2f3fb489cbb9" testId="7013998d-b542-f763-6ff4-3e6c629ebffb" testName="AeroTech.Ordering.Persistence.Tests.Composition.SingleRegistrationGuardTests.Two_unit_of_work_registrations_fail_with_the_named_duplicate" computerName="AL-FARHADI-L" duration="00:00:00.0237773" startTime="2026-09-18T00:46:01.9078510+03:30" endTime="2026-09-18T00:46:01.9078512+03:30" testType="13cdc9d9-ddb5-4fa4-a97d-d965ccfc6d4b" outcome="Passed" testListId="8c84fa94-04c1-424b-9868-57a2d4851a1d" relativeResultsDirectory="7471fc84-67ec-4a82-950c-2f3fb489cbb9" />
    <UnitTestResult executionId="0be58463-1431-4d6c-bc11-afedb28c942b" testId="ab448388-39b8-866f-d2b3-4730b8dea2f4" testName="AeroTech.Ordering.Persistence.Tests.Outbox.OutboxDispatcherTests.Lost_acknowledgement_republishes_the_same_identity_and_payload_and_the_receiver_commits_one_fact" computerName="AL-FARHADI-L" duration="00:00:00.6144984" startTime="2026-09-18T00:46:53.8474271+03:30" endTime="2026-09-18T00:46:53.8474278+03:30" testType="13cdc9d9-ddb5-4fa4-a97d-d965ccfc6d4b" outcome="Passed" testListId="8c84fa94-04c1-424b-9868-57a2d4851a1d" relativeResultsDirectory="0be58463-1431-4d6c-bc11-afedb28c942b" />
    <UnitTestResult executionId="eab877b3-c5ba-43b0-a9c7-5a1efd63af35" testId="1863aa0b-a3c8-efec-2092-fb0c0465aa76" testName="AeroTech.Ordering.Persistence.Tests.Precision.ModelPrecisionTests.Command_model_has_no_blanket_string_length" computerName="AL-FARHADI-L" duration="00:00:00.0012130" startTime="2026-09-18T00:46:52.5382998+03:30" endTime="2026-09-18T00:46:52.5383000+03:30" testType="13cdc9d9-ddb5-4fa4-a97d-d965ccfc6d4b" outcome="Passed" testListId="8c84fa94-04c1-424b-9868-57a2d4851a1d" relativeResultsDirectory="eab877b3-c5ba-43b0-a9c7-5a1efd63af35" />
    <UnitTestResult executionId="9f4363d0-ac74-4305-beee-75a27df7d139" testId="a9f2a111-d7ff-502e-d0c1-12bb779b9a03" testName="AeroTech.Ordering.Persistence.Tests.S1.PrepareCreateGetTests.SC_S1_016_invalid_traveler_binding_is_rejected_before_any_order" computerName="AL-FARHADI-L" duration="00:00:00.5336855" startTime="2026-09-18T00:46:37.9979139+03:30" endTime="2026-09-18T00:46:37.9979142+03:30" testType="13cdc9d9-ddb5-4fa4-a97d-d965ccfc6d4b" outcome="Passed" testListId="8c84fa94-04c1-424b-9868-57a2d4851a1d" relativeResultsDirectory="9f4363d0-ac74-4305-beee-75a27df7d139" />
    <UnitTestResult executionId="694900f3-a6e6-4593-8dcd-10c9ef5bdfa2" testId="6b973b55-abab-6b75-d3a3-2be5c4a51a38" testName="AeroTech.Ordering.Persistence.Tests.S1.AtomicityAndRebuildTests.Get_order_reports_lag_instead_of_stale_success_for_a_future_revision" computerName="AL-FARHADI-L" duration="00:00:02.5191485" startTime="2026-09-18T00:46:31.5020745+03:30" endTime="2026-09-18T00:46:31.5020749+03:30" testType="13cdc9d9-ddb5-4fa4-a97d-d965ccfc6d4b" outcome="Passed" testListId="8c84fa94-04c1-424b-9868-57a2d4851a1d" relativeResultsDirectory="694900f3-a6e6-4593-8dcd-10c9ef5bdfa2" />
    <UnitTestResult executionId="bf6015a3-29f9-4904-aec4-7022fde033d5" testId="ce723d3e-572b-c008-9514-11f2d1e62fec" testName="AeroTech.Ordering.Persistence.Tests.Composition.HostCompositionTests.Host_composes_with_real_bindings_and_one_unit_of_work" computerName="AL-FARHADI-L" duration="00:00:00.0484476" startTime="2026-09-18T00:47:18.9876300+03:30" endTime="2026-09-18T00:47:18.9876305+03:30" testType="13cdc9d9-ddb5-4fa4-a97d-d965ccfc6d4b" outcome="Passed" testListId="8c84fa94-04c1-424b-9868-57a2d4851a1d" relativeResultsDirectory="bf6015a3-29f9-4904-aec4-7022fde033d5" />
    <UnitTestResult executionId="86fef9a4-b1cc-4fa7-8d81-69653cc02eac" testId="c2c47739-ecc1-5d9d-3a31-3371d0f4759a" testName="AeroTech.Ordering.Persistence.Tests.Inbox.InboxConsumeFilterOutcomeTests.Concurrent_duplicate_marker_is_discarded_without_committing_the_losing_work" computerName="AL-FARHADI-L" duration="00:00:00.0309200" startTime="2026-09-18T00:46:54.3489917+03:30" endTime="2026-09-18T00:46:54.3489922+03:30" testType="13cdc9d9-ddb5-4fa4-a97d-d965ccfc6d4b" outcome="Passed" testListId="8c84fa94-04c1-424b-9868-57a2d4851a1d" relativeResultsDirectory="86fef9a4-b1cc-4fa7-8d81-69653cc02eac" />
    <UnitTestResult executionId="bb1bd30a-d460-4f01-b195-2d44091c16a5" testId="e37a5918-7d29-f75c-45f8-bafc3a7410d8" testName="AeroTech.Ordering.Persistence.Tests.S1.AirOfferLiveCandidateBridgeTests.Owner_server_error_is_unavailable_and_client_error_is_not_found" computerName="AL-FARHADI-L" duration="00:00:00.1193287" startTime="2026-09-18T00:46:28.8019042+03:30" endTime="2026-09-18T00:46:28.8019048+03:30" testType="13cdc9d9-ddb5-4fa4-a97d-d965ccfc6d4b" outcome="Passed" testListId="8c84fa94-04c1-424b-9868-57a2d4851a1d" relativeResultsDirectory="bb1bd30a-d460-4f01-b195-2d44091c16a5" />
    <UnitTestResult executionId="392a5c33-bb75-403a-950d-885848d93329" testId="3e2c93e5-5672-1049-ef93-b9a08b33b1b7" testName="AeroTech.Ordering.Persistence.Tests.S1.AirOfferLiveCandidateBridgeTests.Observed_wire_violations_fail_mapping_instead_of_guessing(defect: &quot;percentage&quot;)" computerName="AL-FARHADI-L" duration="00:00:00.0757976" startTime="2026-09-18T00:46:28.5242060+03:30" endTime="2026-09-18T00:46:28.5242065+03:30" testType="13cdc9d9-ddb5-4fa4-a97d-d965ccfc6d4b" outcome="Passed" testListId="8c84fa94-04c1-424b-9868-57a2d4851a1d" relativeResultsDirectory="392a5c33-bb75-403a-950d-885848d93329" />
    <UnitTestResult executionId="4a46df70-ce5d-4164-9910-ea0fabe663d0" testId="219b6938-6abc-e6d4-7679-8ef4ebd67037" testName="AeroTech.Ordering.Persistence.Tests.Architecture.S1RailTests.Every_query_type_lives_in_the_query_project" computerName="AL-FARHADI-L" duration="00:00:00.0023634" startTime="2026-09-18T00:46:02.0246226+03:30" endTime="2026-09-18T00:46:02.0246227+03:30" testType="13cdc9d9-ddb5-4fa4-a97d-d965ccfc6d4b" outcome="Passed" testListId="8c84fa94-04c1-424b-9868-57a2d4851a1d" relativeResultsDirectory="4a46df70-ce5d-4164-9910-ea0fabe663d0" />
    <UnitTestResult executionId="9ed7e8b1-a16f-4b95-ad57-46be3f46d4db" testId="806fda81-988d-3e5c-72c9-e603874e90e3" testName="AeroTech.Ordering.Persistence.Tests.Precision.ModelPrecisionTests.Command_model_has_explicit_precision_on_every_decimal" computerName="AL-FARHADI-L" duration="00:00:00.0018468" startTime="2026-09-18T00:46:52.5369150+03:30" endTime="2026-09-18T00:46:52.5369152+03:30" testType="13cdc9d9-ddb5-4fa4-a97d-d965ccfc6d4b" outcome="Passed" testListId="8c84fa94-04c1-424b-9868-57a2d4851a1d" relativeResultsDirectory="9ed7e8b1-a16f-4b95-ad57-46be3f46d4db" />
    <UnitTestResult executionId="d7c2b279-41c3-4483-8e86-face1976b130" testId="1dee4953-2706-31bc-2323-53f91e6f858d" testName="AeroTech.Ordering.Persistence.Tests.Inbox.InboxConsumeFilterTests.Concurrent_duplicate_marker_discards_the_losing_delivery_without_committing_its_work" computerName="AL-FARHADI-L" duration="00:00:00.2128797" startTime="2026-09-18T00:46:57.3191877+03:30" endTime="2026-09-18T00:46:57.3191881+03:30" testType="13cdc9d9-ddb5-4fa4-a97d-d965ccfc6d4b" outcome="Passed" testListId="8c84fa94-04c1-424b-9868-57a2d4851a1d" relativeResultsDirectory="d7c2b279-41c3-4483-8e86-face1976b130" />
    <UnitTestResult executionId="ff0eae38-02cd-46a7-b2c0-c768e0fb3448" testId="4652f6b4-d572-cfe3-48df-780cba8d2ecc" testName="AeroTech.Ordering.Persistence.Tests.Inbox.InboxConsumeFilterOutcomeTests.Republished_event_with_a_new_transport_id_does_not_reach_the_consumer_again" computerName="AL-FARHADI-L" duration="00:00:00.0276264" startTime="2026-09-18T00:46:54.4078030+03:30" endTime="2026-09-18T00:46:54.4078033+03:30" testType="13cdc9d9-ddb5-4fa4-a97d-d965ccfc6d4b" outcome="Passed" testListId="8c84fa94-04c1-424b-9868-57a2d4851a1d" relativeResultsDirectory="ff0eae38-02cd-46a7-b2c0-c768e0fb3448" />
    <UnitTestResult executionId="922d79c1-5da3-4ed4-a9cd-3fb6a9f66f95" testId="7fe8c269-9a32-e251-a975-584581a7a652" testName="AeroTech.Ordering.Persistence.Tests.S1.PrepareCreateGetTests.SC_S1_007_technical_stop_is_one_service_with_two_itinerary_legs" computerName="AL-FARHADI-L" duration="00:00:00.5838247" startTime="2026-09-18T00:46:38.5837039+03:30" endTime="2026-09-18T00:46:38.5837045+03:30" testType="13cdc9d9-ddb5-4fa4-a97d-d965ccfc6d4b" outcome="Passed" testListId="8c84fa94-04c1-424b-9868-57a2d4851a1d" relativeResultsDirectory="922d79c1-5da3-4ed4-a9cd-3fb6a9f66f95" />
    <UnitTestResult executionId="a589e1ed-323d-4abe-8b09-7a9a43397ee8" testId="5628be98-33f1-45ff-365b-884f9b0ea074" testName="AeroTech.Ordering.Persistence.Tests.Composition.HostCompositionTests.Deterministic_flag_without_its_own_database_fails_closed" computerName="AL-FARHADI-L" duration="00:00:00.0326506" startTime="2026-09-18T00:47:18.7680884+03:30" endTime="2026-09-18T00:47:18.7680890+03:30" testType="13cdc9d9-ddb5-4fa4-a97d-d965ccfc6d4b" outcome="Passed" testListId="8c84fa94-04c1-424b-9868-57a2d4851a1d" relativeResultsDirectory="a589e1ed-323d-4abe-8b09-7a9a43397ee8" />
    <UnitTestResult executionId="a225363b-b592-4154-8206-5fe13ff9483b" testId="64aeafb9-1e38-9033-4219-79d68ba01a6b" testName="AeroTech.Ordering.Persistence.Tests.Architecture.S1RailTests.Each_s1_command_and_query_has_exactly_one_canonical_handler(request: typeof(AeroTech.Ordering.Query.OperationAggregate.Queries.GetOperation.GetOperationQuery))" computerName="AL-FARHADI-L" duration="00:00:00.0002198" startTime="2026-09-18T00:46:02.0178743+03:30" endTime="2026-09-18T00:46:02.0178744+03:30" testType="13cdc9d9-ddb5-4fa4-a97d-d965ccfc6d4b" outcome="Passed" testListId="8c84fa94-04c1-424b-9868-57a2d4851a1d" relativeResultsDirectory="a225363b-b592-4154-8206-5fe13ff9483b" />
    <UnitTestResult executionId="caf6a4d3-ebdb-4084-ad6c-12d82fe67888" testId="6d36de9c-a8f3-85ed-5068-34aba34b30e1" testName="AeroTech.Ordering.Persistence.Tests.S1.AirOfferLiveCandidateBridgeTests.Observed_wire_violations_fail_mapping_instead_of_guessing(defect: &quot;unknown-category&quot;)" computerName="AL-FARHADI-L" duration="00:00:00.0809112" startTime="2026-09-18T00:46:28.6809486+03:30" endTime="2026-09-18T00:46:28.6809491+03:30" testType="13cdc9d9-ddb5-4fa4-a97d-d965ccfc6d4b" outcome="Passed" testListId="8c84fa94-04c1-424b-9868-57a2d4851a1d" relativeResultsDirectory="caf6a4d3-ebdb-4084-ad6c-12d82fe67888" />
  </Results>
  <TestDefinitions>
    <UnitTest name="AeroTech.Ordering.Persistence.Tests.Inbox.InboxConsumeFilterOutcomeTests.Marker_and_work_commit_in_one_save_under_the_pack_identity" storage="e:\projects\dotair\aerotech.ordering\tests\aerotech.ordering.persistence.tests\bin\debug\net10.0\aerotech.ordering.persistence.tests.dll" id="6c69f1f7-eb5c-aa18-2e4e-5c41dbb84cae">
      <Execution id="1bfad2e5-1ef6-4699-a456-0fcaccb7cc05" />
      <TestMethod codeBase="E:\Projects\DotAir\AeroTech.Ordering\tests\AeroTech.Ordering.Persistence.Tests\bin\Debug\net10.0\AeroTech.Ordering.Persistence.Tests.dll" adapterTypeName="executor://xunit/VsTestRunner2/netcoreapp" className="AeroTech.Ordering.Persistence.Tests.Inbox.InboxConsumeFilterOutcomeTests" name="Marker_and_work_commit_in_one_save_under_the_pack_identity" />
    </UnitTest>
    <UnitTest name="AeroTech.Ordering.Persistence.Tests.Composition.HostCompositionTests.Bearer_validation_follows_the_identity_authority_and_audience" storage="e:\projects\dotair\aerotech.ordering\tests\aerotech.ordering.persistence.tests\bin\debug\net10.0\aerotech.ordering.persistence.tests.dll" id="bc289e95-ec7d-dedc-9ee2-1dd75f065923">
      <Execution id="afad7652-d173-43d8-8578-c596348ab349" />
      <TestMethod codeBase="E:\Projects\DotAir\AeroTech.Ordering\tests\AeroTech.Ordering.Persistence.Tests\bin\Debug\net10.0\AeroTech.Ordering.Persistence.Tests.dll" adapterTypeName="executor://xunit/VsTestRunner2/netcoreapp" className="AeroTech.Ordering.Persistence.Tests.Composition.HostCompositionTests" name="Bearer_validation_follows_the_identity_authority_and_audience" />
    </UnitTest>
    <UnitTest name="AeroTech.Ordering.Persistence.Tests.S1.AirOfferLiveCandidateBridgeTests.Observed_wire_violations_fail_mapping_instead_of_guessing(defect: &quot;unknown-category&quot;)" storage="e:\projects\dotair\aerotech.ordering\tests\aerotech.ordering.persistence.tests\bin\debug\net10.0\aerotech.ordering.persistence.tests.dll" id="6d36de9c-a8f3-85ed-5068-34aba34b30e1">
      <Execution id="caf6a4d3-ebdb-4084-ad6c-12d82fe67888" />
      <TestMethod codeBase="E:\Projects\DotAir\AeroTech.Ordering\tests\AeroTech.Ordering.Persistence.Tests\bin\Debug\net10.0\AeroTech.Ordering.Persistence.Tests.dll" adapterTypeName="executor://xunit/VsTestRunner2/netcoreapp" className="AeroTech.Ordering.Persistence.Tests.S1.AirOfferLiveCandidateBridgeTests" name="Observed_wire_violations_fail_mapping_instead_of_guessing" />
    </UnitTest>
    <UnitTest name="AeroTech.Ordering.Persistence.Tests.Composition.HostCompositionTests.Host_composes_with_real_bindings_and_one_unit_of_work" storage="e:\projects\dotair\aerotech.ordering\tests\aerotech.ordering.persistence.tests\bin\debug\net10.0\aerotech.ordering.persistence.tests.dll" id="ce723d3e-572b-c008-9514-11f2d1e62fec">
      <Execution id="bf6015a3-29f9-4904-aec4-7022fde033d5" />
      <TestMethod codeBase="E:\Projects\DotAir\AeroTech.Ordering\tests\AeroTech.Ordering.Persistence.Tests\bin\Debug\net10.0\AeroTech.Ordering.Persistence.Tests.dll" adapterTypeName="executor://xunit/VsTestRunner2/netcoreapp" className="AeroTech.Ordering.Persistence.Tests.Composition.HostCompositionTests" name="Host_composes_with_real_bindings_and_one_unit_of_work" />
    </UnitTest>
    <UnitTest name="AeroTech.Ordering.Persistence.Tests.Deterministic.DeterministicEffectStoreTests.Same_key_and_hash_replays_and_a_different_hash_conflicts" storage="e:\projects\dotair\aerotech.ordering\tests\aerotech.ordering.persistence.tests\bin\debug\net10.0\aerotech.ordering.persistence.tests.dll" id="a4e2be12-41fb-cf32-f3a5-1ca9c0c10cfa">
      <Execution id="9eaeaa40-15f7-4944-8d2b-9f087f4d335b" />
      <TestMethod codeBase="E:\Projects\DotAir\AeroTech.Ordering\tests\AeroTech.Ordering.Persistence.Tests\bin\Debug\net10.0\AeroTech.Ordering.Persistence.Tests.dll" adapterTypeName="executor://xunit/VsTestRunner2/netcoreapp" className="AeroTech.Ordering.Persistence.Tests.Deterministic.DeterministicEffectStoreTests" name="Same_key_and_hash_replays_and_a_different_hash_conflicts" />
    </UnitTest>
    <UnitTest name="AeroTech.Ordering.Persistence.Tests.Inbox.InboxConsumeFilterTests.Business_crash_commits_neither_marker_nor_work_and_redelivery_commits_both_once" storage="e:\projects\dotair\aerotech.ordering\tests\aerotech.ordering.persistence.tests\bin\debug\net10.0\aerotech.ordering.persistence.tests.dll" id="6bc07e25-3029-9b09-44d4-e21139ba89f8">
      <Execution id="1972c4fd-61d8-4e66-bc2c-ca5ef5c30f24" />
      <TestMethod codeBase="E:\Projects\DotAir\AeroTech.Ordering\tests\AeroTech.Ordering.Persistence.Tests\bin\Debug\net10.0\AeroTech.Ordering.Persistence.Tests.dll" adapterTypeName="executor://xunit/VsTestRunner2/netcoreapp" className="AeroTech.Ordering.Persistence.Tests.Inbox.InboxConsumeFilterTests" name="Business_crash_commits_neither_marker_nor_work_and_redelivery_commits_both_once" />
    </UnitTest>
    <UnitTest name="AeroTech.Ordering.Persistence.Tests.Precision.DecimalPrecisionTests.Amount_rate_and_quantity_round_trip_unchanged_on_sql_server" storage="e:\projects\dotair\aerotech.ordering\tests\aerotech.ordering.persistence.tests\bin\debug\net10.0\aerotech.ordering.persistence.tests.dll" id="1bf25083-1907-15d8-72a1-9719d6a773fe">
      <Execution id="5e0d2e93-a067-4e9c-a3ba-932f5205f2e1" />
      <TestMethod codeBase="E:\Projects\DotAir\AeroTech.Ordering\tests\AeroTech.Ordering.Persistence.Tests\bin\Debug\net10.0\AeroTech.Ordering.Persistence.Tests.dll" adapterTypeName="executor://xunit/VsTestRunner2/netcoreapp" className="AeroTech.Ordering.Persistence.Tests.Precision.DecimalPrecisionTests" name="Amount_rate_and_quantity_round_trip_unchanged_on_sql_server" />
    </UnitTest>
    <UnitTest name="AeroTech.Ordering.Persistence.Tests.S1.PrepareCreateGetTests.SC_S1_007_technical_stop_is_one_service_with_two_itinerary_legs" storage="e:\projects\dotair\aerotech.ordering\tests\aerotech.ordering.persistence.tests\bin\debug\net10.0\aerotech.ordering.persistence.tests.dll" id="7fe8c269-9a32-e251-a975-584581a7a652">
      <Execution id="922d79c1-5da3-4ed4-a9cd-3fb6a9f66f95" />
      <TestMethod codeBase="E:\Projects\DotAir\AeroTech.Ordering\tests\AeroTech.Ordering.Persistence.Tests\bin\Debug\net10.0\AeroTech.Ordering.Persistence.Tests.dll" adapterTypeName="executor://xunit/VsTestRunner2/netcoreapp" className="AeroTech.Ordering.Persistence.Tests.S1.PrepareCreateGetTests" name="SC_S1_007_technical_stop_is_one_service_with_two_itinerary_legs" />
    </UnitTest>
    <UnitTest name="AeroTech.Ordering.Persistence.Tests.S1.AtomicityAndRebuildTests.SC_S1_020_restart_owner_offline_projection_rebuild_reproduces_the_same_view" storage="e:\projects\dotair\aerotech.ordering\tests\aerotech.ordering.persistence.tests\bin\debug\net10.0\aerotech.ordering.persistence.tests.dll" id="6348dadc-bd43-cc13-57ac-1e54fcb496b3">
      <Execution id="349a409c-93d5-43c4-ae7a-8d7fd0f18e82" />
      <TestMethod codeBase="E:\Projects\DotAir\AeroTech.Ordering\tests\AeroTech.Ordering.Persistence.Tests\bin\Debug\net10.0\AeroTech.Ordering.Persistence.Tests.dll" adapterTypeName="executor://xunit/VsTestRunner2/netcoreapp" className="AeroTech.Ordering.Persistence.Tests.S1.AtomicityAndRebuildTests" name="SC_S1_020_restart_owner_offline_projection_rebuild_reproduces_the_same_view" />
    </UnitTest>
    <UnitTest name="AeroTech.Ordering.Persistence.Tests.Inbox.InboxConsumeFilterTests.Concurrent_duplicate_marker_discards_the_losing_delivery_without_committing_its_work" storage="e:\projects\dotair\aerotech.ordering\tests\aerotech.ordering.persistence.tests\bin\debug\net10.0\aerotech.ordering.persistence.tests.dll" id="1dee4953-2706-31bc-2323-53f91e6f858d">
      <Execution id="d7c2b279-41c3-4483-8e86-face1976b130" />
      <TestMethod codeBase="E:\Projects\DotAir\AeroTech.Ordering\tests\AeroTech.Ordering.Persistence.Tests\bin\Debug\net10.0\AeroTech.Ordering.Persistence.Tests.dll" adapterTypeName="executor://xunit/VsTestRunner2/netcoreapp" className="AeroTech.Ordering.Persistence.Tests.Inbox.InboxConsumeFilterTests" name="Concurrent_duplicate_marker_discards_the_losing_delivery_without_committing_its_work" />
    </UnitTest>
    <UnitTest name="AeroTech.Ordering.Persistence.Tests.Outbox.OutboxDispatcherTests.Lost_acknowledgement_republishes_the_same_identity_and_payload_and_the_receiver_commits_one_fact" storage="e:\projects\dotair\aerotech.ordering\tests\aerotech.ordering.persistence.tests\bin\debug\net10.0\aerotech.ordering.persistence.tests.dll" id="ab448388-39b8-866f-d2b3-4730b8dea2f4">
      <Execution id="0be58463-1431-4d6c-bc11-afedb28c942b" />
      <TestMethod codeBase="E:\Projects\DotAir\AeroTech.Ordering\tests\AeroTech.Ordering.Persistence.Tests\bin\Debug\net10.0\AeroTech.Ordering.Persistence.Tests.dll" adapterTypeName="executor://xunit/VsTestRunner2/netcoreapp" className="AeroTech.Ordering.Persistence.Tests.Outbox.OutboxDispatcherTests" name="Lost_acknowledgement_republishes_the_same_identity_and_payload_and_the_receiver_commits_one_fact" />
    </UnitTest>
    <UnitTest name="AeroTech.Ordering.Persistence.Tests.Architecture.LayerReferenceTests.Application_references_no_infrastructure_assembly" storage="e:\projects\dotair\aerotech.ordering\tests\aerotech.ordering.persistence.tests\bin\debug\net10.0\aerotech.ordering.persistence.tests.dll" id="f3542137-ca01-8e47-e030-73a995b74fa2">
      <Execution id="08fa1856-5e02-42e5-ae11-93fdfb238274" />
      <TestMethod codeBase="E:\Projects\DotAir\AeroTech.Ordering\tests\AeroTech.Ordering.Persistence.Tests\bin\Debug\net10.0\AeroTech.Ordering.Persistence.Tests.dll" adapterTypeName="executor://xunit/VsTestRunner2/netcoreapp" className="AeroTech.Ordering.Persistence.Tests.Architecture.LayerReferenceTests" name="Application_references_no_infrastructure_assembly" />
    </UnitTest>
    <UnitTest name="AeroTech.Ordering.Persistence.Tests.Precision.ModelPrecisionTests.Query_model_has_explicit_precision_on_every_owned_decimal" storage="e:\projects\dotair\aerotech.ordering\tests\aerotech.ordering.persistence.tests\bin\debug\net10.0\aerotech.ordering.persistence.tests.dll" id="dfde8ef7-96a0-c53f-ce54-d5d8c077a8aa">
      <Execution id="ae8cddb2-3cb0-4b63-a405-20a68cb3d401" />
      <TestMethod codeBase="E:\Projects\DotAir\AeroTech.Ordering\tests\AeroTech.Ordering.Persistence.Tests\bin\Debug\net10.0\AeroTech.Ordering.Persistence.Tests.dll" adapterTypeName="executor://xunit/VsTestRunner2/netcoreapp" className="AeroTech.Ordering.Persistence.Tests.Precision.ModelPrecisionTests" name="Query_model_has_explicit_precision_on_every_owned_decimal" />
    </UnitTest>
    <UnitTest name="AeroTech.Ordering.Persistence.Tests.S1.PrepareCreateGetTests.SC_S1_002_reference_create_commits_one_item_one_service_total_120_and_no_fulfillment_effects" storage="e:\projects\dotair\aerotech.ordering\tests\aerotech.ordering.persistence.tests\bin\debug\net10.0\aerotech.ordering.persistence.tests.dll" id="bbefc021-64e2-dcda-d02c-83f35da493b1">
      <Execution id="78bc87cd-f73e-484a-a936-63d61df4e74e" />
      <TestMethod codeBase="E:\Projects\DotAir\AeroTech.Ordering\tests\AeroTech.Ordering.Persistence.Tests\bin\Debug\net10.0\AeroTech.Ordering.Persistence.Tests.dll" adapterTypeName="executor://xunit/VsTestRunner2/netcoreapp" className="AeroTech.Ordering.Persistence.Tests.S1.PrepareCreateGetTests" name="SC_S1_002_reference_create_commits_one_item_one_service_total_120_and_no_fulfillment_effects" />
    </UnitTest>
    <UnitTest name="AeroTech.Ordering.Persistence.Tests.S1.AirOfferLiveCandidateBridgeTests.Equivalent_amount_is_used_as_sale_value_and_the_original_is_retained" storage="e:\projects\dotair\aerotech.ordering\tests\aerotech.ordering.persistence.tests\bin\debug\net10.0\aerotech.ordering.persistence.tests.dll" id="c59468f7-d69e-61b2-d400-7fdeead43c0b">
      <Execution id="d7064df5-0c84-4602-9687-4b873d1204aa" />
      <TestMethod codeBase="E:\Projects\DotAir\AeroTech.Ordering\tests\AeroTech.Ordering.Persistence.Tests\bin\Debug\net10.0\AeroTech.Ordering.Persistence.Tests.dll" adapterTypeName="executor://xunit/VsTestRunner2/netcoreapp" className="AeroTech.Ordering.Persistence.Tests.S1.AirOfferLiveCandidateBridgeTests" name="Equivalent_amount_is_used_as_sale_value_and_the_original_is_retained" />
    </UnitTest>
    <UnitTest name="AeroTech.Ordering.Persistence.Tests.S1.AirOfferLiveCandidateBridgeTests.SC_S1_018_live_candidate_keeps_not_supplied_validity_and_is_blocked_for_real_effects" storage="e:\projects\dotair\aerotech.ordering\tests\aerotech.ordering.persistence.tests\bin\debug\net10.0\aerotech.ordering.persistence.tests.dll" id="d8622e85-2a35-8484-865b-c273fb195925">
      <Execution id="5c951d01-5391-4304-97ef-ebe9766aefb2" />
      <TestMethod codeBase="E:\Projects\DotAir\AeroTech.Ordering\tests\AeroTech.Ordering.Persistence.Tests\bin\Debug\net10.0\AeroTech.Ordering.Persistence.Tests.dll" adapterTypeName="executor://xunit/VsTestRunner2/netcoreapp" className="AeroTech.Ordering.Persistence.Tests.S1.AirOfferLiveCandidateBridgeTests" name="SC_S1_018_live_candidate_keeps_not_supplied_validity_and_is_blocked_for_real_effects" />
    </UnitTest>
    <UnitTest name="AeroTech.Ordering.Persistence.Tests.S1.AirOfferLiveCandidateBridgeTests.Owner_server_error_is_unavailable_and_client_error_is_not_found" storage="e:\projects\dotair\aerotech.ordering\tests\aerotech.ordering.persistence.tests\bin\debug\net10.0\aerotech.ordering.persistence.tests.dll" id="e37a5918-7d29-f75c-45f8-bafc3a7410d8">
      <Execution id="bb1bd30a-d460-4f01-b195-2d44091c16a5" />
      <TestMethod codeBase="E:\Projects\DotAir\AeroTech.Ordering\tests\AeroTech.Ordering.Persistence.Tests\bin\Debug\net10.0\AeroTech.Ordering.Persistence.Tests.dll" adapterTypeName="executor://xunit/VsTestRunner2/netcoreapp" className="AeroTech.Ordering.Persistence.Tests.S1.AirOfferLiveCandidateBridgeTests" name="Owner_server_error_is_unavailable_and_client_error_is_not_found" />
    </UnitTest>
    <UnitTest name="AeroTech.Ordering.Persistence.Tests.Architecture.S1RailTests.Each_s1_command_and_query_has_exactly_one_canonical_handler(request: typeof(AeroTech.Ordering.Query.OrderAggregate.Queries.GetOrder.GetOrderQuery))" storage="e:\projects\dotair\aerotech.ordering\tests\aerotech.ordering.persistence.tests\bin\debug\net10.0\aerotech.ordering.persistence.tests.dll" id="776e1f55-733b-98e7-d8b1-68edb51fdedf">
      <Execution id="603f1a99-52b6-412f-a096-aa08a31e1b99" />
      <TestMethod codeBase="E:\Projects\DotAir\AeroTech.Ordering\tests\AeroTech.Ordering.Persistence.Tests\bin\Debug\net10.0\AeroTech.Ordering.Persistence.Tests.dll" adapterTypeName="executor://xunit/VsTestRunner2/netcoreapp" className="AeroTech.Ordering.Persistence.Tests.Architecture.S1RailTests" name="Each_s1_command_and_query_has_exactly_one_canonical_handler" />
    </UnitTest>
    <UnitTest name="AeroTech.Ordering.Persistence.Tests.Architecture.DomainMessagesAllowlistTests.Metadata_reader_sees_the_caller_context_Messages_references" storage="e:\projects\dotair\aerotech.ordering\tests\aerotech.ordering.persistence.tests\bin\debug\net10.0\aerotech.ordering.persistence.tests.dll" id="ef9cc8ee-d321-d954-5664-aa06c8f31e51">
      <Execution id="9536e7c5-cfe6-4885-b103-7a0e94682cd1" />
      <TestMethod codeBase="E:\Projects\DotAir\AeroTech.Ordering\tests\AeroTech.Ordering.Persistence.Tests\bin\Debug\net10.0\AeroTech.Ordering.Persistence.Tests.dll" adapterTypeName="executor://xunit/VsTestRunner2/netcoreapp" className="AeroTech.Ordering.Persistence.Tests.Architecture.DomainMessagesAllowlistTests" name="Metadata_reader_sees_the_caller_context_Messages_references" />
    </UnitTest>
    <UnitTest name="AeroTech.Ordering.Persistence.Tests.Inbox.InboxConsumeFilterOutcomeTests.Message_without_envelope_source_identity_is_rejected_before_the_consumer_runs(sourceSystem: &quot;&quot;, eventId: &quot;event-1&quot;)" storage="e:\projects\dotair\aerotech.ordering\tests\aerotech.ordering.persistence.tests\bin\debug\net10.0\aerotech.ordering.persistence.tests.dll" id="9fea2313-7002-4e75-bd94-92b9d271d47a">
      <Execution id="a1945ea7-8d07-47e9-b55b-f1216bf20285" />
      <TestMethod codeBase="E:\Projects\DotAir\AeroTech.Ordering\tests\AeroTech.Ordering.Persistence.Tests\bin\Debug\net10.0\AeroTech.Ordering.Persistence.Tests.dll" adapterTypeName="executor://xunit/VsTestRunner2/netcoreapp" className="AeroTech.Ordering.Persistence.Tests.Inbox.InboxConsumeFilterOutcomeTests" name="Message_without_envelope_source_identity_is_rejected_before_the_consumer_runs" />
    </UnitTest>
    <UnitTest name="AeroTech.Ordering.Persistence.Tests.S1.PrepareCreateGetTests.SC_S1_011_group_extended_line_is_persisted_once" storage="e:\projects\dotair\aerotech.ordering\tests\aerotech.ordering.persistence.tests\bin\debug\net10.0\aerotech.ordering.persistence.tests.dll" id="55cbdf2d-e0ff-c0ab-c29c-8e1fbefad248">
      <Execution id="f9d5c92d-e4bf-4016-9cbd-507d7252960d" />
      <TestMethod codeBase="E:\Projects\DotAir\AeroTech.Ordering\tests\AeroTech.Ordering.Persistence.Tests\bin\Debug\net10.0\AeroTech.Ordering.Persistence.Tests.dll" adapterTypeName="executor://xunit/VsTestRunner2/netcoreapp" className="AeroTech.Ordering.Persistence.Tests.S1.PrepareCreateGetTests" name="SC_S1_011_group_extended_line_is_persisted_once" />
    </UnitTest>
    <UnitTest name="AeroTech.Ordering.Persistence.Tests.Outbox.OutboxDispatcherTests.Same_event_identity_cannot_be_written_twice" storage="e:\projects\dotair\aerotech.ordering\tests\aerotech.ordering.persistence.tests\bin\debug\net10.0\aerotech.ordering.persistence.tests.dll" id="0b7c5834-5a41-2a24-5d64-e1601888d293">
      <Execution id="5ab9f54c-72a6-480d-addf-472b7306b964" />
      <TestMethod codeBase="E:\Projects\DotAir\AeroTech.Ordering\tests\AeroTech.Ordering.Persistence.Tests\bin\Debug\net10.0\AeroTech.Ordering.Persistence.Tests.dll" adapterTypeName="executor://xunit/VsTestRunner2/netcoreapp" className="AeroTech.Ordering.Persistence.Tests.Outbox.OutboxDispatcherTests" name="Same_event_identity_cannot_be_written_twice" />
    </UnitTest>
    <UnitTest name="AeroTech.Ordering.Persistence.Tests.Precision.ModelPrecisionTests.Command_model_has_no_blanket_string_length" storage="e:\projects\dotair\aerotech.ordering\tests\aerotech.ordering.persistence.tests\bin\debug\net10.0\aerotech.ordering.persistence.tests.dll" id="1863aa0b-a3c8-efec-2092-fb0c0465aa76">
      <Execution id="eab877b3-c5ba-43b0-a9c7-5a1efd63af35" />
      <TestMethod codeBase="E:\Projects\DotAir\AeroTech.Ordering\tests\AeroTech.Ordering.Persistence.Tests\bin\Debug\net10.0\AeroTech.Ordering.Persistence.Tests.dll" adapterTypeName="executor://xunit/VsTestRunner2/netcoreapp" className="AeroTech.Ordering.Persistence.Tests.Precision.ModelPrecisionTests" name="Command_model_has_no_blanket_string_length" />
    </UnitTest>
    <UnitTest name="AeroTech.Ordering.Persistence.Tests.S1.PrepareCreateGetTests.SC_S1_005_concurrent_creates_with_different_keys_commit_exactly_one_order" storage="e:\projects\dotair\aerotech.ordering\tests\aerotech.ordering.persistence.tests\bin\debug\net10.0\aerotech.ordering.persistence.tests.dll" id="418836b7-e3ff-4101-2973-a26554770e1c">
      <Execution id="65c25944-3143-43fa-a00e-310c27187f94" />
      <TestMethod codeBase="E:\Projects\DotAir\AeroTech.Ordering\tests\AeroTech.Ordering.Persistence.Tests\bin\Debug\net10.0\AeroTech.Ordering.Persistence.Tests.dll" adapterTypeName="executor://xunit/VsTestRunner2/netcoreapp" className="AeroTech.Ordering.Persistence.Tests.S1.PrepareCreateGetTests" name="SC_S1_005_concurrent_creates_with_different_keys_commit_exactly_one_order" />
    </UnitTest>
    <UnitTest name="AeroTech.Ordering.Persistence.Tests.S1.PrepareCreateGetTests.SC_S1_001_owner_reprice_after_preparation_does_not_change_the_created_order_and_create_calls_no_owner" storage="e:\projects\dotair\aerotech.ordering\tests\aerotech.ordering.persistence.tests\bin\debug\net10.0\aerotech.ordering.persistence.tests.dll" id="b2d52d08-a120-6768-3828-cf536b457461">
      <Execution id="2fbea4bb-b8d6-4fe4-8584-c54c2fe3c89b" />
      <TestMethod codeBase="E:\Projects\DotAir\AeroTech.Ordering\tests\AeroTech.Ordering.Persistence.Tests\bin\Debug\net10.0\AeroTech.Ordering.Persistence.Tests.dll" adapterTypeName="executor://xunit/VsTestRunner2/netcoreapp" className="AeroTech.Ordering.Persistence.Tests.S1.PrepareCreateGetTests" name="SC_S1_001_owner_reprice_after_preparation_does_not_change_the_created_order_and_create_calls_no_owner" />
    </UnitTest>
    <UnitTest name="AeroTech.Ordering.Persistence.Tests.Inbox.InboxConsumeFilterTests.Classifier_accepts_only_the_inbox_key_violation" storage="e:\projects\dotair\aerotech.ordering\tests\aerotech.ordering.persistence.tests\bin\debug\net10.0\aerotech.ordering.persistence.tests.dll" id="ac0cffaf-9f34-581b-25e3-220747e6735d">
      <Execution id="8acdb70e-edc3-404d-abf3-9abd6d832650" />
      <TestMethod codeBase="E:\Projects\DotAir\AeroTech.Ordering\tests\AeroTech.Ordering.Persistence.Tests\bin\Debug\net10.0\AeroTech.Ordering.Persistence.Tests.dll" adapterTypeName="executor://xunit/VsTestRunner2/netcoreapp" className="AeroTech.Ordering.Persistence.Tests.Inbox.InboxConsumeFilterTests" name="Classifier_accepts_only_the_inbox_key_violation" />
    </UnitTest>
    <UnitTest name="AeroTech.Ordering.Persistence.Tests.S1.PrepareCreateGetTests.SC_S1_019_expired_owner_validity_blocks_acceptance_at_its_own_instant" storage="e:\projects\dotair\aerotech.ordering\tests\aerotech.ordering.persistence.tests\bin\debug\net10.0\aerotech.ordering.persistence.tests.dll" id="98220d85-858c-3986-3ca8-2111c99c438a">
      <Execution id="4d8cdf77-2761-4597-9881-941a601d416c" />
      <TestMethod codeBase="E:\Projects\DotAir\AeroTech.Ordering\tests\AeroTech.Ordering.Persistence.Tests\bin\Debug\net10.0\AeroTech.Ordering.Persistence.Tests.dll" adapterTypeName="executor://xunit/VsTestRunner2/netcoreapp" className="AeroTech.Ordering.Persistence.Tests.S1.PrepareCreateGetTests" name="SC_S1_019_expired_owner_validity_blocks_acceptance_at_its_own_instant" />
    </UnitTest>
    <UnitTest name="AeroTech.Ordering.Persistence.Tests.Composition.HostCompositionTests.Host_composes_with_deterministic_adapters_only_when_the_existing_flag_is_true" storage="e:\projects\dotair\aerotech.ordering\tests\aerotech.ordering.persistence.tests\bin\debug\net10.0\aerotech.ordering.persistence.tests.dll" id="7a645235-e288-4cc9-6c82-28ac94ecf7c0">
      <Execution id="745f8085-e7fc-4154-b2e7-aa8fa82be297" />
      <TestMethod codeBase="E:\Projects\DotAir\AeroTech.Ordering\tests\AeroTech.Ordering.Persistence.Tests\bin\Debug\net10.0\AeroTech.Ordering.Persistence.Tests.dll" adapterTypeName="executor://xunit/VsTestRunner2/netcoreapp" className="AeroTech.Ordering.Persistence.Tests.Composition.HostCompositionTests" name="Host_composes_with_deterministic_adapters_only_when_the_existing_flag_is_true" />
    </UnitTest>
    <UnitTest name="AeroTech.Ordering.Persistence.Tests.Inbox.InboxConsumeFilterOutcomeTests.Message_without_envelope_source_identity_is_rejected_before_the_consumer_runs(sourceSystem: &quot;InventoryProbe&quot;, eventId: &quot;&quot;)" storage="e:\projects\dotair\aerotech.ordering\tests\aerotech.ordering.persistence.tests\bin\debug\net10.0\aerotech.ordering.persistence.tests.dll" id="e0a65f32-82cc-6be9-919f-0e4017104ace">
      <Execution id="b29df202-dc21-4434-8f68-5ec5cefc5863" />
      <TestMethod codeBase="E:\Projects\DotAir\AeroTech.Ordering\tests\AeroTech.Ordering.Persistence.Tests\bin\Debug\net10.0\AeroTech.Ordering.Persistence.Tests.dll" adapterTypeName="executor://xunit/VsTestRunner2/netcoreapp" className="AeroTech.Ordering.Persistence.Tests.Inbox.InboxConsumeFilterOutcomeTests" name="Message_without_envelope_source_identity_is_rejected_before_the_consumer_runs" />
    </UnitTest>
    <UnitTest name="AeroTech.Ordering.Persistence.Tests.Architecture.S1RailTests.Each_s1_command_and_query_has_exactly_one_canonical_handler(request: typeof(AeroTech.Ordering.Application.OrderPreparationAggregate.Commands.PrepareOrderFromOffer.PrepareOrderFromOfferCommand))" storage="e:\projects\dotair\aerotech.ordering\tests\aerotech.ordering.persistence.tests\bin\debug\net10.0\aerotech.ordering.persistence.tests.dll" id="3055b541-fbb8-a21e-1eb2-2cedfd5a4472">
      <Execution id="fe3cbb5e-367a-48e8-9b51-ccf69241dba1" />
      <TestMethod codeBase="E:\Projects\DotAir\AeroTech.Ordering\tests\AeroTech.Ordering.Persistence.Tests\bin\Debug\net10.0\AeroTech.Ordering.Persistence.Tests.dll" adapterTypeName="executor://xunit/VsTestRunner2/netcoreapp" className="AeroTech.Ordering.Persistence.Tests.Architecture.S1RailTests" name="Each_s1_command_and_query_has_exactly_one_canonical_handler" />
    </UnitTest>
    <UnitTest name="AeroTech.Ordering.Persistence.Tests.S1.PrepareCreateGetTests.SC_S1_003_replay_after_owner_outage_resolves_from_the_durable_receipt_without_owner_access" storage="e:\projects\dotair\aerotech.ordering\tests\aerotech.ordering.persistence.tests\bin\debug\net10.0\aerotech.ordering.persistence.tests.dll" id="3673392a-8026-31a4-8305-aac091a1ac90">
      <Execution id="c4315f49-7228-43a2-a0ce-443e815a539f" />
      <TestMethod codeBase="E:\Projects\DotAir\AeroTech.Ordering\tests\AeroTech.Ordering.Persistence.Tests\bin\Debug\net10.0\AeroTech.Ordering.Persistence.Tests.dll" adapterTypeName="executor://xunit/VsTestRunner2/netcoreapp" className="AeroTech.Ordering.Persistence.Tests.S1.PrepareCreateGetTests" name="SC_S1_003_replay_after_owner_outage_resolves_from_the_durable_receipt_without_owner_access" />
    </UnitTest>
    <UnitTest name="AeroTech.Ordering.Persistence.Tests.Architecture.DomainMessagesAllowlistTests.Caller_context_exposes_no_owner_airline_identity" storage="e:\projects\dotair\aerotech.ordering\tests\aerotech.ordering.persistence.tests\bin\debug\net10.0\aerotech.ordering.persistence.tests.dll" id="274ea5a7-4a0f-3491-7740-0dff0ac324e3">
      <Execution id="6fb0e8e1-0e32-498e-9b4c-da31054c983d" />
      <TestMethod codeBase="E:\Projects\DotAir\AeroTech.Ordering\tests\AeroTech.Ordering.Persistence.Tests\bin\Debug\net10.0\AeroTech.Ordering.Persistence.Tests.dll" adapterTypeName="executor://xunit/VsTestRunner2/netcoreapp" className="AeroTech.Ordering.Persistence.Tests.Architecture.DomainMessagesAllowlistTests" name="Caller_context_exposes_no_owner_airline_identity" />
    </UnitTest>
    <UnitTest name="AeroTech.Ordering.Persistence.Tests.Composition.SingleRegistrationGuardTests.Single_bindings_pass" storage="e:\projects\dotair\aerotech.ordering\tests\aerotech.ordering.persistence.tests\bin\debug\net10.0\aerotech.ordering.persistence.tests.dll" id="7179356a-11ea-06cf-2be5-5134fe9fff94">
      <Execution id="fa9c03a7-3301-49c6-9e62-78ff05c270be" />
      <TestMethod codeBase="E:\Projects\DotAir\AeroTech.Ordering\tests\AeroTech.Ordering.Persistence.Tests\bin\Debug\net10.0\AeroTech.Ordering.Persistence.Tests.dll" adapterTypeName="executor://xunit/VsTestRunner2/netcoreapp" className="AeroTech.Ordering.Persistence.Tests.Composition.SingleRegistrationGuardTests" name="Single_bindings_pass" />
    </UnitTest>
    <UnitTest name="AeroTech.Ordering.Persistence.Tests.Inbox.InboxConsumeFilterOutcomeTests.Message_without_envelope_source_identity_is_rejected_before_the_consumer_runs(sourceSystem: null, eventId: null)" storage="e:\projects\dotair\aerotech.ordering\tests\aerotech.ordering.persistence.tests\bin\debug\net10.0\aerotech.ordering.persistence.tests.dll" id="9c845f7c-7d1e-0e1a-e1e9-8dd2075c639e">
      <Execution id="22681c15-ffab-4c11-a5e8-4c8933055e7f" />
      <TestMethod codeBase="E:\Projects\DotAir\AeroTech.Ordering\tests\AeroTech.Ordering.Persistence.Tests\bin\Debug\net10.0\AeroTech.Ordering.Persistence.Tests.dll" adapterTypeName="executor://xunit/VsTestRunner2/netcoreapp" className="AeroTech.Ordering.Persistence.Tests.Inbox.InboxConsumeFilterOutcomeTests" name="Message_without_envelope_source_identity_is_rejected_before_the_consumer_runs" />
    </UnitTest>
    <UnitTest name="AeroTech.Ordering.Persistence.Tests.S1.AirOfferLiveCandidateBridgeTests.Observed_wire_violations_fail_mapping_instead_of_guessing(defect: &quot;infant&quot;)" storage="e:\projects\dotair\aerotech.ordering\tests\aerotech.ordering.persistence.tests\bin\debug\net10.0\aerotech.ordering.persistence.tests.dll" id="7269aeef-1bda-575b-0565-c61062cd7523">
      <Execution id="830c52f4-e5a9-4a9b-bfd0-18d772411f26" />
      <TestMethod codeBase="E:\Projects\DotAir\AeroTech.Ordering\tests\AeroTech.Ordering.Persistence.Tests\bin\Debug\net10.0\AeroTech.Ordering.Persistence.Tests.dll" adapterTypeName="executor://xunit/VsTestRunner2/netcoreapp" className="AeroTech.Ordering.Persistence.Tests.S1.AirOfferLiveCandidateBridgeTests" name="Observed_wire_violations_fail_mapping_instead_of_guessing" />
    </UnitTest>
    <UnitTest name="AeroTech.Ordering.Persistence.Tests.Architecture.S1RailTests.Offer_providers_do_not_reference_ordering_persistence" storage="e:\projects\dotair\aerotech.ordering\tests\aerotech.ordering.persistence.tests\bin\debug\net10.0\aerotech.ordering.persistence.tests.dll" id="e86b4687-f3d0-ead7-2c23-cecacb3f3bf0">
      <Execution id="b3f9a751-c1f5-4690-b1d5-70a6d12bbcb5" />
      <TestMethod codeBase="E:\Projects\DotAir\AeroTech.Ordering\tests\AeroTech.Ordering.Persistence.Tests\bin\Debug\net10.0\AeroTech.Ordering.Persistence.Tests.dll" adapterTypeName="executor://xunit/VsTestRunner2/netcoreapp" className="AeroTech.Ordering.Persistence.Tests.Architecture.S1RailTests" name="Offer_providers_do_not_reference_ordering_persistence" />
    </UnitTest>
[...]
      <Execution id="0452a3f0-c737-4611-a2b8-c8b4377ae21a" />
      <TestMethod codeBase="E:\Projects\DotAir\AeroTech.Ordering\tests\AeroTech.Ordering.Persistence.Tests\bin\Debug\net10.0\AeroTech.Ordering.Persistence.Tests.dll" adapterTypeName="executor://xunit/VsTestRunner2/netcoreapp" className="AeroTech.Ordering.Persistence.Tests.S1.AtomicityAndRebuildTests" name="SC_S1_006_projection_failure_before_commit_leaves_no_order_price_outbox_receipt_or_consumption" />
    </UnitTest>
    <UnitTest name="AeroTech.Ordering.Persistence.Tests.S1.AirOfferLiveCandidateBridgeTests.Observed_wire_violations_fail_mapping_instead_of_guessing(defect: &quot;percentage&quot;)" storage="e:\projects\dotair\aerotech.ordering\tests\aerotech.ordering.persistence.tests\bin\debug\net10.0\aerotech.ordering.persistence.tests.dll" id="3e2c93e5-5672-1049-ef93-b9a08b33b1b7">
      <Execution id="392a5c33-bb75-403a-950d-885848d93329" />
      <TestMethod codeBase="E:\Projects\DotAir\AeroTech.Ordering\tests\AeroTech.Ordering.Persistence.Tests\bin\Debug\net10.0\AeroTech.Ordering.Persistence.Tests.dll" adapterTypeName="executor://xunit/VsTestRunner2/netcoreapp" className="AeroTech.Ordering.Persistence.Tests.S1.AirOfferLiveCandidateBridgeTests" name="Observed_wire_violations_fail_mapping_instead_of_guessing" />
    </UnitTest>
    <UnitTest name="AeroTech.Ordering.Persistence.Tests.Precision.DecimalPrecisionTests.The_removed_blanket_precision_would_have_truncated_the_values" storage="e:\projects\dotair\aerotech.ordering\tests\aerotech.ordering.persistence.tests\bin\debug\net10.0\aerotech.ordering.persistence.tests.dll" id="6103cffd-6578-ff3d-6621-f1db5a771581">
      <Execution id="ffbabf0e-07b9-4495-811a-83c48d7a8c6b" />
      <TestMethod codeBase="E:\Projects\DotAir\AeroTech.Ordering\tests\AeroTech.Ordering.Persistence.Tests\bin\Debug\net10.0\AeroTech.Ordering.Persistence.Tests.dll" adapterTypeName="executor://xunit/VsTestRunner2/netcoreapp" className="AeroTech.Ordering.Persistence.Tests.Precision.DecimalPrecisionTests" name="The_removed_blanket_precision_would_have_truncated_the_values" />
    </UnitTest>
    <UnitTest name="AeroTech.Ordering.Persistence.Tests.Architecture.DomainMessagesAllowlistTests.Domain_uses_only_allowlisted_Messages_types" storage="e:\projects\dotair\aerotech.ordering\tests\aerotech.ordering.persistence.tests\bin\debug\net10.0\aerotech.ordering.persistence.tests.dll" id="90a4322e-ca04-9578-e046-d7476ddec83d">
      <Execution id="58eeb8de-97a6-4d47-a0f6-f7238c7d88d8" />
      <TestMethod codeBase="E:\Projects\DotAir\AeroTech.Ordering\tests\AeroTech.Ordering.Persistence.Tests\bin\Debug\net10.0\AeroTech.Ordering.Persistence.Tests.dll" adapterTypeName="executor://xunit/VsTestRunner2/netcoreapp" className="AeroTech.Ordering.Persistence.Tests.Architecture.DomainMessagesAllowlistTests" name="Domain_uses_only_allowlisted_Messages_types" />
    </UnitTest>
    <UnitTest name="AeroTech.Ordering.Persistence.Tests.Composition.SingleRegistrationGuardTests.Two_unit_of_work_registrations_fail_with_the_named_duplicate" storage="e:\projects\dotair\aerotech.ordering\tests\aerotech.ordering.persistence.tests\bin\debug\net10.0\aerotech.ordering.persistence.tests.dll" id="7013998d-b542-f763-6ff4-3e6c629ebffb">
      <Execution id="7471fc84-67ec-4a82-950c-2f3fb489cbb9" />
      <TestMethod codeBase="E:\Projects\DotAir\AeroTech.Ordering\tests\AeroTech.Ordering.Persistence.Tests\bin\Debug\net10.0\AeroTech.Ordering.Persistence.Tests.dll" adapterTypeName="executor://xunit/VsTestRunner2/netcoreapp" className="AeroTech.Ordering.Persistence.Tests.Composition.SingleRegistrationGuardTests" name="Two_unit_of_work_registrations_fail_with_the_named_duplicate" />
    </UnitTest>
    <UnitTest name="AeroTech.Ordering.Persistence.Tests.S1.PrepareCreateGetTests.SC_S1_021_unregistered_product_schema_is_unsupported_before_any_preparation" storage="e:\projects\dotair\aerotech.ordering\tests\aerotech.ordering.persistence.tests\bin\debug\net10.0\aerotech.ordering.persistence.tests.dll" id="572f93a5-52cc-e00d-1e4c-cf22f71126a5">
      <Execution id="9b53fa45-9c3b-433d-8060-9291bd0d1faf" />
      <TestMethod codeBase="E:\Projects\DotAir\AeroTech.Ordering\tests\AeroTech.Ordering.Persistence.Tests\bin\Debug\net10.0\AeroTech.Ordering.Persistence.Tests.dll" adapterTypeName="executor://xunit/VsTestRunner2/netcoreapp" className="AeroTech.Ordering.Persistence.Tests.S1.PrepareCreateGetTests" name="SC_S1_021_unregistered_product_schema_is_unsupported_before_any_preparation" />
    </UnitTest>
    <UnitTest name="AeroTech.Ordering.Persistence.Tests.Composition.HostCompositionTests.Missing_identity_authority_fails_startup" storage="e:\projects\dotair\aerotech.ordering\tests\aerotech.ordering.persistence.tests\bin\debug\net10.0\aerotech.ordering.persistence.tests.dll" id="b3a4dcb7-1d70-0086-e23e-0a08e9687968">
      <Execution id="269956d3-47fe-4282-9ff1-9548bc98b866" />
      <TestMethod codeBase="E:\Projects\DotAir\AeroTech.Ordering\tests\AeroTech.Ordering.Persistence.Tests\bin\Debug\net10.0\AeroTech.Ordering.Persistence.Tests.dll" adapterTypeName="executor://xunit/VsTestRunner2/netcoreapp" className="AeroTech.Ordering.Persistence.Tests.Composition.HostCompositionTests" name="Missing_identity_authority_fails_startup" />
    </UnitTest>
  </TestDefinitions>
  <TestEntries>
    <TestEntry testId="e3a9a546-24e5-93f9-c73b-9b85001e5656" executionId="4f7f11ca-223b-4f02-92ff-858828316de3" testListId="8c84fa94-04c1-424b-9868-57a2d4851a1d" />
    <TestEntry testId="e4e92790-5359-1360-2c04-ea8ed7cd25c1" executionId="913389fd-8d1a-4119-8b77-3f774a87a635" testListId="8c84fa94-04c1-424b-9868-57a2d4851a1d" />
    <TestEntry testId="c59468f7-d69e-61b2-d400-7fdeead43c0b" executionId="d7064df5-0c84-4602-9687-4b873d1204aa" testListId="8c84fa94-04c1-424b-9868-57a2d4851a1d" />
    <TestEntry testId="f3542137-ca01-8e47-e030-73a995b74fa2" executionId="08fa1856-5e02-42e5-ae11-93fdfb238274" testListId="8c84fa94-04c1-424b-9868-57a2d4851a1d" />
    <TestEntry testId="e0a65f32-82cc-6be9-919f-0e4017104ace" executionId="b29df202-dc21-4434-8f68-5ec5cefc5863" testListId="8c84fa94-04c1-424b-9868-57a2d4851a1d" />
    <TestEntry testId="9c845f7c-7d1e-0e1a-e1e9-8dd2075c639e" executionId="22681c15-ffab-4c11-a5e8-4c8933055e7f" testListId="8c84fa94-04c1-424b-9868-57a2d4851a1d" />
    <TestEntry testId="6c69f1f7-eb5c-aa18-2e4e-5c41dbb84cae" executionId="1bfad2e5-1ef6-4699-a456-0fcaccb7cc05" testListId="8c84fa94-04c1-424b-9868-57a2d4851a1d" />
    <TestEntry testId="33f2deb9-776a-9af8-bd96-c80a7bfe6cf0" executionId="612ca152-baac-405d-b787-72ba232be537" testListId="8c84fa94-04c1-424b-9868-57a2d4851a1d" />
    <TestEntry testId="0c92b9f7-3194-c653-ad01-0165d4987902" executionId="e12fd2ac-febf-4c70-95af-e52496244606" testListId="8c84fa94-04c1-424b-9868-57a2d4851a1d" />
    <TestEntry testId="f28b326a-b226-e3a2-86dc-6cdb6dccfae2" executionId="1d83924e-0da6-46ee-a9af-9d4426e3a44e" testListId="8c84fa94-04c1-424b-9868-57a2d4851a1d" />
    <TestEntry testId="44697bb3-cd5e-878b-0cd1-9c0cc01c8e43" executionId="f50cac35-4335-4710-88da-8c792095d168" testListId="8c84fa94-04c1-424b-9868-57a2d4851a1d" />
    <TestEntry testId="55cbdf2d-e0ff-c0ab-c29c-8e1fbefad248" executionId="f9d5c92d-e4bf-4016-9cbd-507d7252960d" testListId="8c84fa94-04c1-424b-9868-57a2d4851a1d" />
    <TestEntry testId="a509b415-7a34-2926-2ac9-9c2a4ca792f1" executionId="b43825d1-3f40-4899-9a93-d24e03f20429" testListId="8c84fa94-04c1-424b-9868-57a2d4851a1d" />
    <TestEntry testId="ae0c8cb6-de7d-2332-fc4d-d526b9a0a04b" executionId="acbfb9c9-7495-460a-88b6-d8d4f6c02e0d" testListId="8c84fa94-04c1-424b-9868-57a2d4851a1d" />
    <TestEntry testId="784d481c-4be2-d253-3fd4-5846a905e413" executionId="0452a3f0-c737-4611-a2b8-c8b4377ae21a" testListId="8c84fa94-04c1-424b-9868-57a2d4851a1d" />
    <TestEntry testId="fd071834-4edf-9839-eeff-2dbe73c459ba" executionId="0787bf32-8d42-4b44-bca6-f9173cb42ab7" testListId="8c84fa94-04c1-424b-9868-57a2d4851a1d" />
    <TestEntry testId="572f93a5-52cc-e00d-1e4c-cf22f71126a5" executionId="9b53fa45-9c3b-433d-8060-9291bd0d1faf" testListId="8c84fa94-04c1-424b-9868-57a2d4851a1d" />
    <TestEntry testId="98220d85-858c-3986-3ca8-2111c99c438a" executionId="4d8cdf77-2761-4597-9881-941a601d416c" testListId="8c84fa94-04c1-424b-9868-57a2d4851a1d" />
    <TestEntry testId="2844592e-88c9-3fa7-ded1-7b2f546e0630" executionId="5ee15b3b-32b1-4189-9b55-55e1f9dd3896" testListId="8c84fa94-04c1-424b-9868-57a2d4851a1d" />
    <TestEntry testId="7179356a-11ea-06cf-2be5-5134fe9fff94" executionId="fa9c03a7-3301-49c6-9e62-78ff05c270be" testListId="8c84fa94-04c1-424b-9868-57a2d4851a1d" />
    <TestEntry testId="bc289e95-ec7d-dedc-9ee2-1dd75f065923" executionId="afad7652-d173-43d8-8578-c596348ab349" testListId="8c84fa94-04c1-424b-9868-57a2d4851a1d" />
    <TestEntry testId="31d7b34a-f410-3a72-6d1d-ebb16c07315d" executionId="ed8bf89b-4863-47f7-a3b8-0c82c3d9d5ec" testListId="8c84fa94-04c1-424b-9868-57a2d4851a1d" />
    <TestEntry testId="3d496e21-b461-1e56-952d-6f5c34eefdd3" executionId="439fa55c-9d51-4ccc-a6b7-52beaabd4dc8" testListId="8c84fa94-04c1-424b-9868-57a2d4851a1d" />
    <TestEntry testId="8eccce5f-e7a2-d580-f42d-0e56db5c9a8f" executionId="751ad856-31e7-4fb3-baf4-5bc8934dc2cf" testListId="8c84fa94-04c1-424b-9868-57a2d4851a1d" />
    <TestEntry testId="2de9314a-8748-9dbb-dac6-b6c5f58136e4" executionId="98b38762-61f9-4565-aada-9f2613b4875d" testListId="8c84fa94-04c1-424b-9868-57a2d4851a1d" />
    <TestEntry testId="776e1f55-733b-98e7-d8b1-68edb51fdedf" executionId="603f1a99-52b6-412f-a096-aa08a31e1b99" testListId="8c84fa94-04c1-424b-9868-57a2d4851a1d" />
    <TestEntry testId="735d67df-e405-f3a6-199e-08ed5cde61e1" executionId="3b3f55d3-6db0-4b06-abf7-5f4944e5d3e6" testListId="8c84fa94-04c1-424b-9868-57a2d4851a1d" />
    <TestEntry testId="cd14cdcd-5b11-36de-b70a-1983b78ca60b" executionId="035b69bc-2ee3-40a5-a2f7-64f8d8136044" testListId="8c84fa94-04c1-424b-9868-57a2d4851a1d" />
    <TestEntry testId="3673392a-8026-31a4-8305-aac091a1ac90" executionId="c4315f49-7228-43a2-a0ce-443e815a539f" testListId="8c84fa94-04c1-424b-9868-57a2d4851a1d" />
    <TestEntry testId="7269aeef-1bda-575b-0565-c61062cd7523" executionId="830c52f4-e5a9-4a9b-bfd0-18d772411f26" testListId="8c84fa94-04c1-424b-9868-57a2d4851a1d" />
    <TestEntry testId="d8622e85-2a35-8484-865b-c273fb195925" executionId="5c951d01-5391-4304-97ef-ebe9766aefb2" testListId="8c84fa94-04c1-424b-9868-57a2d4851a1d" />
    <TestEntry testId="1720d25f-b7f6-02dc-980d-45ff9b0c34e4" executionId="ff41985e-b338-4967-8bf3-90e4cfce44b4" testListId="8c84fa94-04c1-424b-9868-57a2d4851a1d" />
    <TestEntry testId="9fea2313-7002-4e75-bd94-92b9d271d47a" executionId="a1945ea7-8d07-47e9-b55b-f1216bf20285" testListId="8c84fa94-04c1-424b-9868-57a2d4851a1d" />
    <TestEntry testId="6348dadc-bd43-cc13-57ac-1e54fcb496b3" executionId="349a409c-93d5-43c4-ae7a-8d7fd0f18e82" testListId="8c84fa94-04c1-424b-9868-57a2d4851a1d" />
    <TestEntry testId="a9a1e732-a3a9-917a-46f6-5c35e692478f" executionId="4e24c291-54bd-4017-9727-cbdb65a0638c" testListId="8c84fa94-04c1-424b-9868-57a2d4851a1d" />
    <TestEntry testId="65a3e165-af9d-f9a8-6e16-b9712f788477" executionId="15d8a944-1f07-43de-a752-39c36ab44d20" testListId="8c84fa94-04c1-424b-9868-57a2d4851a1d" />
    <TestEntry testId="dfde8ef7-96a0-c53f-ce54-d5d8c077a8aa" executionId="ae8cddb2-3cb0-4b63-a405-20a68cb3d401" testListId="8c84fa94-04c1-424b-9868-57a2d4851a1d" />
    <TestEntry testId="a646ace9-1e43-5e80-8126-972a679f91e5" executionId="4591fa30-7281-417b-bd90-0fb4d8f1da27" testListId="8c84fa94-04c1-424b-9868-57a2d4851a1d" />
    <TestEntry testId="0b7c5834-5a41-2a24-5d64-e1601888d293" executionId="5ab9f54c-72a6-480d-addf-472b7306b964" testListId="8c84fa94-04c1-424b-9868-57a2d4851a1d" />
    <TestEntry testId="7a645235-e288-4cc9-6c82-28ac94ecf7c0" executionId="745f8085-e7fc-4154-b2e7-aa8fa82be297" testListId="8c84fa94-04c1-424b-9868-57a2d4851a1d" />
    <TestEntry testId="a4e2be12-41fb-cf32-f3a5-1ca9c0c10cfa" executionId="9eaeaa40-15f7-4944-8d2b-9f087f4d335b" testListId="8c84fa94-04c1-424b-9868-57a2d4851a1d" />
    <TestEntry testId="bbefc021-64e2-dcda-d02c-83f35da493b1" executionId="78bc87cd-f73e-484a-a936-63d61df4e74e" testListId="8c84fa94-04c1-424b-9868-57a2d4851a1d" />
    <TestEntry testId="ef9cc8ee-d321-d954-5664-aa06c8f31e51" executionId="9536e7c5-cfe6-4885-b103-7a0e94682cd1" testListId="8c84fa94-04c1-424b-9868-57a2d4851a1d" />
    <TestEntry testId="f98d45b9-cd1e-2279-1c15-885d0f9768b5" executionId="9a67e507-8e66-4e9c-b588-f91388d9b396" testListId="8c84fa94-04c1-424b-9868-57a2d4851a1d" />
    <TestEntry testId="ac0cffaf-9f34-581b-25e3-220747e6735d" executionId="8acdb70e-edc3-404d-abf3-9abd6d832650" testListId="8c84fa94-04c1-424b-9868-57a2d4851a1d" />
    <TestEntry testId="b3a4dcb7-1d70-0086-e23e-0a08e9687968" executionId="269956d3-47fe-4282-9ff1-9548bc98b866" testListId="8c84fa94-04c1-424b-9868-57a2d4851a1d" />
    <TestEntry testId="576970ba-53c8-5312-d355-ec628534023d" executionId="04454247-9661-4b4c-91ee-ae59c19f4a95" testListId="8c84fa94-04c1-424b-9868-57a2d4851a1d" />
    <TestEntry testId="f0f0a520-2a4e-ef03-2368-1307e8fc2533" executionId="f0c84cdd-a2de-4a26-aa5a-7e90c8e257ed" testListId="8c84fa94-04c1-424b-9868-57a2d4851a1d" />
    <TestEntry testId="e86b4687-f3d0-ead7-2c23-cecacb3f3bf0" executionId="b3f9a751-c1f5-4690-b1d5-70a6d12bbcb5" testListId="8c84fa94-04c1-424b-9868-57a2d4851a1d" />
    <TestEntry testId="cbe147b6-9a6b-ccbb-afe4-ffb90003e81e" executionId="79f6d45f-ec56-4815-ad97-5c5f7d3e1115" testListId="8c84fa94-04c1-424b-9868-57a2d4851a1d" />
    <TestEntry testId="b2d52d08-a120-6768-3828-cf536b457461" executionId="2fbea4bb-b8d6-4fe4-8584-c54c2fe3c89b" testListId="8c84fa94-04c1-424b-9868-57a2d4851a1d" />
    <TestEntry testId="84a4f13a-4e16-4c3e-b243-a46a37937ffe" executionId="24fda46f-6487-4ba0-af09-c628b540878d" testListId="8c84fa94-04c1-424b-9868-57a2d4851a1d" />
    <TestEntry testId="8f17ae6f-6c7f-4eb9-2087-1f8f58bedc63" executionId="85a49ac5-b1e9-4ab9-aeaf-05a2fd631c49" testListId="8c84fa94-04c1-424b-9868-57a2d4851a1d" />
    <TestEntry testId="45becd9f-b8ec-77ad-73ce-9293361da902" executionId="e2fcd139-6156-475c-b0e4-37fc1170fb49" testListId="8c84fa94-04c1-424b-9868-57a2d4851a1d" />
    <TestEntry testId="418836b7-e3ff-4101-2973-a26554770e1c" executionId="65c25944-3143-43fa-a00e-310c27187f94" testListId="8c84fa94-04c1-424b-9868-57a2d4851a1d" />
    <TestEntry testId="6bc07e25-3029-9b09-44d4-e21139ba89f8" executionId="1972c4fd-61d8-4e66-bc2c-ca5ef5c30f24" testListId="8c84fa94-04c1-424b-9868-57a2d4851a1d" />
    <TestEntry testId="6103cffd-6578-ff3d-6621-f1db5a771581" executionId="ffbabf0e-07b9-4495-811a-83c48d7a8c6b" testListId="8c84fa94-04c1-424b-9868-57a2d4851a1d" />
    <TestEntry testId="6a1aee1a-c70e-893a-46db-5269df4c91a1" executionId="cfc035fc-3c9a-42ca-a482-320e7471afe0" testListId="8c84fa94-04c1-424b-9868-57a2d4851a1d" />
    <TestEntry testId="5e09e745-c4c8-bd56-ffcc-7232381d433f" executionId="d72e5a78-5da9-4611-856a-3045e37b52ee" testListId="8c84fa94-04c1-424b-9868-57a2d4851a1d" />
    <TestEntry testId="274ea5a7-4a0f-3491-7740-0dff0ac324e3" executionId="6fb0e8e1-0e32-498e-9b4c-da31054c983d" testListId="8c84fa94-04c1-424b-9868-57a2d4851a1d" />
    <TestEntry testId="3fc5e02e-5d80-980c-fce1-499b8a4bda0b" executionId="9ad37953-0d13-4465-8332-92092086008d" testListId="8c84fa94-04c1-424b-9868-57a2d4851a1d" />
    <TestEntry testId="56132a96-8449-647f-15b3-bedda42fb965" executionId="a815be7e-b29d-4e7d-bd8c-c707f15f9861" testListId="8c84fa94-04c1-424b-9868-57a2d4851a1d" />
    <TestEntry testId="e906e709-8adb-693f-d4e7-b087f99fdba8" executionId="b2a587b6-8e12-4863-8b1c-ebeb25880e55" testListId="8c84fa94-04c1-424b-9868-57a2d4851a1d" />
    <TestEntry testId="90a4322e-ca04-9578-e046-d7476ddec83d" executionId="58eeb8de-97a6-4d47-a0f6-f7238c7d88d8" testListId="8c84fa94-04c1-424b-9868-57a2d4851a1d" />
    <TestEntry testId="3055b541-fbb8-a21e-1eb2-2cedfd5a4472" executionId="fe3cbb5e-367a-48e8-9b51-ccf69241dba1" testListId="8c84fa94-04c1-424b-9868-57a2d4851a1d" />
    <TestEntry testId="1bf25083-1907-15d8-72a1-9719d6a773fe" executionId="5e0d2e93-a067-4e9c-a3ba-932f5205f2e1" testListId="8c84fa94-04c1-424b-9868-57a2d4851a1d" />
    <TestEntry testId="7013998d-b542-f763-6ff4-3e6c629ebffb" executionId="7471fc84-67ec-4a82-950c-2f3fb489cbb9" testListId="8c84fa94-04c1-424b-9868-57a2d4851a1d" />
    <TestEntry testId="ab448388-39b8-866f-d2b3-4730b8dea2f4" executionId="0be58463-1431-4d6c-bc11-afedb28c942b" testListId="8c84fa94-04c1-424b-9868-57a2d4851a1d" />
    <TestEntry testId="1863aa0b-a3c8-efec-2092-fb0c0465aa76" executionId="eab877b3-c5ba-43b0-a9c7-5a1efd63af35" testListId="8c84fa94-04c1-424b-9868-57a2d4851a1d" />
    <TestEntry testId="a9f2a111-d7ff-502e-d0c1-12bb779b9a03" executionId="9f4363d0-ac74-4305-beee-75a27df7d139" testListId="8c84fa94-04c1-424b-9868-57a2d4851a1d" />
    <TestEntry testId="6b973b55-abab-6b75-d3a3-2be5c4a51a38" executionId="694900f3-a6e6-4593-8dcd-10c9ef5bdfa2" testListId="8c84fa94-04c1-424b-9868-57a2d4851a1d" />
    <TestEntry testId="ce723d3e-572b-c008-9514-11f2d1e62fec" executionId="bf6015a3-29f9-4904-aec4-7022fde033d5" testListId="8c84fa94-04c1-424b-9868-57a2d4851a1d" />
    <TestEntry testId="c2c47739-ecc1-5d9d-3a31-3371d0f4759a" executionId="86fef9a4-b1cc-4fa7-8d81-69653cc02eac" testListId="8c84fa94-04c1-424b-9868-57a2d4851a1d" />
    <TestEntry testId="e37a5918-7d29-f75c-45f8-bafc3a7410d8" executionId="bb1bd30a-d460-4f01-b195-2d44091c16a5" testListId="8c84fa94-04c1-424b-9868-57a2d4851a1d" />
    <TestEntry testId="3e2c93e5-5672-1049-ef93-b9a08b33b1b7" executionId="392a5c33-bb75-403a-950d-885848d93329" testListId="8c84fa94-04c1-424b-9868-57a2d4851a1d" />
    <TestEntry testId="219b6938-6abc-e6d4-7679-8ef4ebd67037" executionId="4a46df70-ce5d-4164-9910-ea0fabe663d0" testListId="8c84fa94-04c1-424b-9868-57a2d4851a1d" />
    <TestEntry testId="806fda81-988d-3e5c-72c9-e603874e90e3" executionId="9ed7e8b1-a16f-4b95-ad57-46be3f46d4db" testListId="8c84fa94-04c1-424b-9868-57a2d4851a1d" />
    <TestEntry testId="1dee4953-2706-31bc-2323-53f91e6f858d" executionId="d7c2b279-41c3-4483-8e86-face1976b130" testListId="8c84fa94-04c1-424b-9868-57a2d4851a1d" />
    <TestEntry testId="4652f6b4-d572-cfe3-48df-780cba8d2ecc" executionId="ff0eae38-02cd-46a7-b2c0-c768e0fb3448" testListId="8c84fa94-04c1-424b-9868-57a2d4851a1d" />
    <TestEntry testId="7fe8c269-9a32-e251-a975-584581a7a652" executionId="922d79c1-5da3-4ed4-a9cd-3fb6a9f66f95" testListId="8c84fa94-04c1-424b-9868-57a2d4851a1d" />
    <TestEntry testId="5628be98-33f1-45ff-365b-884f9b0ea074" executionId="a589e1ed-323d-4abe-8b09-7a9a43397ee8" testListId="8c84fa94-04c1-424b-9868-57a2d4851a1d" />
    <TestEntry testId="64aeafb9-1e38-9033-4219-79d68ba01a6b" executionId="a225363b-b592-4154-8206-5fe13ff9483b" testListId="8c84fa94-04c1-424b-9868-57a2d4851a1d" />
    <TestEntry testId="6d36de9c-a8f3-85ed-5068-34aba34b30e1" executionId="caf6a4d3-ebdb-4084-ad6c-12d82fe67888" testListId="8c84fa94-04c1-424b-9868-57a2d4851a1d" />
  </TestEntries>
  <TestLists>
    <TestList name="Results Not in a List" id="8c84fa94-04c1-424b-9868-57a2d4851a1d" />
    <TestList name="All Loaded Results" id="19431567-8539-422a-85d7-44ee4e166bda" />
  </TestLists>
  <ResultSummary outcome="Completed">
    <Counters total="83" executed="83" passed="83" failed="0" error="0" timeout="0" aborted="0" inconclusive="0" passedButRunAborted="0" notRunnable="0" notExecuted="0" disconnected="0" warning="0" completed="0" inProgress="0" pending="0" />
    <Output>
      <StdOut>[xUnit.net 00:00:00.00] xUnit.net VSTest Adapter v2.8.2+699d445a1a (64-bit .NET 10.0.12)&#xD;
[xUnit.net 00:00:00.36]   Discovering: AeroTech.Ordering.Persistence.Tests&#xD;
[xUnit.net 00:00:00.56]   Discovered:  AeroTech.Ordering.Persistence.Tests&#xD;
[xUnit.net 00:00:00.57]   Starting:    AeroTech.Ordering.Persistence.Tests&#xD;
[xUnit.net 00:01:18.04]   Finished:    AeroTech.Ordering.Persistence.Tests&#xD;
</StdOut>
    </Output>
  </ResultSummary>
</TestRun>