<?xml version="1.0" encoding="utf-8"?>
<TestRun id="13d69fce-70b7-400f-adc8-d85dd5bcd7b6" name="Al.Farhadi@AL-FARHADI-L 2026-09-18 02:57:12" runUser="ALIBABA\Al.Farhadi" xmlns="http://microsoft.com/schemas/VisualStudio/TeamTest/2010">
  <Times creation="2026-09-18T02:57:12.5019608+03:30" queuing="2026-09-18T02:57:12.5019615+03:30" start="2026-09-18T02:57:06.9438705+03:30" finish="2026-09-18T02:58:53.6917814+03:30" />
  <TestSettings name="default" id="12cf5c6c-d332-4596-93ea-f6151be07371">
    <Deployment runDeploymentRoot="Al.Farhadi_AL-FARHADI-L_2026-09-18_02_57_12" />
  </TestSettings>
  <Results>
    <UnitTestResult executionId="26cc30b0-ab74-483c-b6e1-e450f2a47317" testId="e4e92790-5359-1360-2c04-ea8ed7cd25c1" testName="AeroTech.Ordering.Persistence.Tests.Composition.SingleRegistrationGuardTests.Real_and_deterministic_binding_of_the_same_contract_fail_with_the_named_duplicate" computerName="AL-FARHADI-L" duration="00:00:00.0011643" startTime="2026-09-18T02:57:12.4491393+03:30" endTime="2026-09-18T02:57:12.4491395+03:30" testType="13cdc9d9-ddb5-4fa4-a97d-d965ccfc6d4b" outcome="Passed" testListId="8c84fa94-04c1-424b-9868-57a2d4851a1d" relativeResultsDirectory="26cc30b0-ab74-483c-b6e1-e450f2a47317" />
    <UnitTestResult executionId="ce838a18-b837-4b1f-a908-5e0990098ac4" testId="3055b541-fbb8-a21e-1eb2-2cedfd5a4472" testName="AeroTech.Ordering.Persistence.Tests.Architecture.S1RailTests.Each_s1_command_and_query_has_exactly_one_canonical_handler(request: typeof(AeroTech.Ordering.Application.OrderPreparationAggregate.Commands.PrepareOrderFromOffer.PrepareOrderFromOfferCommand))" computerName="AL-FARHADI-L" duration="00:00:01.6098094" startTime="2026-09-18T02:57:13.1435059+03:30" endTime="2026-09-18T02:57:13.1435065+03:30" testType="13cdc9d9-ddb5-4fa4-a97d-d965ccfc6d4b" outcome="Passed" testListId="8c84fa94-04c1-424b-9868-57a2d4851a1d" relativeResultsDirectory="ce838a18-b837-4b1f-a908-5e0990098ac4" />
    <UnitTestResult executionId="918635fa-ea45-4362-a181-34aadc575aa8" testId="6103cffd-6578-ff3d-6621-f1db5a771581" testName="AeroTech.Ordering.Persistence.Tests.Precision.DecimalPrecisionTests.The_removed_blanket_precision_would_have_truncated_the_values" computerName="AL-FARHADI-L" duration="00:00:00.0047913" startTime="2026-09-18T02:58:01.6554846+03:30" endTime="2026-09-18T02:58:01.6554851+03:30" testType="13cdc9d9-ddb5-4fa4-a97d-d965ccfc6d4b" outcome="Passed" testListId="8c84fa94-04c1-424b-9868-57a2d4851a1d" relativeResultsDirectory="918635fa-ea45-4362-a181-34aadc575aa8" />
    <UnitTestResult executionId="d24c1827-5e9c-424a-9a54-6cfd9c5099a9" testId="ac0cffaf-9f34-581b-25e3-220747e6735d" testName="AeroTech.Ordering.Persistence.Tests.Inbox.InboxConsumeFilterTests.Classifier_accepts_only_the_inbox_key_violation" computerName="AL-FARHADI-L" duration="00:00:00.1221342" startTime="2026-09-18T02:58:06.0032786+03:30" endTime="2026-09-18T02:58:06.0032793+03:30" testType="13cdc9d9-ddb5-4fa4-a97d-d965ccfc6d4b" outcome="Passed" testListId="8c84fa94-04c1-424b-9868-57a2d4851a1d" relativeResultsDirectory="d24c1827-5e9c-424a-9a54-6cfd9c5099a9" />
    <UnitTestResult executionId="c55ff593-8c5e-431f-9adf-7cff228184bd" testId="bc289e95-ec7d-dedc-9ee2-1dd75f065923" testName="AeroTech.Ordering.Persistence.Tests.Composition.HostCompositionTests.Bearer_validation_follows_the_identity_authority_and_audience" computerName="AL-FARHADI-L" duration="00:00:00.3532304" startTime="2026-09-18T02:58:36.0323527+03:30" endTime="2026-09-18T02:58:36.0323533+03:30" testType="13cdc9d9-ddb5-4fa4-a97d-d965ccfc6d4b" outcome="Passed" testListId="8c84fa94-04c1-424b-9868-57a2d4851a1d" relativeResultsDirectory="c55ff593-8c5e-431f-9adf-7cff228184bd" />
    <UnitTestResult executionId="bb507481-21d7-4089-82fc-b9401f07f57c" testId="0c92b9f7-3194-c653-ad01-0165d4987902" testName="AeroTech.Ordering.Persistence.Tests.S1.PrepareCreateGetTests.SC_S1_017_other_customer_cannot_reach_preparation_order_operation_or_receipt" computerName="AL-FARHADI-L" duration="00:00:00.4034896" startTime="2026-09-18T02:57:59.4555983+03:30" endTime="2026-09-18T02:57:59.4555987+03:30" testType="13cdc9d9-ddb5-4fa4-a97d-d965ccfc6d4b" outcome="Passed" testListId="8c84fa94-04c1-424b-9868-57a2d4851a1d" relativeResultsDirectory="bb507481-21d7-4089-82fc-b9401f07f57c" />
    <UnitTestResult executionId="35049758-e9a0-41e9-879d-da0fb0d29597" testId="c429f3e8-3db2-c459-813e-c07344150128" testName="AeroTech.Ordering.Persistence.Tests.S1.AirOfferLiveCandidateBridgeTests.Observed_wire_violations_fail_mapping_instead_of_guessing(defect: &quot;percentage-without-sale-valuation&quot;)" computerName="AL-FARHADI-L" duration="00:00:03.6248400" startTime="2026-09-18T02:57:31.9048853+03:30" endTime="2026-09-18T02:57:31.9048856+03:30" testType="13cdc9d9-ddb5-4fa4-a97d-d965ccfc6d4b" outcome="Passed" testListId="8c84fa94-04c1-424b-9868-57a2d4851a1d" relativeResultsDirectory="35049758-e9a0-41e9-879d-da0fb0d29597" />
    <UnitTestResult executionId="fe4d4cdf-5cc8-4d71-8b14-92cfc0107e38" testId="8eccce5f-e7a2-d580-f42d-0e56db5c9a8f" testName="AeroTech.Ordering.Persistence.Tests.Inbox.InboxConsumeFilterTests.Unrelated_sql_failure_is_not_classified_as_a_duplicate" computerName="AL-FARHADI-L" duration="00:00:20.5045611" startTime="2026-09-18T02:58:26.9231833+03:30" endTime="2026-09-18T02:58:26.9231837+03:30" testType="13cdc9d9-ddb5-4fa4-a97d-d965ccfc6d4b" outcome="Passed" testListId="8c84fa94-04c1-424b-9868-57a2d4851a1d" relativeResultsDirectory="fe4d4cdf-5cc8-4d71-8b14-92cfc0107e38" />
    <UnitTestResult executionId="24341ed8-a220-4344-859a-ba76ccc49385" testId="1720d25f-b7f6-02dc-980d-45ff9b0c34e4" testName="AeroTech.Ordering.Persistence.Tests.Inbox.InboxConsumeFilterOutcomeTests.Message_without_transport_identity_is_rejected_before_the_consumer_runs" computerName="AL-FARHADI-L" duration="00:00:00.0104664" startTime="2026-09-18T02:58:03.4010434+03:30" endTime="2026-09-18T02:58:03.4010437+03:30" testType="13cdc9d9-ddb5-4fa4-a97d-d965ccfc6d4b" outcome="Passed" testListId="8c84fa94-04c1-424b-9868-57a2d4851a1d" relativeResultsDirectory="24341ed8-a220-4344-859a-ba76ccc49385" />
    <UnitTestResult executionId="5fda8f35-7708-4959-aa6e-23ad61aad046" testId="1dee4953-2706-31bc-2323-53f91e6f858d" testName="AeroTech.Ordering.Persistence.Tests.Inbox.InboxConsumeFilterTests.Concurrent_duplicate_marker_discards_the_losing_delivery_without_committing_its_work" computerName="AL-FARHADI-L" duration="00:00:00.3659178" startTime="2026-09-18T02:58:06.3833003+03:30" endTime="2026-09-18T02:58:06.3833006+03:30" testType="13cdc9d9-ddb5-4fa4-a97d-d965ccfc6d4b" outcome="Passed" testListId="8c84fa94-04c1-424b-9868-57a2d4851a1d" relativeResultsDirectory="5fda8f35-7708-4959-aa6e-23ad61aad046" />
    <UnitTestResult executionId="bae5597f-b5a4-47c4-a4a7-e129a1449051" testId="1bf25083-1907-15d8-72a1-9719d6a773fe" testName="AeroTech.Ordering.Persistence.Tests.Precision.DecimalPrecisionTests.Amount_rate_and_quantity_round_trip_unchanged_on_sql_server" computerName="AL-FARHADI-L" duration="00:00:00.1034274" startTime="2026-09-18T02:58:01.6504318+03:30" endTime="2026-09-18T02:58:01.6504321+03:30" testType="13cdc9d9-ddb5-4fa4-a97d-d965ccfc6d4b" outcome="Passed" testListId="8c84fa94-04c1-424b-9868-57a2d4851a1d" relativeResultsDirectory="bae5597f-b5a4-47c4-a4a7-e129a1449051" />
    <UnitTestResult executionId="8d459a9a-d6a1-4c7b-ae92-fed4ef7402dd" testId="7179356a-11ea-06cf-2be5-5134fe9fff94" testName="AeroTech.Ordering.Persistence.Tests.Composition.SingleRegistrationGuardTests.Single_bindings_pass" computerName="AL-FARHADI-L" duration="00:00:00.0021509" startTime="2026-09-18T02:57:12.4154727+03:30" endTime="2026-09-18T02:57:12.4154728+03:30" testType="13cdc9d9-ddb5-4fa4-a97d-d965ccfc6d4b" outcome="Passed" testListId="8c84fa94-04c1-424b-9868-57a2d4851a1d" relativeResultsDirectory="8d459a9a-d6a1-4c7b-ae92-fed4ef7402dd" />
    <UnitTestResult executionId="4def67df-9bc0-4974-96f0-571a1707084c" testId="572f93a5-52cc-e00d-1e4c-cf22f71126a5" testName="AeroTech.Ordering.Persistence.Tests.S1.PrepareCreateGetTests.SC_S1_021_unregistered_product_schema_is_unsupported_before_any_preparation" computerName="AL-FARHADI-L" duration="00:00:00.2015390" startTime="2026-09-18T02:57:53.3526861+03:30" endTime="2026-09-18T02:57:53.3526866+03:30" testType="13cdc9d9-ddb5-4fa4-a97d-d965ccfc6d4b" outcome="Passed" testListId="8c84fa94-04c1-424b-9868-57a2d4851a1d" relativeResultsDirectory="4def67df-9bc0-4974-96f0-571a1707084c" />
    <UnitTestResult executionId="89422c90-e443-4384-b15d-7ad07090bfdc" testId="776e1f55-733b-98e7-d8b1-68edb51fdedf" testName="AeroTech.Ordering.Persistence.Tests.Architecture.S1RailTests.Each_s1_command_and_query_has_exactly_one_canonical_handler(request: typeof(AeroTech.Ordering.Query.OrderAggregate.Queries.GetOrder.GetOrderQuery))" computerName="AL-FARHADI-L" duration="00:00:00.0002821" startTime="2026-09-18T02:57:13.1453448+03:30" endTime="2026-09-18T02:57:13.1453450+03:30" testType="13cdc9d9-ddb5-4fa4-a97d-d965ccfc6d4b" outcome="Passed" testListId="8c84fa94-04c1-424b-9868-57a2d4851a1d" relativeResultsDirectory="89422c90-e443-4384-b15d-7ad07090bfdc" />
    <UnitTestResult executionId="a0319206-6486-425d-a86f-86b545490e79" testId="ab448388-39b8-866f-d2b3-4730b8dea2f4" testName="AeroTech.Ordering.Persistence.Tests.Outbox.OutboxDispatcherTests.Lost_acknowledgement_republishes_the_same_identity_and_payload_and_the_receiver_commits_one_fact" computerName="AL-FARHADI-L" duration="00:00:00.1692495" startTime="2026-09-18T02:58:02.7352685+03:30" endTime="2026-09-18T02:58:02.7352687+03:30" testType="13cdc9d9-ddb5-4fa4-a97d-d965ccfc6d4b" outcome="Passed" testListId="8c84fa94-04c1-424b-9868-57a2d4851a1d" relativeResultsDirectory="a0319206-6486-425d-a86f-86b545490e79" />
    <UnitTestResult executionId="06dafa96-777e-45e0-9951-d598d85d4566" testId="7fe8c269-9a32-e251-a975-584581a7a652" testName="AeroTech.Ordering.Persistence.Tests.S1.PrepareCreateGetTests.SC_S1_007_technical_stop_is_one_service_with_two_itinerary_legs" computerName="AL-FARHADI-L" duration="00:00:00.3836966" startTime="2026-09-18T02:57:55.4984121+03:30" endTime="2026-09-18T02:57:55.4984123+03:30" testType="13cdc9d9-ddb5-4fa4-a97d-d965ccfc6d4b" outcome="Passed" testListId="8c84fa94-04c1-424b-9868-57a2d4851a1d" relativeResultsDirectory="06dafa96-777e-45e0-9951-d598d85d4566" />
    <UnitTestResult executionId="ba4f40b7-4a6e-4c85-8be1-9b2956823e8a" testId="a9a1e732-a3a9-917a-46f6-5c35e692478f" testName="AeroTech.Ordering.Persistence.Tests.Architecture.LayerReferenceTests.Domain_references_no_infrastructure_assembly" computerName="AL-FARHADI-L" duration="00:00:00.0013395" startTime="2026-09-18T02:57:12.2403637+03:30" endTime="2026-09-18T02:57:12.2403639+03:30" testType="13cdc9d9-ddb5-4fa4-a97d-d965ccfc6d4b" outcome="Passed" testListId="8c84fa94-04c1-424b-9868-57a2d4851a1d" relativeResultsDirectory="ba4f40b7-4a6e-4c85-8be1-9b2956823e8a" />
    <UnitTestResult executionId="7bba44eb-002c-4637-aebf-530d2ec6e207" testId="cf3040ad-8323-5d1e-9227-cb4e6b614c40" testName="AeroTech.Ordering.Persistence.Tests.S1.AirOfferLiveCandidateBridgeTests.Percentage_order_charge_is_valued_from_its_sale_currency_equivalent" computerName="AL-FARHADI-L" duration="00:00:00.0952221" startTime="2026-09-18T02:57:41.4018051+03:30" endTime="2026-09-18T02:57:41.4018057+03:30" testType="13cdc9d9-ddb5-4fa4-a97d-d965ccfc6d4b" outcome="Passed" testListId="8c84fa94-04c1-424b-9868-57a2d4851a1d" relativeResultsDirectory="7bba44eb-002c-4637-aebf-530d2ec6e207" />
    <UnitTestResult executionId="c19a6cac-0b42-4445-9318-cfaa4b38a9c7" testId="ef9cc8ee-d321-d954-5664-aa06c8f31e51" testName="AeroTech.Ordering.Persistence.Tests.Architecture.DomainMessagesAllowlistTests.Metadata_reader_sees_the_caller_context_Messages_references" computerName="AL-FARHADI-L" duration="00:00:00.4770687" startTime="2026-09-18T02:57:12.8998065+03:30" endTime="2026-09-18T02:57:12.8998071+03:30" testType="13cdc9d9-ddb5-4fa4-a97d-d965ccfc6d4b" outcome="Passed" testListId="8c84fa94-04c1-424b-9868-57a2d4851a1d" relativeResultsDirectory="c19a6cac-0b42-4445-9318-cfaa4b38a9c7" />
    <UnitTestResult executionId="a632633c-bd33-4085-8653-51bae9a8f10d" testId="418836b7-e3ff-4101-2973-a26554770e1c" testName="AeroTech.Ordering.Persistence.Tests.S1.PrepareCreateGetTests.SC_S1_005_concurrent_creates_with_different_keys_commit_exactly_one_order" computerName="AL-FARHADI-L" duration="00:00:00.5964108" startTime="2026-09-18T02:57:53.9502295+03:30" endTime="2026-09-18T02:57:53.9502298+03:30" testType="13cdc9d9-ddb5-4fa4-a97d-d965ccfc6d4b" outcome="Passed" testListId="8c84fa94-04c1-424b-9868-57a2d4851a1d" relativeResultsDirectory="a632633c-bd33-4085-8653-51bae9a8f10d" />
    <UnitTestResult executionId="122b41e2-e3f2-435b-8f02-28ba5872e570" testId="4652f6b4-d572-cfe3-48df-780cba8d2ecc" testName="AeroTech.Ordering.Persistence.Tests.Inbox.InboxConsumeFilterOutcomeTests.Republished_event_with_a_new_transport_id_does_not_reach_the_consumer_again" computerName="AL-FARHADI-L" duration="00:00:00.0244250" startTime="2026-09-18T02:58:03.3096018+03:30" endTime="2026-09-18T02:58:03.3096022+03:30" testType="13cdc9d9-ddb5-4fa4-a97d-d965ccfc6d4b" outcome="Passed" testListId="8c84fa94-04c1-424b-9868-57a2d4851a1d" relativeResultsDirectory="122b41e2-e3f2-435b-8f02-28ba5872e570" />
    <UnitTestResult executionId="c5c9b4e3-4009-48a4-8480-b86eedea5a96" testId="64aeafb9-1e38-9033-4219-79d68ba01a6b" testName="AeroTech.Ordering.Persistence.Tests.Architecture.S1RailTests.Each_s1_command_and_query_has_exactly_one_canonical_handler(request: typeof(AeroTech.Ordering.Query.OperationAggregate.Queries.GetOperation.GetOperationQuery))" computerName="AL-FARHADI-L" duration="00:00:00.0003429" startTime="2026-09-18T02:57:13.1449817+03:30" endTime="2026-09-18T02:57:13.1449820+03:30" testType="13cdc9d9-ddb5-4fa4-a97d-d965ccfc6d4b" outcome="Passed" testListId="8c84fa94-04c1-424b-9868-57a2d4851a1d" relativeResultsDirectory="c5c9b4e3-4009-48a4-8480-b86eedea5a96" />
    <UnitTestResult executionId="ee3ea4d8-1d12-4ebd-bac2-b889384573ca" testId="a9f2a111-d7ff-502e-d0c1-12bb779b9a03" testName="AeroTech.Ordering.Persistence.Tests.S1.PrepareCreateGetTests.SC_S1_016_invalid_traveler_binding_is_rejected_before_any_order" computerName="AL-FARHADI-L" duration="00:00:00.2534339" startTime="2026-09-18T02:57:55.1137494+03:30" endTime="2026-09-18T02:57:55.1137497+03:30" testType="13cdc9d9-ddb5-4fa4-a97d-d965ccfc6d4b" outcome="Passed" testListId="8c84fa94-04c1-424b-9868-57a2d4851a1d" relativeResultsDirectory="ee3ea4d8-1d12-4ebd-bac2-b889384573ca" />
    <UnitTestResult executionId="d9cdac76-9321-4a34-8f44-166ff6fbe48d" testId="d8622e85-2a35-8484-865b-c273fb195925" testName="AeroTech.Ordering.Persistence.Tests.S1.AirOfferLiveCandidateBridgeTests.SC_S1_018_live_candidate_keeps_not_supplied_validity_and_is_blocked_for_real_effects" computerName="AL-FARHADI-L" duration="00:00:09.0271683" startTime="2026-09-18T02:57:41.1657414+03:30" endTime="2026-09-18T02:57:41.1657419+03:30" testType="13cdc9d9-ddb5-4fa4-a97d-d965ccfc6d4b" outcome="Passed" testListId="8c84fa94-04c1-424b-9868-57a2d4851a1d" relativeResultsDirectory="d9cdac76-9321-4a34-8f44-166ff6fbe48d" />
    <UnitTestResult executionId="e0506424-ed0d-4bf0-90ab-156d4045a3ee" testId="84a4f13a-4e16-4c3e-b243-a46a37937ffe" testName="AeroTech.Ordering.Persistence.Tests.Architecture.S1RailTests.Each_s1_command_and_query_has_exactly_one_canonical_handler(request: typeof(AeroTech.Ordering.Application.OrderAggregate.Commands.RebuildOrderProjection.RebuildOrderProjectionCommand))" computerName="AL-FARHADI-L" duration="00:00:00.0008328" startTime="2026-09-18T02:57:13.1445023+03:30" endTime="2026-09-18T02:57:13.1445027+03:30" testType="13cdc9d9-ddb5-4fa4-a97d-d965ccfc6d4b" outcome="Passed" testListId="8c84fa94-04c1-424b-9868-57a2d4851a1d" relativeResultsDirectory="e0506424-ed0d-4bf0-90ab-156d4045a3ee" />
    <UnitTestResult executionId="8073631c-41ab-4b1a-9591-8be4b43b3218" testId="6a1aee1a-c70e-893a-46db-5269df4c91a1" testName="AeroTech.Ordering.Persistence.Tests.S1.AtomicityAndRebuildTests.Rebuild_never_overwrites_a_newer_projection_revision" computerName="AL-FARHADI-L" duration="00:00:01.1150545" startTime="2026-09-18T02:57:51.1675835+03:30" endTime="2026-09-18T02:57:51.1675839+03:30" testType="13cdc9d9-ddb5-4fa4-a97d-d965ccfc6d4b" outcome="Passed" testListId="8c84fa94-04c1-424b-9868-57a2d4851a1d" relativeResultsDirectory="8073631c-41ab-4b1a-9591-8be4b43b3218" />
    <UnitTestResult executionId="14ea2ef9-dd7b-4010-a946-58163b99b4ab" testId="e19ba701-5e43-5c35-92a5-025554c7c33f" testName="AeroTech.Ordering.Persistence.Tests.Api.OrderingApiSurfaceTests.An_unknown_or_inactive_financial_customer_is_rejected" computerName="AL-FARHADI-L" duration="00:00:00.1072243" startTime="2026-09-18T02:58:43.6372077+03:30" endTime="2026-09-18T02:58:43.6372085+03:30" testType="13cdc9d9-ddb5-4fa4-a97d-d965ccfc6d4b" outcome="Passed" testListId="8c84fa94-04c1-424b-9868-57a2d4851a1d" relativeResultsDirectory="14ea2ef9-dd7b-4010-a946-58163b99b4ab" />
    <UnitTestResult executionId="46f5a1fd-1376-43df-b172-fa624b2ff1a4" testId="219b6938-6abc-e6d4-7679-8ef4ebd67037" testName="AeroTech.Ordering.Persistence.Tests.Architecture.S1RailTests.Every_query_type_lives_in_the_query_project" computerName="AL-FARHADI-L" duration="00:00:00.0036639" startTime="2026-09-18T02:57:13.1583144+03:30" endTime="2026-09-18T02:57:13.1583148+03:30" testType="13cdc9d9-ddb5-4fa4-a97d-d965ccfc6d4b" outcome="Passed" testListId="8c84fa94-04c1-424b-9868-57a2d4851a1d" relativeResultsDirectory="46f5a1fd-1376-43df-b172-fa624b2ff1a4" />
    <UnitTestResult executionId="2394fa30-3c1e-43af-9f49-74cd023dc86b" testId="98220d85-858c-3986-3ca8-2111c99c438a" testName="AeroTech.Ordering.Persistence.Tests.S1.PrepareCreateGetTests.SC_S1_019_expired_owner_validity_blocks_acceptance_at_its_own_instant" computerName="AL-FARHADI-L" duration="00:00:00.3212772" startTime="2026-09-18T02:57:59.7779157+03:30" endTime="2026-09-18T02:57:59.7779163+03:30" testType="13cdc9d9-ddb5-4fa4-a97d-d965ccfc6d4b" outcome="Passed" testListId="8c84fa94-04c1-424b-9868-57a2d4851a1d" relativeResultsDirectory="2394fa30-3c1e-43af-9f49-74cd023dc86b" />
    <UnitTestResult executionId="2613f1ee-405c-4fd6-b3fc-d5881d54b394" testId="a646ace9-1e43-5e80-8126-972a679f91e5" testName="AeroTech.Ordering.Persistence.Tests.S1.AirOfferLiveCandidateBridgeTests.SC_S1_015_hierarchy_total_mismatch_is_contract_mismatch_and_persists_nothing" computerName="AL-FARHADI-L" duration="00:00:00.0807757" startTime="2026-09-18T02:57:41.5729117+03:30" endTime="2026-09-18T02:57:41.5729124+03:30" testType="13cdc9d9-ddb5-4fa4-a97d-d965ccfc6d4b" outcome="Passed" testListId="8c84fa94-04c1-424b-9868-57a2d4851a1d" relativeResultsDirectory="2613f1ee-405c-4fd6-b3fc-d5881d54b394" />
    <UnitTestResult executionId="06651a9f-845c-4264-8576-d17967d49028" testId="e3a9a546-24e5-93f9-c73b-9b85001e5656" testName="AeroTech.Ordering.Persistence.Tests.S1.PrepareCreateGetTests.SC_S1_004_same_key_for_another_preparation_is_a_conflict_and_changes_nothing" computerName="AL-FARHADI-L" duration="00:00:00.3415312" startTime="2026-09-18T02:57:59.0482093+03:30" endTime="2026-09-18T02:57:59.0482097+03:30" testType="13cdc9d9-ddb5-4fa4-a97d-d965ccfc6d4b" outcome="Passed" testListId="8c84fa94-04c1-424b-9868-57a2d4851a1d" relativeResultsDirectory="06651a9f-845c-4264-8576-d17967d49028" />
    <UnitTestResult executionId="300f7b12-2a06-4b90-99d1-1dd52a0d259b" testId="b3a4dcb7-1d70-0086-e23e-0a08e9687968" testName="AeroTech.Ordering.Persistence.Tests.Composition.HostCompositionTests.Missing_identity_authority_fails_startup" computerName="AL-FARHADI-L" duration="00:00:00.1190427" startTime="2026-09-18T02:58:36.1534329+03:30" endTime="2026-09-18T02:58:36.1534336+03:30" testType="13cdc9d9-ddb5-4fa4-a97d-d965ccfc6d4b" outcome="Passed" testListId="8c84fa94-04c1-424b-9868-57a2d4851a1d" relativeResultsDirectory="300f7b12-2a06-4b90-99d1-1dd52a0d259b" />
    <UnitTestResult executionId="01645464-bd3b-4d0d-98c7-1805adb6afed" testId="fd071834-4edf-9839-eeff-2dbe73c459ba" testName="AeroTech.Ordering.Persistence.Tests.Architecture.DomainMessagesAllowlistTests.Allowlist_check_detects_a_forbidden_Messages_type" computerName="AL-FARHADI-L" duration="00:00:00.0008388" startTime="2026-09-18T02:57:12.9009073+03:30" endTime="2026-09-18T02:57:12.9009076+03:30" testType="13cdc9d9-ddb5-4fa4-a97d-d965ccfc6d4b" outcome="Passed" testListId="8c84fa94-04c1-424b-9868-57a2d4851a1d" relativeResultsDirectory="01645464-bd3b-4d0d-98c7-1805adb6afed" />
    <UnitTestResult executionId="194a874e-2834-45a2-ac1b-44cfddbc7d5f" testId="6348dadc-bd43-cc13-57ac-1e54fcb496b3" testName="AeroTech.Ordering.Persistence.Tests.S1.AtomicityAndRebuildTests.SC_S1_020_restart_owner_offline_projection_rebuild_reproduces_the_same_view" computerName="AL-FARHADI-L" duration="00:00:01.3976241" startTime="2026-09-18T02:57:53.1499797+03:30" endTime="2026-09-18T02:57:53.1499800+03:30" testType="13cdc9d9-ddb5-4fa4-a97d-d965ccfc6d4b" outcome="Passed" testListId="8c84fa94-04c1-424b-9868-57a2d4851a1d" relativeResultsDirectory="194a874e-2834-45a2-ac1b-44cfddbc7d5f" />
    <UnitTestResult executionId="2d649df3-430a-4231-8084-549f989d9eaa" testId="947d924d-0fdf-62c1-be59-f424639d5653" testName="AeroTech.Ordering.Persistence.Tests.Api.OrderingApiSurfaceTests.Service_surface_needs_no_token_and_never_returns_protected_payloads" computerName="AL-FARHADI-L" duration="00:00:00.6648105" startTime="2026-09-18T02:58:51.4459774+03:30" endTime="2026-09-18T02:58:51.4459779+03:30" testType="13cdc9d9-ddb5-4fa4-a97d-d965ccfc6d4b" outcome="Passed" testListId="8c84fa94-04c1-424b-9868-57a2d4851a1d" relativeResultsDirectory="2d649df3-430a-4231-8084-549f989d9eaa" />
    <UnitTestResult executionId="f0a42cdf-5bfa-4d41-aeb9-28439d03af57" testId="5b85db0c-74d1-5d39-251c-43175678ecd3" testName="AeroTech.Ordering.Persistence.Tests.Api.OrderingApiSurfaceTests.A_token_of_another_surface_is_rejected_on_every_authenticated_sale_surface" computerName="AL-FARHADI-L" duration="00:00:01.7538719" startTime="2026-09-18T02:58:41.8150917+03:30" endTime="2026-09-18T02:58:41.8150921+03:30" testType="13cdc9d9-ddb5-4fa4-a97d-d965ccfc6d4b" outcome="Passed" testListId="8c84fa94-04c1-424b-9868-57a2d4851a1d" relativeResultsDirectory="f0a42cdf-5bfa-4d41-aeb9-28439d03af57" />
    <UnitTestResult executionId="406d0c19-a0f8-47bb-ac00-39c61421a194" testId="3fc5e02e-5d80-980c-fce1-499b8a4bda0b" testName="AeroTech.Ordering.Persistence.Tests.S1.PrepareCreateGetTests.SC_S1_008_source_priced_package_persists_one_item_with_four_services" computerName="AL-FARHADI-L" duration="00:00:00.9044126" startTime="2026-09-18T02:57:54.8590435+03:30" endTime="2026-09-18T02:57:54.8590445+03:30" testType="13cdc9d9-ddb5-4fa4-a97d-d965ccfc6d4b" outcome="Passed" testListId="8c84fa94-04c1-424b-9868-57a2d4851a1d" relativeResultsDirectory="406d0c19-a0f8-47bb-ac00-39c61421a194" />
    <UnitTestResult executionId="28715b53-a019-4266-ad4e-cc0ece39883f" testId="90a4322e-ca04-9578-e046-d7476ddec83d" testName="AeroTech.Ordering.Persistence.Tests.Architecture.DomainMessagesAllowlistTests.Domain_uses_only_allowlisted_Messages_types" computerName="AL-FARHADI-L" duration="00:00:00.8762491" startTime="2026-09-18T02:57:12.4097272+03:30" endTime="2026-09-18T02:57:12.4097278+03:30" testType="13cdc9d9-ddb5-4fa4-a97d-d965ccfc6d4b" outcome="Passed" testListId="8c84fa94-04c1-424b-9868-57a2d4851a1d" relativeResultsDirectory="28715b53-a019-4266-ad4e-cc0ece39883f" />
    <UnitTestResult executionId="59505a7f-bc80-4c20-89c6-b2935e98d3b9" testId="50fcdd92-7c49-a4ae-7e72-fa4fe3e192f0" testName="AeroTech.Ordering.Persistence.Tests.S1.AirOfferLiveOwnerTests.Recorded_live_owner_response_is_normalized_and_prepared" computerName="AL-FARHADI-L" duration="00:00:01.0367366" startTime="2026-09-18T02:57:42.9685480+03:30" endTime="2026-09-18T02:57:42.9685485+03:30" testType="13cdc9d9-ddb5-4fa4-a97d-d965ccfc6d4b" outcome="Passed" testListId="8c84fa94-04c1-424b-9868-57a2d4851a1d" relativeResultsDirectory="59505a7f-bc80-4c20-89c6-b2935e98d3b9" />
    <UnitTestResult executionId="357f218e-283f-4144-a1d3-4414787b2fd4" testId="8f17ae6f-6c7f-4eb9-2087-1f8f58bedc63" testName="AeroTech.Ordering.Persistence.Tests.Deterministic.DeterministicEffectStoreTests.Owner_database_is_not_the_ordering_database" computerName="AL-FARHADI-L" duration="00:00:00.0006394" startTime="2026-09-18T02:58:26.9247213+03:30" endTime="2026-09-18T02:58:26.9247216+03:30" testType="13cdc9d9-ddb5-4fa4-a97d-d965ccfc6d4b" outcome="Passed" testListId="8c84fa94-04c1-424b-9868-57a2d4851a1d" relativeResultsDirectory="357f218e-283f-4144-a1d3-4414787b2fd4" />
    <UnitTestResult executionId="6d642352-d03b-41ab-8ed9-c6619baa79ed" testId="e86b4687-f3d0-ead7-2c23-cecacb3f3bf0" testName="AeroTech.Ordering.Persistence.Tests.Architecture.S1RailTests.Offer_providers_do_not_reference_ordering_persistence" computerName="AL-FARHADI-L" duration="00:00:00.0050292" startTime="2026-09-18T02:57:13.1561532+03:30" endTime="2026-09-18T02:57:13.1561534+03:30" testType="13cdc9d9-ddb5-4fa4-a97d-d965ccfc6d4b" outcome="Passed" testListId="8c84fa94-04c1-424b-9868-57a2d4851a1d" relativeResultsDirectory="6d642352-d03b-41ab-8ed9-c6619baa79ed" />
    <UnitTestResult executionId="fe1c26b1-a9a4-4ffc-8379-912ec43093f0" testId="bbefc021-64e2-dcda-d02c-83f35da493b1" testName="AeroTech.Ordering.Persistence.Tests.S1.PrepareCreateGetTests.SC_S1_002_reference_create_commits_one_item_one_service_total_120_and_no_fulfillment_effects" computerName="AL-FARHADI-L" duration="00:00:00.7647657" startTime="2026-09-18T02:58:00.5436907+03:30" endTime="2026-09-18T02:58:00.5436911+03:30" testType="13cdc9d9-ddb5-4fa4-a97d-d965ccfc6d4b" outcome="Passed" testListId="8c84fa94-04c1-424b-9868-57a2d4851a1d" relativeResultsDirectory="fe1c26b1-a9a4-4ffc-8379-912ec43093f0" />
    <UnitTestResult executionId="03bce4fa-026c-4cfa-9557-a535982f6135" testId="c7d41852-0798-c662-0d46-f1fc72ab4771" testName="AeroTech.Ordering.Persistence.Tests.Api.OrderingApiSurfaceTests.OtaPanel_token_sells_for_the_customer_of_its_travel_agency" computerName="AL-FARHADI-L" duration="00:00:00.8108063" startTime="2026-09-18T02:58:44.7135385+03:30" endTime="2026-09-18T02:58:44.7135388+03:30" testType="13cdc9d9-ddb5-4fa4-a97d-d965ccfc6d4b" outcome="Passed" testListId="8c84fa94-04c1-424b-9868-57a2d4851a1d" relativeResultsDirectory="03bce4fa-026c-4cfa-9557-a535982f6135" />
    <UnitTestResult executionId="f9c51aac-d4f4-43ed-afb4-01a2b75c4847" testId="e37a5918-7d29-f75c-45f8-bafc3a7410d8" testName="AeroTech.Ordering.Persistence.Tests.S1.AirOfferLiveCandidateBridgeTests.Owner_server_error_is_unavailable_and_client_error_is_not_found" computerName="AL-FARHADI-L" duration="00:00:00.0878312" startTime="2026-09-18T02:57:41.4905587+03:30" endTime="2026-09-18T02:57:41.4905597+03:30" testType="13cdc9d9-ddb5-4fa4-a97d-d965ccfc6d4b" outcome="Passed" testListId="8c84fa94-04c1-424b-9868-57a2d4851a1d" relativeResultsDirectory="f9c51aac-d4f4-43ed-afb4-01a2b75c4847" />
    <UnitTestResult executionId="0ddf806b-055a-4d56-872c-71387e56e3b9" testId="650f5aca-4390-2582-660c-98ce87804fb1" testName="AeroTech.Ordering.Persistence.Tests.Api.OrderingApiSurfaceTests.Backoffice_token_prepares_creates_and_reads_protected_travelers" computerName="AL-FARHADI-L" duration="00:00:00.5103476" startTime="2026-09-18T02:58:50.4348748+03:30" endTime="2026-09-18T02:58:50.4348753+03:30" testType="13cdc9d9-ddb5-4fa4-a97d-d965ccfc6d4b" outcome="Passed" testListId="8c84fa94-04c1-424b-9868-57a2d4851a1d" relativeResultsDirectory="0ddf806b-055a-4d56-872c-71387e56e3b9" />
    <UnitTestResult executionId="045ecf3b-2d57-4800-9882-425173374d17" testId="2de9314a-8748-9dbb-dac6-b6c5f58136e4" testName="AeroTech.Ordering.Persistence.Tests.Inbox.InboxConsumeFilterOutcomeTests.Concurrent_marker_with_a_different_payload_is_a_conflict" computerName="AL-FARHADI-L" duration="00:00:00.0841062" startTime="2026-09-18T02:58:03.1545323+03:30" endTime="2026-09-18T02:58:03.1545327+03:30" testType="13cdc9d9-ddb5-4fa4-a97d-d965ccfc6d4b" outcome="Passed" testListId="8c84fa94-04c1-424b-9868-57a2d4851a1d" relativeResultsDirectory="045ecf3b-2d57-4800-9882-425173374d17" />
    <UnitTestResult executionId="a41540d2-1af2-4718-9dc0-69c16045653a" testId="440c007b-8923-1907-747c-8c9b1d0fa5e9" testName="AeroTech.Ordering.Persistence.Tests.Api.OrderingApiSurfaceTests.Internal_projection_rebuild_needs_no_token" computerName="AL-FARHADI-L" duration="00:00:00.7877761" startTime="2026-09-18T02:58:48.4988063+03:30" endTime="2026-09-18T02:58:48.4988066+03:30" testType="13cdc9d9-ddb5-4fa4-a97d-d965ccfc6d4b" outcome="Passed" testListId="8c84fa94-04c1-424b-9868-57a2d4851a1d" relativeResultsDirectory="a41540d2-1af2-4718-9dc0-69c16045653a" />
    <UnitTestResult executionId="36d8b6e3-a1c9-411e-9273-76e541d11530" testId="cd14cdcd-5b11-36de-b70a-1983b78ca60b" testName="AeroTech.Ordering.Persistence.Tests.Outbox.OutboxDispatcherTests.Two_publishers_never_hold_the_same_row" computerName="AL-FARHADI-L" duration="00:00:00.4176385" startTime="2026-09-18T02:58:02.5649989+03:30" endTime="2026-09-18T02:58:02.5649993+03:30" testType="13cdc9d9-ddb5-4fa4-a97d-d965ccfc6d4b" outcome="Passed" testListId="8c84fa94-04c1-424b-9868-57a2d4851a1d" relativeResultsDirectory="36d8b6e3-a1c9-411e-9273-76e541d11530" />
    <UnitTestResult executionId="497b2610-0f7b-41af-8cbc-50f23e9c1451" testId="6d36de9c-a8f3-85ed-5068-34aba34b30e1" testName="AeroTech.Ordering.Persistence.Tests.S1.AirOfferLiveCandidateBridgeTests.Observed_wire_violations_fail_mapping_instead_of_guessing(defect: &quot;unknown-category&quot;)" computerName="AL-FARHADI-L" duration="00:00:00.0562122" startTime="2026-09-18T02:57:32.1374095+03:30" endTime="2026-09-18T02:57:32.1374098+03:30" testType="13cdc9d9-ddb5-4fa4-a97d-d965ccfc6d4b" outcome="Passed" testListId="8c84fa94-04c1-424b-9868-57a2d4851a1d" relativeResultsDirectory="497b2610-0f7b-41af-8cbc-50f23e9c1451" />
    <UnitTestResult executionId="7be6892a-3e6f-4605-a370-53d47c8fbac3" testId="c2c47739-ecc1-5d9d-3a31-3371d0f4759a" testName="AeroTech.Ordering.Persistence.Tests.Inbox.InboxConsumeFilterOutcomeTests.Concurrent_duplicate_marker_is_discarded_without_committing_the_losing_work" computerName="AL-FARHADI-L" duration="00:00:00.0474368" startTime="2026-09-18T02:58:03.2498043+03:30" endTime="2026-09-18T02:58:03.2498045+03:30" testType="13cdc9d9-ddb5-4fa4-a97d-d965ccfc6d4b" outcome="Passed" testListId="8c84fa94-04c1-424b-9868-57a2d4851a1d" relativeResultsDirectory="7be6892a-3e6f-4605-a370-53d47c8fbac3" />
    <UnitTestResult executionId="fed17e69-0939-4c7b-bd00-a5ffdf6a0361" testId="f98d45b9-cd1e-2279-1c15-885d0f9768b5" testName="AeroTech.Ordering.Persistence.Tests.Outbox.OutboxDispatcherTests.Expired_lease_holder_cannot_complete_a_row_claimed_by_another_publisher" computerName="AL-FARHADI-L" duration="00:00:00.4812901" startTime="2026-09-18T02:58:02.1462409+03:30" endTime="2026-09-18T02:58:02.1462411+03:30" testType="13cdc9d9-ddb5-4fa4-a97d-d965ccfc6d4b" outcome="Passed" testListId="8c84fa94-04c1-424b-9868-57a2d4851a1d" relativeResultsDirectory="fed17e69-0939-4c7b-bd00-a5ffdf6a0361" />
    <UnitTestResult executionId="89ad49cc-c924-4482-add1-84087a722282" testId="a29540f5-8a40-0ac4-5c19-0beda40cb1ea" testName="AeroTech.Ordering.Persistence.Tests.Api.OrderingApiSurfaceTests.The_route_surface_is_bound_to_the_token_surface_even_when_every_other_claim_is_present" computerName="AL-FARHADI-L" duration="00:00:00.5178539" startTime="2026-09-18T02:58:47.2464954+03:30" endTime="2026-09-18T02:58:47.2464960+03:30" testType="13cdc9d9-ddb5-4fa4-a97d-d965ccfc6d4b" outcome="Passed" testListId="8c84fa94-04c1-424b-9868-57a2d4851a1d" relativeResultsDirectory="89ad49cc-c924-4482-add1-84087a722282" />
    <UnitTestResult executionId="10ff86b1-f678-4e37-aa0a-1536d9d751cb" testId="3d496e21-b461-1e56-952d-6f5c34eefdd3" testName="AeroTech.Ordering.Persistence.Tests.Inbox.InboxConsumeFilterOutcomeTests.Message_that_is_not_an_envelope_type_is_rejected_before_the_consumer_runs" computerName="AL-FARHADI-L" duration="00:00:00.0167812" startTime="2026-09-18T02:58:03.3266753+03:30" endTime="2026-09-18T02:58:03.3266758+03:30" testType="13cdc9d9-ddb5-4fa4-a97d-d965ccfc6d4b" outcome="Passed" testListId="8c84fa94-04c1-424b-9868-57a2d4851a1d" relativeResultsDirectory="10ff86b1-f678-4e37-aa0a-1536d9d751cb" />
    <UnitTestResult executionId="af7b7391-559f-42e7-bf87-7d82ad5c2e28" testId="9fea2313-7002-4e75-bd94-92b9d271d47a" testName="AeroTech.Ordering.Persistence.Tests.Inbox.InboxConsumeFilterOutcomeTests.Message_without_envelope_source_identity_is_rejected_before_the_consumer_runs(sourceSystem: &quot;&quot;, eventId: &quot;event-1&quot;)" computerName="AL-FARHADI-L" duration="00:00:00.0614177" startTime="2026-09-18T02:58:03.0606841+03:30" endTime="2026-09-18T02:58:03.0606846+03:30" testType="13cdc9d9-ddb5-4fa4-a97d-d965ccfc6d4b" outcome="Passed" testListId="8c84fa94-04c1-424b-9868-57a2d4851a1d" relativeResultsDirectory="af7b7391-559f-42e7-bf87-7d82ad5c2e28" />
    <UnitTestResult executionId="a8b41324-8ae1-469d-805f-65a8c7e8b562" testId="5c112c78-e550-5754-021b-78dd31fa885c" testName="AeroTech.Ordering.Persistence.Tests.Api.OrderingApiSurfaceTests.Authenticated_sale_surfaces_reject_an_anonymous_caller(route: &quot;otapanel/v1/order-preparations&quot;)" computerName="AL-FARHADI-L" duration="00:00:00.0551629" startTime="2026-09-18T02:58:42.3970128+03:30" endTime="2026-09-18T02:58:42.3970132+03:30" testType="13cdc9d9-ddb5-4fa4-a97d-d965ccfc6d4b" outcome="Passed" testListId="8c84fa94-04c1-424b-9868-57a2d4851a1d" relativeResultsDirectory="a8b41324-8ae1-469d-805f-65a8c7e8b562" />
    <UnitTestResult executionId="5ded76a3-6824-4c2b-9385-b5e0a8819fe3" testId="a4e2be12-41fb-cf32-f3a5-1ca9c0c10cfa" testName="AeroTech.Ordering.Persistence.Tests.Deterministic.DeterministicEffectStoreTests.Same_key_and_hash_replays_and_a_different_hash_conflicts" computerName="AL-FARHADI-L" duration="00:00:00.5501087" startTime="2026-09-18T02:58:29.5214309+03:30" endTime="2026-09-18T02:58:29.5214315+03:30" testType="13cdc9d9-ddb5-4fa4-a97d-d965ccfc6d4b" outcome="Passed" testListId="8c84fa94-04c1-424b-9868-57a2d4851a1d" relativeResultsDirectory="5ded76a3-6824-4c2b-9385-b5e0a8819fe3" />
    <UnitTestResult executionId="4c111167-0dd1-4fa7-8863-43cce769a869" testId="735d67df-e405-f3a6-199e-08ed5cde61e1" testName="AeroTech.Ordering.Persistence.Tests.Architecture.S1RailTests.Each_s1_command_and_query_has_exactly_one_canonical_handler(request: typeof(AeroTech.Ordering.Application.OrderAggregate.Commands.CreateOrderFromOffer.CreateOrderFromOfferCommand))" computerName="AL-FARHADI-L" duration="00:00:00.0002636" startTime="2026-09-18T02:57:13.1558094+03:30" endTime="2026-09-18T02:57:13.1558095+03:30" testType="13cdc9d9-ddb5-4fa4-a97d-d965ccfc6d4b" outcome="Passed" testListId="8c84fa94-04c1-424b-9868-57a2d4851a1d" relativeResultsDirectory="4c111167-0dd1-4fa7-8863-43cce769a869" />
    <UnitTestResult executionId="1c91d1cf-839d-463c-bffb-be8af45bbcbe" testId="b2d52d08-a120-6768-3828-cf536b457461" testName="AeroTech.Ordering.Persistence.Tests.S1.PrepareCreateGetTests.SC_S1_001_owner_reprice_after_preparation_does_not_change_the_created_order_and_create_calls_no_owner" computerName="AL-FARHADI-L" duration="00:00:00.9120150" startTime="2026-09-18T02:57:56.4113512+03:30" endTime="2026-09-18T02:57:56.4113516+03:30" testType="13cdc9d9-ddb5-4fa4-a97d-d965ccfc6d4b" outcome="Passed" testListId="8c84fa94-04c1-424b-9868-57a2d4851a1d" relativeResultsDirectory="1c91d1cf-839d-463c-bffb-be8af45bbcbe" />
    <UnitTestResult executionId="f7468b50-ad41-4be2-a684-9a7a85945d7b" testId="3673392a-8026-31a4-8305-aac091a1ac90" testName="AeroTech.Ordering.Persistence.Tests.S1.PrepareCreateGetTests.SC_S1_003_replay_after_owner_outage_resolves_from_the_durable_receipt_without_owner_access" computerName="AL-FARHADI-L" duration="00:00:00.7309689" startTime="2026-09-18T02:58:01.2962455+03:30" endTime="2026-09-18T02:58:01.2962460+03:30" testType="13cdc9d9-ddb5-4fa4-a97d-d965ccfc6d4b" outcome="Passed" testListId="8c84fa94-04c1-424b-9868-57a2d4851a1d" relativeResultsDirectory="f7468b50-ad41-4be2-a684-9a7a85945d7b" />
    <UnitTestResult executionId="d71da3ce-be28-4b45-8ee2-9a2ec35f4efb" testId="aeec7b89-4ab6-a392-80a3-ab5cd4f9e8cf" testName="AeroTech.Ordering.Persistence.Tests.Api.OpenApiDocumentTests.Published_document_exposes_exactly_the_s1_operations" computerName="AL-FARHADI-L" duration="00:00:03.0234201" startTime="2026-09-18T02:58:39.3197754+03:30" endTime="2026-09-18T02:58:39.3197759+03:30" testType="13cdc9d9-ddb5-4fa4-a97d-d965ccfc6d4b" outcome="Passed" testListId="8c84fa94-04c1-424b-9868-57a2d4851a1d" relativeResultsDirectory="d71da3ce-be28-4b45-8ee2-9a2ec35f4efb" />
    <UnitTestResult executionId="d2aa63f3-115a-413c-ae4e-00ac1e697194" testId="2844592e-88c9-3fa7-ded1-7b2f546e0630" testName="AeroTech.Ordering.Persistence.Tests.S1.PrepareCreateGetTests.SC_S1_012_original_and_sale_valuations_round_trip_exactly" computerName="AL-FARHADI-L" duration="00:00:00.4867481" startTime="2026-09-18T02:57:58.7058520+03:30" endTime="2026-09-18T02:57:58.7058526+03:30" testType="13cdc9d9-ddb5-4fa4-a97d-d965ccfc6d4b" outcome="Passed" testListId="8c84fa94-04c1-424b-9868-57a2d4851a1d" relativeResultsDirectory="d2aa63f3-115a-413c-ae4e-00ac1e697194" />
    <UnitTestResult executionId="05f5333d-94dc-4f54-8d33-e17d89dd013a" testId="cbe147b6-9a6b-ccbb-afe4-ffb90003e81e" testName="AeroTech.Ordering.Persistence.Tests.S1.AirOfferLiveCandidateBridgeTests.SC_S1_010_observed_details_projection_becomes_one_conservative_package_with_opaque_construction" computerName="AL-FARHADI-L" duration="00:00:00.1388536" startTime="2026-09-18T02:57:41.3055364+03:30" endTime="2026-09-18T02:57:41.3055367+03:30" testType="13cdc9d9-ddb5-4fa4-a97d-d965ccfc6d4b" outcome="Passed" testListId="8c84fa94-04c1-424b-9868-57a2d4851a1d" relativeResultsDirectory="05f5333d-94dc-4f54-8d33-e17d89dd013a" />
    <UnitTestResult executionId="67dbefbe-14bd-4915-81b5-19bdb88e0e6f" testId="6b973b55-abab-6b75-d3a3-2be5c4a51a38" testName="AeroTech.Ordering.Persistence.Tests.S1.AtomicityAndRebuildTests.Get_order_reports_lag_instead_of_stale_success_for_a_future_revision" computerName="AL-FARHADI-L" duration="00:00:07.0801212" startTime="2026-09-18T02:57:50.0512054+03:30" endTime="2026-09-18T02:57:50.0512057+03:30" testType="13cdc9d9-ddb5-4fa4-a97d-d965ccfc6d4b" outcome="Passed" testListId="8c84fa94-04c1-424b-9868-57a2d4851a1d" relativeResultsDirectory="67dbefbe-14bd-4915-81b5-19bdb88e0e6f" />
    <UnitTestResult executionId="7cec4193-7d7e-4454-93dc-40e9ad77de1f" testId="44697bb3-cd5e-878b-0cd1-9c0cc01c8e43" testName="AeroTech.Ordering.Persistence.Tests.S1.PrepareCreateGetTests.SC_S1_009_round_trip_and_two_one_way_constructions_are_persisted_as_supplied" computerName="AL-FARHADI-L" duration="00:00:01.3032762" startTime="2026-09-18T02:57:57.7155745+03:30" endTime="2026-09-18T02:57:57.7155749+03:30" testType="13cdc9d9-ddb5-4fa4-a97d-d965ccfc6d4b" outcome="Passed" testListId="8c84fa94-04c1-424b-9868-57a2d4851a1d" relativeResultsDirectory="7cec4193-7d7e-4454-93dc-40e9ad77de1f" />
    <UnitTestResult executionId="757566b3-5bf0-4d60-b2b1-3fc0bb60ab62" testId="38b684d8-2bed-6880-388d-fc88bd30e43e" testName="AeroTech.Ordering.Persistence.Tests.Api.OrderingApiSurfaceTests.Ota_token_sells_for_its_token_customer_and_cannot_read_another_customer_order" computerName="AL-FARHADI-L" duration="00:00:00.9414969" startTime="2026-09-18T02:58:46.0793281+03:30" endTime="2026-09-18T02:58:46.0793288+03:30" testType="13cdc9d9-ddb5-4fa4-a97d-d965ccfc6d4b" outcome="Passed" testListId="8c84fa94-04c1-424b-9868-57a2d4851a1d" relativeResultsDirectory="757566b3-5bf0-4d60-b2b1-3fc0bb60ab62" />
    <UnitTestResult executionId="f45ae31e-26fc-4597-ac45-3cf309d18adb" testId="55cbdf2d-e0ff-c0ab-c29c-8e1fbefad248" testName="AeroTech.Ordering.Persistence.Tests.S1.PrepareCreateGetTests.SC_S1_011_group_extended_line_is_persisted_once" computerName="AL-FARHADI-L" duration="00:00:00.5014896" startTime="2026-09-18T02:57:58.2182066+03:30" endTime="2026-09-18T02:57:58.2182069+03:30" testType="13cdc9d9-ddb5-4fa4-a97d-d965ccfc6d4b" outcome="Passed" testListId="8c84fa94-04c1-424b-9868-57a2d4851a1d" relativeResultsDirectory="f45ae31e-26fc-4597-ac45-3cf309d18adb" />
    <UnitTestResult executionId="6039f813-8c9f-4d56-b44c-f687506d6430" testId="c59468f7-d69e-61b2-d400-7fdeead43c0b" testName="AeroTech.Ordering.Persistence.Tests.S1.AirOfferLiveCandidateBridgeTests.Equivalent_amount_is_used_as_sale_value_and_the_original_is_retained" computerName="AL-FARHADI-L" duration="00:00:00.2199407" startTime="2026-09-18T02:57:41.8161383+03:30" endTime="2026-09-18T02:57:41.8161387+03:30" testType="13cdc9d9-ddb5-4fa4-a97d-d965ccfc6d4b" outcome="Passed" testListId="8c84fa94-04c1-424b-9868-57a2d4851a1d" relativeResultsDirectory="6039f813-8c9f-4d56-b44c-f687506d6430" />
    <UnitTestResult executionId="d9f71fda-64ce-4b36-bf13-8b7bc4947b03" testId="7269aeef-1bda-575b-0565-c61062cd7523" testName="AeroTech.Ordering.Persistence.Tests.S1.AirOfferLiveCandidateBridgeTests.Observed_wire_violations_fail_mapping_instead_of_guessing(defect: &quot;infant&quot;)" computerName="AL-FARHADI-L" duration="00:00:00.1232228" startTime="2026-09-18T02:57:32.0295042+03:30" endTime="2026-09-18T02:57:32.0295046+03:30" testType="13cdc9d9-ddb5-4fa4-a97d-d965ccfc6d4b" outcome="Passed" testListId="8c84fa94-04c1-424b-9868-57a2d4851a1d" relativeResultsDirectory="d9f71fda-64ce-4b36-bf13-8b7bc4947b03" />
    <UnitTestResult executionId="7ca4fbdc-49e2-49bf-9aa5-d25a13b37bfe" testId="0b7c5834-5a41-2a24-5d64-e1601888d293" testName="AeroTech.Ordering.Persistence.Tests.Outbox.OutboxDispatcherTests.Same_event_identity_cannot_be_written_twice" computerName="AL-FARHADI-L" duration="00:00:00.0593210" startTime="2026-09-18T02:58:02.8622496+03:30" endTime="2026-09-18T02:58:02.8622499+03:30" testType="13cdc9d9-ddb5-4fa4-a97d-d965ccfc6d4b" outcome="Passed" testListId="8c84fa94-04c1-424b-9868-57a2d4851a1d" relativeResultsDirectory="7ca4fbdc-49e2-49bf-9aa5-d25a13b37bfe" />
    <UnitTestResult executionId="f0444fac-2bbc-451b-a652-b94a29304013" testId="576970ba-53c8-5312-d355-ec628534023d" testName="AeroTech.Ordering.Persistence.Tests.Composition.HostCompositionTests.Missing_broker_configuration_fails_startup" computerName="AL-FARHADI-L" duration="00:00:00.2221166" startTime="2026-09-18T02:58:35.6789543+03:30" endTime="2026-09-18T02:58:35.6789549+03:30" testType="13cdc9d9-ddb5-4fa4-a97d-d965ccfc6d4b" outcome="Passed" testListId="8c84fa94-04c1-424b-9868-57a2d4851a1d" relativeResultsDirectory="f0444fac-2bbc-451b-a652-b94a29304013" />
    <UnitTestResult executionId="0fea02e1-8a41-4fb0-bbcd-8b6fe3baff4f" testId="f28b326a-b226-e3a2-86dc-6cdb6dccfae2" testName="AeroTech.Ordering.Persistence.Tests.Inbox.InboxConsumeFilterOutcomeTests.Unrelated_sql_failure_is_rethrown_and_commits_nothing" computerName="AL-FARHADI-L" duration="00:00:00.0456504" startTime="2026-09-18T02:58:03.2013907+03:30" endTime="2026-09-18T02:58:03.2013912+03:30" testType="13cdc9d9-ddb5-4fa4-a97d-d965ccfc6d4b" outcome="Passed" testListId="8c84fa94-04c1-424b-9868-57a2d4851a1d" relativeResultsDirectory="0fea02e1-8a41-4fb0-bbcd-8b6fe3baff4f" />
    <UnitTestResult executionId="a281db92-bc4a-4141-833a-4f4721d6fa98" testId="dfde8ef7-96a0-c53f-ce54-d5d8c077a8aa" testName="AeroTech.Ordering.Persistence.Tests.Precision.ModelPrecisionTests.Query_model_has_explicit_precision_on_every_owned_decimal" computerName="AL-FARHADI-L" duration="00:00:00.0044683" startTime="2026-09-18T02:58:01.6603201+03:30" endTime="2026-09-18T02:58:01.6603203+03:30" testType="13cdc9d9-ddb5-4fa4-a97d-d965ccfc6d4b" outcome="Passed" testListId="8c84fa94-04c1-424b-9868-57a2d4851a1d" relativeResultsDirectory="a281db92-bc4a-4141-833a-4f4721d6fa98" />
    <UnitTestResult executionId="b57fbb91-abf4-451d-a25f-7ff1f4529c45" testId="45becd9f-b8ec-77ad-73ce-9293361da902" testName="AeroTech.Ordering.Persistence.Tests.ReferenceData.HomeOperatorFromCoreTests.Owner_airline_comes_from_core_operator_settings_after_sync" computerName="AL-FARHADI-L" duration="00:00:00.2480191" startTime="2026-09-18T02:58:01.5459046+03:30" endTime="2026-09-18T02:58:01.5459048+03:30" testType="13cdc9d9-ddb5-4fa4-a97d-d965ccfc6d4b" outcome="Passed" testListId="8c84fa94-04c1-424b-9868-57a2d4851a1d" relativeResultsDirectory="b57fbb91-abf4-451d-a25f-7ff1f4529c45" />
    <UnitTestResult executionId="436e5a7b-270b-469a-919b-2267ea9c5d05" testId="806fda81-988d-3e5c-72c9-e603874e90e3" testName="AeroTech.Ordering.Persistence.Tests.Precision.ModelPrecisionTests.Command_model_has_explicit_precision_on_every_decimal" computerName="AL-FARHADI-L" duration="00:00:00.0017420" startTime="2026-09-18T02:58:01.6621990+03:30" endTime="2026-09-18T02:58:01.6621993+03:30" testType="13cdc9d9-ddb5-4fa4-a97d-d965ccfc6d4b" outcome="Passed" testListId="8c84fa94-04c1-424b-9868-57a2d4851a1d" relativeResultsDirectory="436e5a7b-270b-469a-919b-2267ea9c5d05" />
    <UnitTestResult executionId="2f643be2-013b-4400-abe7-8c2bc6ee1666" testId="822a2900-3401-06d1-705e-a01b74a3c2bc" testName="AeroTech.Ordering.Persistence.Tests.Api.OrderingApiSurfaceTests.Backoffice_selling_office_must_match_the_token_office" computerName="AL-FARHADI-L" duration="00:00:00.0999792" startTime="2026-09-18T02:58:48.8490014+03:30" endTime="2026-09-18T02:58:48.8490018+03:30" testType="13cdc9d9-ddb5-4fa4-a97d-d965ccfc6d4b" outcome="Passed" testListId="8c84fa94-04c1-424b-9868-57a2d4851a1d" relativeResultsDirectory="2f643be2-013b-4400-abe7-8c2bc6ee1666" />
    <UnitTestResult executionId="59e94684-b93c-4f83-979e-c014494823e7" testId="ae0c8cb6-de7d-2332-fc4d-d526b9a0a04b" testName="AeroTech.Ordering.Persistence.Tests.Inbox.InboxConsumeFilterOutcomeTests.Same_identity_with_a_different_payload_is_a_conflict_and_is_not_processed" computerName="AL-FARHADI-L" duration="00:00:00.0279959" startTime="2026-09-18T02:58:03.2840104+03:30" endTime="2026-09-18T02:58:03.2840108+03:30" testType="13cdc9d9-ddb5-4fa4-a97d-d965ccfc6d4b" outcome="Passed" testListId="8c84fa94-04c1-424b-9868-57a2d4851a1d" relativeResultsDirectory="59e94684-b93c-4f83-979e-c014494823e7" />
    <UnitTestResult executionId="c92ee2be-cd3a-4db3-8acb-44f9516f0b3a" testId="274ea5a7-4a0f-3491-7740-0dff0ac324e3" testName="AeroTech.Ordering.Persistence.Tests.Architecture.DomainMessagesAllowlistTests.Caller_context_exposes_no_owner_airline_identity" computerName="AL-FARHADI-L" duration="00:00:00.0126509" startTime="2026-09-18T02:57:12.4494820+03:30" endTime="2026-09-18T02:57:12.4494821+03:30" testType="13cdc9d9-ddb5-4fa4-a97d-d965ccfc6d4b" outcome="Passed" testListId="8c84fa94-04c1-424b-9868-57a2d4851a1d" relativeResultsDirectory="c92ee2be-cd3a-4db3-8acb-44f9516f0b3a" />
    <UnitTestResult executionId="f70f99b8-cd9e-4a5d-90cb-c0b15703d986" testId="ce723d3e-572b-c008-9514-11f2d1e62fec" testName="AeroTech.Ordering.Persistence.Tests.Composition.HostCompositionTests.Host_composes_with_real_bindings_and_one_unit_of_work" computerName="AL-FARHADI-L" duration="00:00:00.1060881" startTime="2026-09-18T02:58:36.2579212+03:30" endTime="2026-09-18T02:58:36.2579218+03:30" testType="13cdc9d9-ddb5-4fa4-a97d-d965ccfc6d4b" outcome="Passed" testListId="8c84fa94-04c1-424b-9868-57a2d4851a1d" relativeResultsDirectory="f70f99b8-cd9e-4a5d-90cb-c0b15703d986" />
    <UnitTestResult executionId="2c216f33-a11d-4144-8299-426f6401dc36" testId="33f2deb9-776a-9af8-bd96-c80a7bfe6cf0" testName="AeroTech.Ordering.Persistence.Tests.S1.AirOfferLiveCandidateBridgeTests.Observed_wire_violations_fail_mapping_instead_of_guessing(defect: &quot;no-sale-valuation&quot;)" computerName="AL-FARHADI-L" duration="00:00:00.0498032" startTime="2026-09-18T02:57:32.0803004+03:30" endTime="2026-09-18T02:57:32.0803007+03:30" testType="13cdc9d9-ddb5-4fa4-a97d-d965ccfc6d4b" outcome="Passed" testListId="8c84fa94-04c1-424b-9868-57a2d4851a1d" relativeResultsDirectory="2c216f33-a11d-4144-8299-426f6401dc36" />
    <UnitTestResult executionId="a3cf1e7b-6377-4c7c-bbc2-7fa2c9d4b015" testId="65a3e165-af9d-f9a8-6e16-b9712f788477" testName="AeroTech.Ordering.Persistence.Tests.Inbox.InboxConsumeFilterOutcomeTests.Same_event_id_from_another_source_system_is_a_different_fact" computerName="AL-FARHADI-L" duration="00:00:00.0187465" startTime="2026-09-18T02:58:03.3896690+03:30" endTime="2026-09-18T02:58:03.3896694+03:30" testType="13cdc9d9-ddb5-4fa4-a97d-d965ccfc6d4b" outcome="Passed" testListId="8c84fa94-04c1-424b-9868-57a2d4851a1d" relativeResultsDirectory="a3cf1e7b-6377-4c7c-bbc2-7fa2c9d4b015" />
    <UnitTestResult executionId="a9051435-1a20-4c80-9c46-ffd4d3b2904a" testId="6c69f1f7-eb5c-aa18-2e4e-5c41dbb84cae" testName="AeroTech.Ordering.Persistence.Tests.Inbox.InboxConsumeFilterOutcomeTests.Marker_and_work_commit_in_one_save_under_the_pack_identity" computerName="AL-FARHADI-L" duration="00:00:00.0423885" startTime="2026-09-18T02:58:03.3699541+03:30" endTime="2026-09-18T02:58:03.3699544+03:30" testType="13cdc9d9-ddb5-4fa4-a97d-d965ccfc6d4b" outcome="Passed" testListId="8c84fa94-04c1-424b-9868-57a2d4851a1d" relativeResultsDirectory="a9051435-1a20-4c80-9c46-ffd4d3b2904a" />
    <UnitTestResult executionId="fe163aa7-7443-4cbc-8592-3a1d8e4cc98a" testId="f0528641-1c31-3119-3f5f-1928f8423ca3" testName="AeroTech.Ordering.Persistence.Tests.Api.OrderingApiSurfaceTests.A_preparation_cannot_be_accepted_under_another_sales_context" computerName="AL-FARHADI-L" duration="00:00:00.3636441" startTime="2026-09-18T02:58:49.4908666+03:30" endTime="2026-09-18T02:58:49.4908670+03:30" testType="13cdc9d9-ddb5-4fa4-a97d-d965ccfc6d4b" outcome="Passed" testListId="8c84fa94-04c1-424b-9868-57a2d4851a1d" relativeResultsDirectory="fe163aa7-7443-4cbc-8592-3a1d8e4cc98a" />
    <UnitTestResult executionId="f5d70ece-dafb-4431-9240-2e8bd6636ff7" testId="9c845f7c-7d1e-0e1a-e1e9-8dd2075c639e" testName="AeroTech.Ordering.Persistence.Tests.Inbox.InboxConsumeFilterOutcomeTests.Message_without_envelope_source_identity_is_rejected_before_the_consumer_runs(sourceSystem: null, eventId: null)" computerName="AL-FARHADI-L" duration="00:00:00.0854837" startTime="2026-09-18T02:58:02.9977619+03:30" endTime="2026-09-18T02:58:02.9977624+03:30" testType="13cdc9d9-ddb5-4fa4-a97d-d965ccfc6d4b" outcome="Passed" testListId="8c84fa94-04c1-424b-9868-57a2d4851a1d" relativeResultsDirectory="f5d70ece-dafb-4431-9240-2e8bd6636ff7" />
    <UnitTestResult executionId="f1240e55-f8e7-448f-9ae4-470c95ca18e4" testId="e906e709-8adb-693f-d4e7-b087f99fdba8" testName="AeroTech.Ordering.Persistence.Tests.Outbox.OutboxDispatcherTests.Outbox_fact_is_committed_or_rolled_back_with_the_local_transaction" computerName="AL-FARHADI-L" duration="00:00:00.0465389" startTime="2026-09-18T02:58:02.9104719+03:30" endTime="2026-09-18T02:58:02.9104720+03:30" testType="13cdc9d9-ddb5-4fa4-a97d-d965ccfc6d4b" outcome="Passed" testListId="8c84fa94-04c1-424b-9868-57a2d4851a1d" relativeResultsDirectory="f1240e55-f8e7-448f-9ae4-470c95ca18e4" />
    <UnitTestResult executionId="86a616a7-28a0-4503-ab59-f14aac6ac15d" testId="6bc07e25-3029-9b09-44d4-e21139ba89f8" testName="AeroTech.Ordering.Persistence.Tests.Inbox.InboxConsumeFilterTests.Business_crash_commits_neither_marker_nor_work_and_redelivery_commits_both_once" computerName="AL-FARHADI-L" duration="00:00:02.4756840" startTime="2026-09-18T02:58:05.8797855+03:30" endTime="2026-09-18T02:58:05.8797859+03:30" testType="13cdc9d9-ddb5-4fa4-a97d-d965ccfc6d4b" outcome="Passed" testListId="8c84fa94-04c1-424b-9868-57a2d4851a1d" relativeResultsDirectory="86a616a7-28a0-4503-ab59-f14aac6ac15d" />
    <UnitTestResult executionId="6fff6f77-149c-46b1-9f09-872de8a4cb5f" testId="f0f0a520-2a4e-ef03-2368-1307e8fc2533" testName="AeroTech.Ordering.Persistence.Tests.S1.MigrationUpgradeTests.S1_migration_upgrades_a_b0_database_without_losing_outbox_or_inbox_rows" computerName="AL-FARHADI-L" duration="00:00:16.2385140" startTime="2026-09-18T02:57:27.8000894+03:30" endTime="2026-09-18T02:57:27.8000899+03:30" testType="13cdc9d9-ddb5-4fa4-a97d-d965ccfc6d4b" outcome="Passed" testListId="8c84fa94-04c1-424b-9868-57a2d4851a1d" relativeResultsDirectory="6fff6f77-149c-46b1-9f09-872de8a4cb5f" />
    <UnitTestResult executionId="93c2e7dc-7163-4fd6-a7e9-87e15779bc2c" testId="f3542137-ca01-8e47-e030-73a995b74fa2" testName="AeroTech.Ordering.Persistence.Tests.Architecture.LayerReferenceTests.Application_references_no_infrastructure_assembly" computerName="AL-FARHADI-L" duration="00:00:00.6739581" startTime="2026-09-18T02:57:12.2251493+03:30" endTime="2026-09-18T02:57:12.2253715+03:30" testType="13cdc9d9-ddb5-4fa4-a97d-d965ccfc6d4b" outcome="Passed" testListId="8c84fa94-04c1-424b-9868-57a2d4851a1d" relativeResultsDirectory="93c2e7dc-7163-4fd6-a7e9-87e15779bc2c" />
    <UnitTestResult executionId="beb479d3-60e2-4312-8828-399af29f9400" testId="7013998d-b542-f763-6ff4-3e6c629ebffb" testName="AeroTech.Ordering.Persistence.Tests.Composition.SingleRegistrationGuardTests.Two_unit_of_work_registrations_fail_with_the_named_duplicate" computerName="AL-FARHADI-L" duration="00:00:00.8796081" startTime="2026-09-18T02:57:12.4147599+03:30" endTime="2026-09-18T02:57:12.4147604+03:30" testType="13cdc9d9-ddb5-4fa4-a97d-d965ccfc6d4b" outcome="Passed" testListId="8c84fa94-04c1-424b-9868-57a2d4851a1d" relativeResultsDirectory="beb479d3-60e2-4312-8828-399af29f9400" />
    <UnitTestResult executionId="a580415b-3855-4b13-91bb-59ac3f27f9d3" testId="4015073d-84bc-0cab-5b78-141be62a61e7" testName="AeroTech.Ordering.Persistence.Tests.Api.OrderingApiSurfaceTests.Authenticated_sale_surfaces_reject_an_anonymous_caller(route: &quot;ota/v1/order-preparations&quot;)" computerName="AL-FARHADI-L" duration="00:00:00.0134174" startTime="2026-09-18T02:58:42.7527366+03:30" endTime="2026-09-18T02:58:42.7527375+03:30" testType="13cdc9d9-ddb5-4fa4-a97d-d965ccfc6d4b" outcome="Passed" testListId="8c84fa94-04c1-424b-9868-57a2d4851a1d" relativeResultsDirectory="a580415b-3855-4b13-91bb-59ac3f27f9d3" />
    <UnitTestResult executionId="8f043221-8070-431c-9504-70a2ae9b6c96" testId="5e09e745-c4c8-bd56-ffcc-7232381d433f" testName="AeroTech.Ordering.Persistence.Tests.Deterministic.DeterministicEffectStoreTests.Owner_effect_survives_an_ordering_rollback_and_a_restart" computerName="AL-FARHADI-L" duration="00:00:01.7988387" startTime="2026-09-18T02:58:28.8503409+03:30" endTime="2026-09-18T02:58:28.8503414+03:30" testType="13cdc9d9-ddb5-4fa4-a97d-d965ccfc6d4b" outcome="Passed" testListId="8c84fa94-04c1-424b-9868-57a2d4851a1d" relativeResultsDirectory="8f043221-8070-431c-9504-70a2ae9b6c96" />
    <UnitTestResult executionId="363d5dcc-ed1e-4fb1-99d0-8439b8519193" testId="e107ccea-c7eb-5ff7-dd0b-1e45c7b7bcf8" testName="AeroTech.Ordering.Persistence.Tests.Api.OrderingApiSurfaceTests.Mutations_require_the_idempotency_key_header" computerName="AL-FARHADI-L" duration="00:00:00.1173297" startTime="2026-09-18T02:58:51.9716936+03:30" endTime="2026-09-18T02:58:51.9716941+03:30" testType="13cdc9d9-ddb5-4fa4-a97d-d965ccfc6d4b" outcome="Passed" testListId="8c84fa94-04c1-424b-9868-57a2d4851a1d" relativeResultsDirectory="363d5dcc-ed1e-4fb1-99d0-8439b8519193" />
    <UnitTestResult executionId="d733d268-93db-456d-a62e-1721dd9be0c8" testId="e0a65f32-82cc-6be9-919f-0e4017104ace" testName="AeroTech.Ordering.Persistence.Tests.Inbox.InboxConsumeFilterOutcomeTests.Message_without_envelope_source_identity_is_rejected_before_the_consumer_runs(sourceSystem: &quot;InventoryProbe&quot;, eventId: &quot;&quot;)" computerName="AL-FARHADI-L" duration="00:00:00.0076476" startTime="2026-09-18T02:58:03.0692586+03:30" endTime="2026-09-18T02:58:03.0692588+03:30" testType="13cdc9d9-ddb5-4fa4-a97d-d965ccfc6d4b" outcome="Passed" testListId="8c84fa94-04c1-424b-9868-57a2d4851a1d" relativeResultsDirectory="d733d268-93db-456d-a62e-1721dd9be0c8" />
    <UnitTestResult executionId="c12bcd81-2f12-4b32-a5d2-ee9f0d7d6988" testId="a509b415-7a34-2926-2ac9-9c2a4ca792f1" testName="AeroTech.Ordering.Persistence.Tests.Outbox.OutboxDispatcherTests.Unusable_row_is_recorded_as_failed_and_does_not_block_usable_rows" computerName="AL-FARHADI-L" duration="00:00:00.0614838" startTime="2026-09-18T02:58:02.8020983+03:30" endTime="2026-09-18T02:58:02.8020986+03:30" testType="13cdc9d9-ddb5-4fa4-a97d-d965ccfc6d4b" outcome="Passed" testListId="8c84fa94-04c1-424b-9868-57a2d4851a1d" relativeResultsDirectory="c12bcd81-2f12-4b32-a5d2-ee9f0d7d6988" />
    <UnitTestResult executionId="a08e2883-ceeb-48e9-bf10-d03ef62024a8" testId="56132a96-8449-647f-15b3-bedda42fb965" testName="AeroTech.Ordering.Persistence.Tests.Architecture.S1RailTests.Exactly_one_order_projector_implements_the_query_synchronizer" computerName="AL-FARHADI-L" duration="00:00:00.0022023" startTime="2026-09-18T02:57:13.1559985+03:30" endTime="2026-09-18T02:57:13.1559988+03:30" testType="13cdc9d9-ddb5-4fa4-a97d-d965ccfc6d4b" outcome="Passed" testListId="8c84fa94-04c1-424b-9868-57a2d4851a1d" relativeResultsDirectory="a08e2883-ceeb-48e9-bf10-d03ef62024a8" />
    <UnitTestResult executionId="45bebbfb-303a-4f44-acd9-fb7c8ab8dba1" testId="7a645235-e288-4cc9-6c82-28ac94ecf7c0" testName="AeroTech.Ordering.Persistence.Tests.Composition.HostCompositionTests.Host_composes_with_deterministic_adapters_only_when_the_existing_flag_is_true" computerName="AL-FARHADI-L" duration="00:00:05.7107330" startTime="2026-09-18T02:58:35.2319902+03:30" endTime="2026-09-18T02:58:35.2319906+03:30" testType="13cdc9d9-ddb5-4fa4-a97d-d965ccfc6d4b" outcome="Passed" testListId="8c84fa94-04c1-424b-9868-57a2d4851a1d" relativeResultsDirectory="45bebbfb-303a-4f44-acd9-fb7c8ab8dba1" />
    <UnitTestResult executionId="86e749d6-c5d1-4d8f-8e4a-a3e659e903c1" testId="784d481c-4be2-d253-3fd4-5846a905e413" testName="AeroTech.Ordering.Persistence.Tests.S1.AtomicityAndRebuildTests.SC_S1_006_projection_failure_before_commit_leaves_no_order_price_outbox_receipt_or_consumption" computerName="AL-FARHADI-L" duration="00:00:00.5829586" startTime="2026-09-18T02:57:51.7515303+03:30" endTime="2026-09-18T02:57:51.7515304+03:30" testType="13cdc9d9-ddb5-4fa4-a97d-d965ccfc6d4b" outcome="Passed" testListId="8c84fa94-04c1-424b-9868-57a2d4851a1d" relativeResultsDirectory="86e749d6-c5d1-4d8f-8e4a-a3e659e903c1" />
    <UnitTestResult executionId="ee790c24-5a50-40c1-8a92-ebe60e535366" testId="5bbb4c60-1b95-1de6-f624-b8f81ae4c932" testName="AeroTech.Ordering.Persistence.Tests.Api.OrderingApiSurfaceTests.Authenticated_sale_surfaces_reject_an_anonymous_caller(route: &quot;backoffice/v1/order-preparations&quot;)" computerName="AL-FARHADI-L" duration="00:00:00.0242718" startTime="2026-09-18T02:58:43.0632424+03:30" endTime="2026-09-18T02:58:43.0632427+03:30" testType="13cdc9d9-ddb5-4fa4-a97d-d965ccfc6d4b" outcome="Passed" testListId="8c84fa94-04c1-424b-9868-57a2d4851a1d" relativeResultsDirectory="ee790c24-5a50-40c1-8a92-ebe60e535366" />
    <UnitTestResult executionId="c9704264-cfa2-4e9d-97af-47574d91d7cd" testId="31d7b34a-f410-3a72-6d1d-ebb16c07315d" testName="AeroTech.Ordering.Persistence.Tests.Host.AnonymousSurfaceInventoryTests.Current_controller_surface_is_exactly_the_characterized_inventory" computerName="AL-FARHADI-L" duration="00:00:01.4012809" startTime="2026-09-18T02:57:12.9348038+03:30" endTime="2026-09-18T02:57:12.9348047+03:30" testType="13cdc9d9-ddb5-4fa4-a97d-d965ccfc6d4b" outcome="Passed" testListId="8c84fa94-04c1-424b-9868-57a2d4851a1d" relativeResultsDirectory="c9704264-cfa2-4e9d-97af-47574d91d7cd" />
    <UnitTestResult executionId="b7949a10-cb34-4c0f-b941-43412c2268da" testId="5628be98-33f1-45ff-365b-884f9b0ea074" testName="AeroTech.Ordering.Persistence.Tests.Composition.HostCompositionTests.Deterministic_flag_without_its_own_database_fails_closed" computerName="AL-FARHADI-L" duration="00:00:00.2245260" startTime="2026-09-18T02:58:35.4567659+03:30" endTime="2026-09-18T02:58:35.4567664+03:30" testType="13cdc9d9-ddb5-4fa4-a97d-d965ccfc6d4b" outcome="Passed" testListId="8c84fa94-04c1-424b-9868-57a2d4851a1d" relativeResultsDirectory="b7949a10-cb34-4c0f-b941-43412c2268da" />
    <UnitTestResult executionId="7cb196cd-22b3-4df7-b1de-4d7d2f6ab9b9" testId="1863aa0b-a3c8-efec-2092-fb0c0465aa76" testName="AeroTech.Ordering.Persistence.Tests.Precision.ModelPrecisionTests.Command_model_has_no_blanket_string_length" computerName="AL-FARHADI-L" duration="00:00:00.0014560" startTime="2026-09-18T02:58:01.6637678+03:30" endTime="2026-09-18T02:58:01.6637680+03:30" testType="13cdc9d9-ddb5-4fa4-a97d-d965ccfc6d4b" outcome="Passed" testListId="8c84fa94-04c1-424b-9868-57a2d4851a1d" relativeResultsDirectory="7cb196cd-22b3-4df7-b1de-4d7d2f6ab9b9" />
  </Results>
  <TestDefinitions>
    <UnitTest name="AeroTech.Ordering.Persistence.Tests.Inbox.InboxConsumeFilterOutcomeTests.Marker_and_work_commit_in_one_save_under_the_pack_identity" storage="c:\users\al.farhadi\appdata\local\temp\ordbuild\aerotech.ordering.persistence.tests.dll" id="6c69f1f7-eb5c-aa18-2e4e-5c41dbb84cae">
      <Execution id="a9051435-1a20-4c80-9c46-ffd4d3b2904a" />
      <TestMethod codeBase="C:\Users\al.farhadi\AppData\Local\Temp\ordbuild\AeroTech.Ordering.Persistence.Tests.dll" adapterTypeName="executor://xunit/VsTestRunner2/netcoreapp" className="AeroTech.Ordering.Persistence.Tests.Inbox.InboxConsumeFilterOutcomeTests" name="Marker_and_work_commit_in_one_save_under_the_pack_identity" />
    </UnitTest>
    <UnitTest name="AeroTech.Ordering.Persistence.Tests.Composition.HostCompositionTests.Bearer_validation_follows_the_identity_authority_and_audience" storage="c:\users\al.farhadi\appdata\local\temp\ordbuild\aerotech.ordering.persistence.tests.dll" id="bc289e95-ec7d-dedc-9ee2-1dd75f065923">
      <Execution id="c55ff593-8c5e-431f-9adf-7cff228184bd" />
      <TestMethod codeBase="C:\Users\al.farhadi\AppData\Local\Temp\ordbuild\AeroTech.Ordering.Persistence.Tests.dll" adapterTypeName="executor://xunit/VsTestRunner2/netcoreapp" className="AeroTech.Ordering.Persistence.Tests.Composition.HostCompositionTests" name="Bearer_validation_follows_the_identity_authority_and_audience" />
    </UnitTest>
    <UnitTest name="AeroTech.Ordering.Persistence.Tests.Api.OrderingApiSurfaceTests.OtaPanel_token_sells_for_the_customer_of_its_travel_agency" storage="c:\users\al.farhadi\appdata\local\temp\ordbuild\aerotech.ordering.persistence.tests.dll" id="c7d41852-0798-c662-0d46-f1fc72ab4771">
      <Execution id="03bce4fa-026c-4cfa-9557-a535982f6135" />
      <TestMethod codeBase="C:\Users\al.farhadi\AppData\Local\Temp\ordbuild\AeroTech.Ordering.Persistence.Tests.dll" adapterTypeName="executor://xunit/VsTestRunner2/netcoreapp" className="AeroTech.Ordering.Persistence.Tests.Api.OrderingApiSurfaceTests" name="OtaPanel_token_sells_for_the_customer_of_its_travel_agency" />
    </UnitTest>
    <UnitTest name="AeroTech.Ordering.Persistence.Tests.S1.AirOfferLiveCandidateBridgeTests.Observed_wire_violations_fail_mapping_instead_of_guessing(defect: &quot;unknown-category&quot;)" storage="c:\users\al.farhadi\appdata\local\temp\ordbuild\aerotech.ordering.persistence.tests.dll" id="6d36de9c-a8f3-85ed-5068-34aba34b30e1">
      <Execution id="497b2610-0f7b-41af-8cbc-50f23e9c1451" />
      <TestMethod codeBase="C:\Users\al.farhadi\AppData\Local\Temp\ordbuild\AeroTech.Ordering.Persistence.Tests.dll" adapterTypeName="executor://xunit/VsTestRunner2/netcoreapp" className="AeroTech.Ordering.Persistence.Tests.S1.AirOfferLiveCandidateBridgeTests" name="Observed_wire_violations_fail_mapping_instead_of_guessing" />
    </UnitTest>
    <UnitTest name="AeroTech.Ordering.Persistence.Tests.Composition.HostCompositionTests.Host_composes_with_real_bindings_and_one_unit_of_work" storage="c:\users\al.farhadi\appdata\local\temp\ordbuild\aerotech.ordering.persistence.tests.dll" id="ce723d3e-572b-c008-9514-11f2d1e62fec">
      <Execution id="f70f99b8-cd9e-4a5d-90cb-c0b15703d986" />
      <TestMethod codeBase="C:\Users\al.farhadi\AppData\Local\Temp\ordbuild\AeroTech.Ordering.Persistence.Tests.dll" adapterTypeName="executor://xunit/VsTestRunner2/netcoreapp" className="AeroTech.Ordering.Persistence.Tests.Composition.HostCompositionTests" name="Host_composes_with_real_bindings_and_one_unit_of_work" />
    </UnitTest>
    <UnitTest name="AeroTech.Ordering.Persistence.Tests.Deterministic.DeterministicEffectStoreTests.Same_key_and_hash_replays_and_a_different_hash_conflicts" storage="c:\users\al.farhadi\appdata\local\temp\ordbuild\aerotech.ordering.persistence.tests.dll" id="a4e2be12-41fb-cf32-f3a5-1ca9c0c10cfa">
      <Execution id="5ded76a3-6824-4c2b-9385-b5e0a8819fe3" />
      <TestMethod codeBase="C:\Users\al.farhadi\AppData\Local\Temp\ordbuild\AeroTech.Ordering.Persistence.Tests.dll" adapterTypeName="executor://xunit/VsTestRunner2/netcoreapp" className="AeroTech.Ordering.Persistence.Tests.Deterministic.DeterministicEffectStoreTests" name="Same_key_and_hash_replays_and_a_different_hash_conflicts" />
    </UnitTest>
    <UnitTest name="AeroTech.Ordering.Persistence.Tests.Inbox.InboxConsumeFilterTests.Business_crash_commits_neither_marker_nor_work_and_redelivery_commits_both_once" storage="c:\users\al.farhadi\appdata\local\temp\ordbuild\aerotech.ordering.persistence.tests.dll" id="6bc07e25-3029-9b09-44d4-e21139ba89f8">
      <Execution id="86a616a7-28a0-4503-ab59-f14aac6ac15d" />
      <TestMethod codeBase="C:\Users\al.farhadi\AppData\Local\Temp\ordbuild\AeroTech.Ordering.Persistence.Tests.dll" adapterTypeName="executor://xunit/VsTestRunner2/netcoreapp" className="AeroTech.Ordering.Persistence.Tests.Inbox.InboxConsumeFilterTests" name="Business_crash_commits_neither_marker_nor_work_and_redelivery_commits_both_once" />
    </UnitTest>
    <UnitTest name="AeroTech.Ordering.Persistence.Tests.Precision.DecimalPrecisionTests.Amount_rate_and_quantity_round_trip_unchanged_on_sql_server" storage="c:\users\al.farhadi\appdata\local\temp\ordbuild\aerotech.ordering.persistence.tests.dll" id="1bf25083-1907-15d8-72a1-9719d6a773fe">
      <Execution id="bae5597f-b5a4-47c4-a4a7-e129a1449051" />
      <TestMethod codeBase="C:\Users\al.farhadi\AppData\Local\Temp\ordbuild\AeroTech.Ordering.Persistence.Tests.dll" adapterTypeName="executor://xunit/VsTestRunner2/netcoreapp" className="AeroTech.Ordering.Persistence.Tests.Precision.DecimalPrecisionTests" name="Amount_rate_and_quantity_round_trip_unchanged_on_sql_server" />
    </UnitTest>
    <UnitTest name="AeroTech.Ordering.Persistence.Tests.S1.PrepareCreateGetTests.SC_S1_007_technical_stop_is_one_service_with_two_itinerary_legs" storage="c:\users\al.farhadi\appdata\local\temp\ordbuild\aerotech.ordering.persistence.tests.dll" id="7fe8c269-9a32-e251-a975-584581a7a652">
      <Execution id="06dafa96-777e-45e0-9951-d598d85d4566" />
      <TestMethod codeBase="C:\Users\al.farhadi\AppData\Local\Temp\ordbuild\AeroTech.Ordering.Persistence.Tests.dll" adapterTypeName="executor://xunit/VsTestRunner2/netcoreapp" className="AeroTech.Ordering.Persistence.Tests.S1.PrepareCreateGetTests" name="SC_S1_007_technical_stop_is_one_service_with_two_itinerary_legs" />
    </UnitTest>
    <UnitTest name="AeroTech.Ordering.Persistence.Tests.S1.AtomicityAndRebuildTests.SC_S1_020_restart_owner_offline_projection_rebuild_reproduces_the_same_view" storage="c:\users\al.farhadi\appdata\local\temp\ordbuild\aerotech.ordering.persistence.tests.dll" id="6348dadc-bd43-cc13-57ac-1e54fcb496b3">
      <Execution id="194a874e-2834-45a2-ac1b-44cfddbc7d5f" />
      <TestMethod codeBase="C:\Users\al.farhadi\AppData\Local\Temp\ordbuild\AeroTech.Ordering.Persistence.Tests.dll" adapterTypeName="executor://xunit/VsTestRunner2/netcoreapp" className="AeroTech.Ordering.Persistence.Tests.S1.AtomicityAndRebuildTests" name="SC_S1_020_restart_owner_offline_projection_rebuild_reproduces_the_same_view" />
    </UnitTest>
    <UnitTest name="AeroTech.Ordering.Persistence.Tests.Api.OrderingApiSurfaceTests.An_unknown_or_inactive_financial_customer_is_rejected" storage="c:\users\al.farhadi\appdata\local\temp\ordbuild\aerotech.ordering.persistence.tests.dll" id="e19ba701-5e43-5c35-92a5-025554c7c33f">
      <Execution id="14ea2ef9-dd7b-4010-a946-58163b99b4ab" />
      <TestMethod codeBase="C:\Users\al.farhadi\AppData\Local\Temp\ordbuild\AeroTech.Ordering.Persistence.Tests.dll" adapterTypeName="executor://xunit/VsTestRunner2/netcoreapp" className="AeroTech.Ordering.Persistence.Tests.Api.OrderingApiSurfaceTests" name="An_unknown_or_inactive_financial_customer_is_rejected" />
    </UnitTest>
    <UnitTest name="AeroTech.Ordering.Persistence.Tests.Inbox.InboxConsumeFilterTests.Concurrent_duplicate_marker_discards_the_losing_delivery_without_committing_its_work" storage="c:\users\al.farhadi\appdata\local\temp\ordbuild\aerotech.ordering.persistence.tests.dll" id="1dee4953-2706-31bc-2323-53f91e6f858d">
      <Execution id="5fda8f35-7708-4959-aa6e-23ad61aad046" />
      <TestMethod codeBase="C:\Users\al.farhadi\AppData\Local\Temp\ordbuild\AeroTech.Ordering.Persistence.Tests.dll" adapterTypeName="executor://xunit/VsTestRunner2/netcoreapp" className="AeroTech.Ordering.Persistence.Tests.Inbox.InboxConsumeFilterTests" name="Concurrent_duplicate_marker_discards_the_losing_delivery_without_committing_its_work" />
    </UnitTest>
    <UnitTest name="AeroTech.Ordering.Persistence.Tests.Outbox.OutboxDispatcherTests.Lost_acknowledgement_republishes_the_same_identity_and_payload_and_the_receiver_commits_one_fact" storage="c:\users\al.farhadi\appdata\local\temp\ordbuild\aerotech.ordering.persistence.tests.dll" id="ab448388-39b8-866f-d2b3-4730b8dea2f4">
      <Execution id="a0319206-6486-425d-a86f-86b545490e79" />
      <TestMethod codeBase="C:\Users\al.farhadi\AppData\Local\Temp\ordbuild\AeroTech.Ordering.Persistence.Tests.dll" adapterTypeName="executor://xunit/VsTestRunner2/netcoreapp" className="AeroTech.Ordering.Persistence.Tests.Outbox.OutboxDispatcherTests" name="Lost_acknowledgement_republishes_the_same_identity_and_payload_and_the_receiver_commits_one_fact" />
    </UnitTest>
    <UnitTest name="AeroTech.Ordering.Persistence.Tests.Architecture.LayerReferenceTests.Application_references_no_infrastructure_assembly" storage="c:\users\al.farhadi\appdata\local\temp\ordbuild\aerotech.ordering.persistence.tests.dll" id="f3542137-ca01-8e47-e030-73a995b74fa2">
      <Execution id="93c2e7dc-7163-4fd6-a7e9-87e15779bc2c" />
      <TestMethod codeBase="C:\Users\al.farhadi\AppData\Local\Temp\ordbuild\AeroTech.Ordering.Persistence.Tests.dll" adapterTypeName="executor://xunit/VsTestRunner2/netcoreapp" className="AeroTech.Ordering.Persistence.Tests.Architecture.LayerReferenceTests" name="Application_references_no_infrastructure_assembly" />
    </UnitTest>
    <UnitTest name="AeroTech.Ordering.Persistence.Tests.Precision.ModelPrecisionTests.Query_model_has_explicit_precision_on_every_owned_decimal" storage="c:\users\al.farhadi\appdata\local\temp\ordbuild\aerotech.ordering.persistence.tests.dll" id="dfde8ef7-96a0-c53f-ce54-d5d8c077a8aa">
      <Execution id="a281db92-bc4a-4141-833a-4f4721d6fa98" />
      <TestMethod codeBase="C:\Users\al.farhadi\AppData\Local\Temp\ordbuild\AeroTech.Ordering.Persistence.Tests.dll" adapterTypeName="executor://xunit/VsTestRunner2/netcoreapp" className="AeroTech.Ordering.Persistence.Tests.Precision.ModelPrecisionTests" name="Query_model_has_explicit_precision_on_every_owned_decimal" />
    </UnitTest>
    <UnitTest name="AeroTech.Ordering.Persistence.Tests.S1.PrepareCreateGetTests.SC_S1_002_reference_create_commits_one_item_one_service_total_120_and_no_fulfillment_effects" storage="c:\users\al.farhadi\appdata\local\temp\ordbuild\aerotech.ordering.persistence.tests.dll" id="bbefc021-64e2-dcda-d02c-83f35da493b1">
      <Execution id="fe1c26b1-a9a4-4ffc-8379-912ec43093f0" />
      <TestMethod codeBase="C:\Users\al.farhadi\AppData\Local\Temp\ordbuild\AeroTech.Ordering.Persistence.Tests.dll" adapterTypeName="executor://xunit/VsTestRunner2/netcoreapp" className="AeroTech.Ordering.Persistence.Tests.S1.PrepareCreateGetTests" name="SC_S1_002_reference_create_commits_one_item_one_service_total_120_and_no_fulfillment_effects" />
    </UnitTest>
    <UnitTest name="AeroTech.Ordering.Persistence.Tests.S1.AirOfferLiveCandidateBridgeTests.Equivalent_amount_is_used_as_sale_value_and_the_original_is_retained" storage="c:\users\al.farhadi\appdata\local\temp\ordbuild\aerotech.ordering.persistence.tests.dll" id="c59468f7-d69e-61b2-d400-7fdeead43c0b">
      <Execution id="6039f813-8c9f-4d56-b44c-f687506d6430" />
      <TestMethod codeBase="C:\Users\al.farhadi\AppData\Local\Temp\ordbuild\AeroTech.Ordering.Persistence.Tests.dll" adapterTypeName="executor://xunit/VsTestRunner2/netcoreapp" className="AeroTech.Ordering.Persistence.Tests.S1.AirOfferLiveCandidateBridgeTests" name="Equivalent_amount_is_used_as_sale_value_and_the_original_is_retained" />
    </UnitTest>
    <UnitTest name="AeroTech.Ordering.Persistence.Tests.S1.AirOfferLiveCandidateBridgeTests.SC_S1_018_live_candidate_keeps_not_supplied_validity_and_is_blocked_for_real_effects" storage="c:\users\al.farhadi\appdata\local\temp\ordbuild\aerotech.ordering.persistence.tests.dll" id="d8622e85-2a35-8484-865b-c273fb195925">
      <Execution id="d9cdac76-9321-4a34-8f44-166ff6fbe48d" />
      <TestMethod codeBase="C:\Users\al.farhadi\AppData\Local\Temp\ordbuild\AeroTech.Ordering.Persistence.Tests.dll" adapterTypeName="executor://xunit/VsTestRunner2/netcoreapp" className="AeroTech.Ordering.Persistence.Tests.S1.AirOfferLiveCandidateBridgeTests" name="SC_S1_018_live_candidate_keeps_not_supplied_validity_and_is_blocked_for_real_effects" />
    </UnitTest>
    <UnitTest name="AeroTech.Ordering.Persistence.Tests.S1.AirOfferLiveCandidateBridgeTests.Owner_server_error_is_unavailable_and_client_error_is_not_found" storage="c:\users\al.farhadi\appdata\local\temp\ordbuild\aerotech.ordering.persistence.tests.dll" id="e37a5918-7d29-f75c-45f8-bafc3a7410d8">
      <Execution id="f9c51aac-d4f4-43ed-afb4-01a2b75c4847" />
      <TestMethod codeBase="C:\Users\al.farhadi\AppData\Local\Temp\ordbuild\AeroTech.Ordering.Persistence.Tests.dll" adapterTypeName="executor://xunit/VsTestRunner2/netcoreapp" className="AeroTech.Ordering.Persistence.Tests.S1.AirOfferLiveCandidateBridgeTests" name="Owner_server_error_is_unavailable_and_client_error_is_not_found" />
    </UnitTest>
    <UnitTest name="AeroTech.Ordering.Persistence.Tests.Architecture.S1RailTests.Each_s1_command_and_query_has_exactly_one_canonical_handler(request: typeof(AeroTech.Ordering.Query.OrderAggregate.Queries.GetOrder.GetOrderQuery))" storage="c:\users\al.farhadi\appdata\local\temp\ordbuild\aerotech.ordering.persistence.tests.dll" id="776e1f55-733b-98e7-d8b1-68edb51fdedf">
      <Execution id="89422c90-e443-4384-b15d-7ad07090bfdc" />
      <TestMethod codeBase="C:\Users\al.farhadi\AppData\Local\Temp\ordbuild\AeroTech.Ordering.Persistence.Tests.dll" adapterTypeName="executor://xunit/VsTestRunner2/netcoreapp" className="AeroTech.Ordering.Persistence.Tests.Architecture.S1RailTests" name="Each_s1_command_and_query_has_exactly_one_canonical_handler" />
    </UnitTest>
    <UnitTest name="AeroTech.Ordering.Persistence.Tests.Architecture.DomainMessagesAllowlistTests.Metadata_reader_sees_the_caller_context_Messages_references" storage="c:\users\al.farhadi\appdata\local\temp\ordbuild\aerotech.ordering.persistence.tests.dll" id="ef9cc8ee-d321-d954-5664-aa06c8f31e51">
      <Execution id="c19a6cac-0b42-4445-9318-cfaa4b38a9c7" />
      <TestMethod codeBase="C:\Users\al.farhadi\AppData\Local\Temp\ordbuild\AeroTech.Ordering.Persistence.Tests.dll" adapterTypeName="executor://xunit/VsTestRunner2/netcoreapp" className="AeroTech.Ordering.Persistence.Tests.Architecture.DomainMessagesAllowlistTests" name="Metadata_reader_sees_the_caller_context_Messages_references" />
    </UnitTest>
    <UnitTest name="AeroTech.Ordering.Persistence.Tests.Inbox.InboxConsumeFilterOutcomeTests.Message_without_envelope_source_identity_is_rejected_before_the_consumer_runs(sourceSystem: &quot;&quot;, eventId: &quot;event-1&quot;)" storage="c:\users\al.farhadi\appdata\local\temp\ordbuild\aerotech.ordering.persistence.tests.dll" id="9fea2313-7002-4e75-bd94-92b9d271d47a">
      <Execution id="af7b7391-559f-42e7-bf87-7d82ad5c2e28" />
      <TestMethod codeBase="C:\Users\al.farhadi\AppData\Local\Temp\ordbuild\AeroTech.Ordering.Persistence.Tests.dll" adapterTypeName="executor://xunit/VsTestRunner2/netcoreapp" className="AeroTech.Ordering.Persistence.Tests.Inbox.InboxConsumeFilterOutcomeTests" name="Message_without_envelope_source_identity_is_rejected_before_the_consumer_runs" />
    </UnitTest>
    <UnitTest name="AeroTech.Ordering.Persistence.Tests.S1.PrepareCreateGetTests.SC_S1_011_group_extended_line_is_persisted_once" storage="c:\users\al.farhadi\appdata\local\temp\ordbuild\aerotech.ordering.persistence.tests.dll" id="55cbdf2d-e0ff-c0ab-c29c-8e1fbefad248">
      <Execution id="f45ae31e-26fc-4597-ac45-3cf309d18adb" />
      <TestMethod codeBase="C:\Users\al.farhadi\AppData\Local\Temp\ordbuild\AeroTech.Ordering.Persistence.Tests.dll" adapterTypeName="executor://xunit/VsTestRunner2/netcoreapp" className="AeroTech.Ordering.Persistence.Tests.S1.PrepareCreateGetTests" name="SC_S1_011_group_extended_line_is_persisted_once" />
    </UnitTest>
    <UnitTest name="AeroTech.Ordering.Persistence.Tests.Outbox.OutboxDispatcherTests.Same_event_identity_cannot_be_written_twice" storage="c:\users\al.farhadi\appdata\local\temp\ordbuild\aerotech.ordering.persistence.tests.dll" id="0b7c5834-5a41-2a24-5d64-e1601888d293">
      <Execution id="7ca4fbdc-49e2-49bf-9aa5-d25a13b37bfe" />
      <TestMethod codeBase="C:\Users\al.farhadi\AppData\Local\Temp\ordbuild\AeroTech.Ordering.Persistence.Tests.dll" adapterTypeName="executor://xunit/VsTestRunner2/netcoreapp" className="AeroTech.Ordering.Persistence.Tests.Outbox.OutboxDispatcherTests" name="Same_event_identity_cannot_be_written_twice" />
    </UnitTest>
    <UnitTest name="AeroTech.Ordering.Persistence.Tests.Precision.ModelPrecisionTests.Command_model_has_no_blanket_string_length" storage="c:\users\al.farhadi\appdata\local\temp\ordbuild\aerotech.ordering.persistence.tests.dll" id="1863aa0b-a3c8-efec-2092-fb0c0465aa76">
      <Execution id="7cb196cd-22b3-4df7-b1de-4d7d2f6ab9b9" />
      <TestMethod codeBase="C:\Users\al.farhadi\AppData\Local\Temp\ordbuild\AeroTech.Ordering.Persistence.Tests.dll" adapterTypeName="executor://xunit/VsTestRunner2/netcoreapp" className="AeroTech.Ordering.Persistence.Tests.Precision.ModelPrecisionTests" name="Command_model_has_no_blanket_string_length" />
    </UnitTest>
    <UnitTest name="AeroTech.Ordering.Persistence.Tests.S1.PrepareCreateGetTests.SC_S1_005_concurrent_creates_with_different_keys_commit_exactly_one_order" storage="c:\users\al.farhadi\appdata\local\temp\ordbuild\aerotech.ordering.persistence.tests.dll" id="418836b7-e3ff-4101-2973-a26554770e1c">
      <Execution id="a632633c-bd33-4085-8653-51bae9a8f10d" />
      <TestMethod codeBase="C:\Users\al.farhadi\AppData\Local\Temp\ordbuild\AeroTech.Ordering.Persistence.Tests.dll" adapterTypeName="executor://xunit/VsTestRunner2/netcoreapp" className="AeroTech.Ordering.Persistence.Tests.S1.PrepareCreateGetTests" name="SC_S1_005_concurrent_creates_with_different_keys_commit_exactly_one_order" />
    </UnitTest>
    <UnitTest name="AeroTech.Ordering.Persistence.Tests.S1.PrepareCreateGetTests.SC_S1_001_owner_reprice_after_preparation_does_not_change_the_created_order_and_create_calls_no_owner" storage="c:\users\al.farhadi\appdata\local\temp\ordbuild\aerotech.ordering.persistence.tests.dll" id="b2d52d08-a120-6768-3828-cf536b457461">
      <Execution id="1c91d1cf-839d-463c-bffb-be8af45bbcbe" />
      <TestMethod codeBase="C:\Users\al.farhadi\AppData\Local\Temp\ordbuild\AeroTech.Ordering.Persistence.Tests.dll" adapterTypeName="executor://xunit/VsTestRunner2/netcoreapp" className="AeroTech.Ordering.Persistence.Tests.S1.PrepareCreateGetTests" name="SC_S1_001_owner_reprice_after_preparation_does_not_change_the_created_order_and_create_calls_no_owner" />
    </UnitTest>
    <UnitTest name="AeroTech.Ordering.Persistence.Tests.Inbox.InboxConsumeFilterTests.Classifier_accepts_only_the_inbox_key_violation" storage="c:\users\al.farhadi\appdata\local\temp\ordbuild\aerotech.ordering.persistence.tests.dll" id="ac0cffaf-9f34-581b-25e3-220747e6735d">
      <Execution id="d24c1827-5e9c-424a-9a54-6cfd9c5099a9" />
[...]
      SET NOCOUNT ON;&#xD;
      INSERT INTO [Operations].[CommandReceipts] ([Id], [CallerScope], [CanonicalizationVersion], [CommandKind], [CompletedAt], [CreatedAt], [FinancialCustomerId], [IdempotencyKey], [LastUpdateTime], [LastUpdatedBy], [OperationId], [OrderId], [OwnerAirlineId], [PreparationId], [RequestDigest], [ResultJson], [Status])&#xD;
      OUTPUT INSERTED.[RowVersion]&#xD;
      VALUES (@p0, @p1, @p2, @p3, @p4, @p5, @p6, @p7, @p8, @p9, @p10, @p11, @p12, @p13, @p14, @p15, @p16);&#xD;
      UPDATE [Commercial].[OrderPreparations] SET [ConsumedAt] = @p17, [ConsumedByOrderId] = @p18, [LastUpdateTime] = @p19&#xD;
      OUTPUT INSERTED.[RowVersion]&#xD;
      WHERE [Id] = @p20 AND [RowVersion] = @p21;&#xD;
      INSERT INTO [Commercial].[Orders] ([Id], [BuyerActorContextType], [BuyerActorId], [Channel], [ClientReference], [CommercialSummary], [CommercialVersion], [CreatedAt], [FinancialCustomerId], [FinancialSequence], [LastEventOrdinal], [LastUpdateTime], [LastUpdatedBy], [OrderReference], [OrderRevision], [OwnerAirlineId], [RootOrderId], [SaleCurrencyRef], [SellingOfficeId], [SourcePreparationId], [CustomerTotalAmount], [CustomerTotalCurrencyRef], [OfferValidityOwner], [OfferValidityReason], [OfferValiditySourceRef], [OfferValidityState], [OfferValidityValue], [PriceValidityOwner], [PriceValidityReason], [PriceValiditySourceRef], [PriceValidityState], [PriceValidityValue], [TicketingValidityOwner], [TicketingValidityReason], [TicketingValiditySourceRef], [TicketingValidityState], [TicketingValidityValue], [AcceptanceAssurance], [AcceptanceProfile], [AcceptedAt], [SourceCapturedAt], [ClientAcceptedAt], [AcceptedContractVersion], [AcceptedOwnerBindingRef], [AcceptedPreparationId], [SourcePricedAt], [AcceptedProviderProfileId], [AcceptedSnapshotDigest], [AcceptedSourceOfferId], [AcceptedSourceOwner], [AcceptedSourcePayloadHash])&#xD;
      OUTPUT INSERTED.[RowVersion]&#xD;
      VALUES (@p22, @p23, @p24, @p25, @p26, @p27, @p28, @p29, @p30, @p31, @p32, @p33, @p34, @p35, @p36, @p37, @p38, @p39, @p40, @p41, @p42, @p43, @p44, @p45, @p46, @p47, @p48, @p49, @p50, @p51, @p52, @p53, @p54, @p55, @p56, @p57, @p58, @p59, @p60, @p61, @p62, @p63, @p64, @p65, @p66, @p67, @p68, @p69, @p70, @p71, @p72);&#xD;
      INSERT INTO [dbo].[OutboxMessages] ([AttemptCount], [EventId], [EventOrdinal], [LastError], [LeaseExpiresOn], [LeaseOwner], [LeaseVersion], [MessageType], [OccurredOn], [Payload], [ProcessedOn], [StreamId], [StreamKind])&#xD;
      OUTPUT INSERTED.[Id]&#xD;
      VALUES (@p73, @p74, @p75, @p76, @p77, @p78, @p79, @p80, @p81, @p82, @p83, @p84, @p85);&#xD;
      INSERT INTO [Commercial].[OrderChanges] ([Id], [ActorContextType], [ActorId], [CommercialVersion], [CommittedAt], [LastUpdateTime], [LastUpdatedBy], [OrderId], [SourceDecisionRef], [Type])&#xD;
      VALUES (@p86, @p87, @p88, @p89, @p90, @p91, @p92, @p93, @p94, @p95);&#xD;
      INSERT INTO [Commercial].[OrderContacts] ([Id], [Email], [LastUpdateTime], [LastUpdatedBy], [OrderId], [Phone], [Role], [Sequence])&#xD;
      VALUES (@p96, @p97, @p98, @p99, @p100, @p101, @p102, @p103);&#xD;
      INSERT INTO [Commercial].[OrderSegments] ([Id], [DestinationRef], [FlightRef], [Kind], [LastUpdateTime], [LastUpdatedBy], [OrderId], [OriginRef], [Sequence], [SoldArrival], [SoldDeparture], [SourceSegmentRef])&#xD;
      VALUES (@p104, @p105, @p106, @p107, @p108, @p109, @p110, @p111, @p112, @p113, @p114, @p115);&#xD;
      INSERT INTO [Commercial].[OrderTravelers] ([Id], [ClientTravelerRef], [InfantParentTravelerId], [LastUpdateTime], [LastUpdatedBy], [OrderId], [PassengerTypeCode], [SourceTravellerRef])&#xD;
      VALUES (@p116, @p117, @p118, @p119, @p120, @p121, @p122, @p123);&#xD;
      INSERT INTO [Commercial].[FareConstructions] ([Id], [Assurance], [CreatedByChangeId], [LastUpdateTime], [LastUpdatedBy], [OrderIdAtCreation], [PricingUnitsJson], [SourceContextRef], [SupersededByConstructionId])&#xD;
      VALUES (@p124, @p125, @p126, @p127, @p128, @p129, @p130, @p131, @p132);&#xD;
      INSERT INTO [Commercial].[OrderItems] ([Id], [CommercialStatus], [CreatedByChangeId], [Kind], [LastUpdateTime], [LastUpdatedBy], [OrderId], [SourceItemRef], [SourceOfferItemRef], [AcceptedTotalAmount], [AcceptedTotalCurrencyRef])&#xD;
      VALUES (@p133, @p134, @p135, @p136, @p137, @p138, @p139, @p140, @p141, @p142, @p143);&#xD;
      INSERT INTO [Commercial].[OrderSegmentLegs] ([Id], [LastUpdateTime], [LastUpdatedBy], [SegmentId], [Sequence], [SourceLegRef])&#xD;
      VALUES (@p144, @p145, @p146, @p147, @p148, @p149);&#xD;
      INSERT INTO [Commercial].[OrderTravelerIdentities] ([TravelerId], [DateOfBirth], [GivenName], [Surname])&#xD;
      VALUES (@p150, @p151, @p152, @p153);&#xD;
      INSERT INTO [Commercial].[PriceChangeSets] ([Id], [BaseCommercialVersion], [ChangeId], [CommittedAt], [FinancialSequence], [LastUpdateTime], [LastUpdatedBy], [OrderId], [Reason], [SourceDecisionRef])&#xD;
      VALUES (@p154, @p155, @p156, @p157, @p158, @p159, @p160, @p161, @p162, @p163);&#xD;
      INSERT INTO [Commercial].[FundingObligations] ([Id], [ChangeId], [LastUpdateTime], [LastUpdatedBy], [OrderId], [OrderItemId], [Purpose], [SourceDecisionRef], [SupersededObligationId], [Version], [AmountAmount], [AmountCurrencyRef])&#xD;
      VALUES (@p164, @p165, @p166, @p167, @p168, @p169, @p170, @p171, @p172, @p173, @p174, @p175);&#xD;
      INSERT INTO [Commercial].[OrderServices] ([Id], [CommercialStatus], [CreatedByChangeId], [DetailSchema], [DetailSchemaVersion], [LastUpdateTime], [LastUpdatedBy], [OrderId], [OrderItemId], [Quantity], [QuantityUnit], [ServiceVersion], [SourceServiceRef], [Type], [CapacityUnits], [DocumentKind], [FulfillmentProfileRef], [RequiresFunding], [ReservationRequirement])&#xD;
      VALUES (@p176, @p177, @p178, @p179, @p180, @p181, @p182, @p183, @p184, @p185, @p186, @p187, @p188, @p189, @p190, @p191, @p192, @p193, @p194);&#xD;
      INSERT INTO [Commercial].[PricingLines] ([Id], [BasisId], [BasisType], [CandidateLineRef], [Component], [Direction], [Effect], [LastUpdateTime], [LastUpdatedBy], [OrderId], [OrderItemId], [OriginalPricingLineId], [PriceChangeSetId], [Role], [SourceBasisRef], [SourceConversionRef], [SourceLineRef], [OriginalValueAmount], [OriginalValueCurrencyRef], [SaleValueAmount], [SaleValueCurrencyRef])&#xD;
      VALUES (@p195, @p196, @p197, @p198, @p199, @p200, @p201, @p202, @p203, @p204, @p205, @p206, @p207, @p208, @p209, @p210, @p211, @p212, @p213, @p214, @p215),&#xD;
      (@p216, @p217, @p218, @p219, @p220, @p221, @p222, @p223, @p224, @p225, @p226, @p227, @p228, @p229, @p230, @p231, @p232, @p233, @p234, @p235, @p236);&#xD;
      INSERT INTO [Commercial].[AirTransportServiceDetails] ([ServiceId], [BookingClass], [CabinRef], [FlightNumber], [FlightVersion], [MarketingCarrierRef], [OperatingCarrierRef], [RbdRef])&#xD;
      VALUES (@p237, @p238, @p239, @p240, @p241, @p242, @p243, @p244);&#xD;
      INSERT INTO [Commercial].[OrderItemServiceLinks] ([Id], [LastUpdateTime], [LastUpdatedBy], [LinkedByChangeId], [OrderIdAtAssociation], [OrderItemId], [OrderServiceId])&#xD;
      VALUES (@p245, @p246, @p247, @p248, @p249, @p250, @p251);&#xD;
      INSERT INTO [Commercial].[OrderServiceBeneficiaries] ([Id], [LastUpdateTime], [LastUpdatedBy], [ServiceId], [TravelerId])&#xD;
      VALUES (@p252, @p253, @p254, @p255, @p256);&#xD;
      INSERT INTO [Commercial].[OrderServiceCoverage] ([Id], [LastUpdateTime], [LastUpdatedBy], [SegmentId], [ServiceId])&#xD;
      VALUES (@p257, @p258, @p259, @p260, @p261);&#xD;
warn: Microsoft.EntityFrameworkCore.Update[10001]&#xD;
      The same entity is being tracked as different entity types 'Order.OfferValidity#ValidityFact' and 'OrderPreparation.OfferValidity#ValidityFact' with defining navigations. If a property value changes, it will result in two store changes, which might not be the desired outcome.&#xD;
warn: Microsoft.EntityFrameworkCore.Update[10001]&#xD;
      The same entity is being tracked as different entity types 'Order.PriceValidity#ValidityFact' and 'OrderPreparation.PriceValidity#ValidityFact' with defining navigations. If a property value changes, it will result in two store changes, which might not be the desired outcome.&#xD;
warn: Microsoft.EntityFrameworkCore.Update[10001]&#xD;
      The same entity is being tracked as different entity types 'Order.TicketingValidity#ValidityFact' and 'OrderPreparation.TicketingValidity#ValidityFact' with defining navigations. If a property value changes, it will result in two store changes, which might not be the desired outcome.&#xD;
warn: Microsoft.EntityFrameworkCore.Update[10001]&#xD;
      The same entity is being tracked as different entity types 'OrderPreparation.OfferValidity#ValidityFact' and 'Order.OfferValidity#ValidityFact' with defining navigations. If a property value changes, it will result in two store changes, which might not be the desired outcome.&#xD;
warn: Microsoft.EntityFrameworkCore.Update[10001]&#xD;
      The same entity is being tracked as different entity types 'OrderPreparation.PriceValidity#ValidityFact' and 'Order.PriceValidity#ValidityFact' with defining navigations. If a property value changes, it will result in two store changes, which might not be the desired outcome.&#xD;
warn: Microsoft.EntityFrameworkCore.Update[10001]&#xD;
      The same entity is being tracked as different entity types 'OrderPreparation.TicketingValidity#ValidityFact' and 'Order.TicketingValidity#ValidityFact' with defining navigations. If a property value changes, it will result in two store changes, which might not be the desired outcome.&#xD;
info: AeroTech.Ordering.Application._Shared.Behaviors.LoggingBehavior[0]&#xD;
      Handled CreateOrderFromOfferCommand&#xD;
info: Microsoft.AspNetCore.Mvc.Infrastructure.ObjectResultExecutor[1]&#xD;
      Executing ObjectResult, writing value of type 'AeroTech.Framework.Presentation.Responses.ApiResult`1[[AeroTech.Ordering.RestApi.V1.OrderAggregate.Responses.CreatedOrderResponse, AeroTech.Ordering.RestApi, Version=1.0.0.0, Culture=neutral, PublicKeyToken=null]]'.&#xD;
info: Microsoft.AspNetCore.Mvc.Infrastructure.ControllerActionInvoker[105]&#xD;
      Executed action AeroTech.Ordering.RestApi.V1.OrderAggregate.Controllers.ServiceController.CreateOrderFromOfferAsync (AeroTech.Ordering.RestApi) in 353.7128ms&#xD;
info: Microsoft.AspNetCore.Routing.EndpointMiddleware[1]&#xD;
      Executed endpoint 'AeroTech.Ordering.RestApi.V1.OrderAggregate.Controllers.ServiceController.CreateOrderFromOfferAsync (AeroTech.Ordering.RestApi)'&#xD;
info: Microsoft.AspNetCore.Hosting.Diagnostics[2]&#xD;
      Request finished HTTP/1.1 POST http://127.0.0.1:59604/service/v1/orders/from-offer - 201 - application/json;+charset=utf-8 373.5918ms&#xD;
info: Microsoft.AspNetCore.Hosting.Diagnostics[1]&#xD;
      Request starting HTTP/1.1 GET http://127.0.0.1:59604/service/v1/orders/1550287450432077824 - - -&#xD;
info: Microsoft.AspNetCore.Routing.EndpointMiddleware[0]&#xD;
      Executing endpoint 'AeroTech.Ordering.RestApi.V1.OrderAggregate.Controllers.ServiceController.GetOrderAsync (AeroTech.Ordering.RestApi)'&#xD;
info: Microsoft.AspNetCore.Mvc.Infrastructure.ControllerActionInvoker[102]&#xD;
      Route matched with {action = "GetOrder", controller = "Service"}. Executing controller action with signature System.Threading.Tasks.Task`1[Microsoft.AspNetCore.Mvc.ActionResult`1[AeroTech.Ordering.RestApi.V1.OrderAggregate.Responses.OrderDetailsResponse]] GetOrderAsync(Int64, System.Nullable`1[System.Int64], System.Threading.CancellationToken) on controller AeroTech.Ordering.RestApi.V1.OrderAggregate.Controllers.ServiceController (AeroTech.Ordering.RestApi).&#xD;
info: AeroTech.Ordering.Application._Shared.Behaviors.LoggingBehavior[0]&#xD;
      Handling GetOrderQuery&#xD;
info: Microsoft.EntityFrameworkCore.Database.Command[20101]&#xD;
      Executed DbCommand (5ms) [Parameters=[], CommandType='Text', CommandTimeout='30']&#xD;
      SELECT TOP(2) [o].[HomeAirlineId]&#xD;
      FROM [ReferenceData].[OperatorSettings] AS [o]&#xD;
      WHERE [o].[ScopeKey] = N'HOME_OPERATOR'&#xD;
info: Microsoft.EntityFrameworkCore.Database.Command[20101]&#xD;
      Executed DbCommand (16ms) [Parameters=[@query_OrderId='?' (DbType = Int64), @scope_OwnerAirlineId='?' (DbType = Int64)], CommandType='Text', CommandTimeout='30']&#xD;
      SELECT TOP(2) [o].[OrderId], [o].[CommercialVersion], [o].[CreatedAt], [o].[DetailsJson], [o].[FinancialCustomerId], [o].[OrderReference], [o].[OrderRevision], [o].[OwnerAirlineId], [o].[ProjectedAt], [o].[ProjectionSchemaVersion]&#xD;
      FROM [ReadModel].[OrderDetails] AS [o]&#xD;
      WHERE [o].[OrderId] = @query_OrderId AND [o].[OwnerAirlineId] = @scope_OwnerAirlineId&#xD;
info: AeroTech.Ordering.Application._Shared.Behaviors.LoggingBehavior[0]&#xD;
      Handled GetOrderQuery&#xD;
info: Microsoft.AspNetCore.Mvc.Infrastructure.ObjectResultExecutor[1]&#xD;
      Executing ObjectResult, writing value of type 'AeroTech.Framework.Presentation.Responses.ApiResult`1[[AeroTech.Ordering.RestApi.V1.OrderAggregate.Responses.OrderDetailsResponse, AeroTech.Ordering.RestApi, Version=1.0.0.0, Culture=neutral, PublicKeyToken=null]]'.&#xD;
info: Microsoft.AspNetCore.Mvc.Infrastructure.ControllerActionInvoker[105]&#xD;
      Executed action AeroTech.Ordering.RestApi.V1.OrderAggregate.Controllers.ServiceController.GetOrderAsync (AeroTech.Ordering.RestApi) in 31.6215ms&#xD;
info: Microsoft.AspNetCore.Routing.EndpointMiddleware[1]&#xD;
      Executed endpoint 'AeroTech.Ordering.RestApi.V1.OrderAggregate.Controllers.ServiceController.GetOrderAsync (AeroTech.Ordering.RestApi)'&#xD;
info: Microsoft.AspNetCore.Hosting.Diagnostics[2]&#xD;
      Request finished HTTP/1.1 GET http://127.0.0.1:59604/service/v1/orders/1550287450432077824 - 200 - application/json;+charset=utf-8 56.7974ms&#xD;
info: Microsoft.Hosting.Lifetime[0]&#xD;
      Application is shutting down...&#xD;
info: Microsoft.AspNetCore.DataProtection.KeyManagement.XmlKeyManager[63]&#xD;
      User profile is available. Using 'C:\Users\al.farhadi\AppData\Local\ASP.NET\DataProtection-Keys' as key repository and Windows DPAPI to encrypt keys at rest.&#xD;
info: Microsoft.Hosting.Lifetime[14]&#xD;
      Now listening on: http://127.0.0.1:59610&#xD;
info: Microsoft.Hosting.Lifetime[0]&#xD;
      Application started. Press Ctrl+C to shut down.&#xD;
info: Microsoft.Hosting.Lifetime[0]&#xD;
      Hosting environment: S1ApiTest&#xD;
info: Microsoft.Hosting.Lifetime[0]&#xD;
      Content root path: C:\Users\al.farhadi\AppData\Local\Temp\ordbuild&#xD;
info: Microsoft.EntityFrameworkCore.Database.Command[20101]&#xD;
      Executed DbCommand (1ms) [Parameters=[], CommandType='Text', CommandTimeout='30']&#xD;
      SELECT 1&#xD;
info: Microsoft.EntityFrameworkCore.Database.Command[20101]&#xD;
      Executed DbCommand (47ms) [Parameters=[], CommandType='Text', CommandTimeout='30']&#xD;
      IF EXISTS&#xD;
          (SELECT *&#xD;
           FROM [sys].[objects] o&#xD;
           WHERE [o].[type] = 'U'&#xD;
           AND [o].[is_ms_shipped] = 0&#xD;
           AND [o].[object_id] NOT IN (SELECT [ep].[major_id]&#xD;
              FROM [sys].[extended_properties] AS [ep]&#xD;
              WHERE [ep].[minor_id] = 0&#xD;
                  AND [ep].[class] = 1&#xD;
                  AND [ep].[name] = N'microsoft_database_tools_support'&#xD;
          )&#xD;
      )&#xD;
      SELECT 1 ELSE SELECT 0&#xD;
info: Microsoft.EntityFrameworkCore.Database.Command[20101]&#xD;
      Executed DbCommand (6ms) [Parameters=[], CommandType='Text', CommandTimeout='30']&#xD;
      SELECT CASE&#xD;
          WHEN EXISTS (&#xD;
              SELECT 1&#xD;
              FROM [ReferenceData].[OperatorSettings] AS [o]&#xD;
              WHERE [o].[ScopeKey] = N'HOME_OPERATOR') THEN CAST(1 AS bit)&#xD;
          ELSE CAST(0 AS bit)&#xD;
      END&#xD;
info: Microsoft.EntityFrameworkCore.Database.Command[20101]&#xD;
      Executed DbCommand (5ms) [Parameters=[], CommandType='Text', CommandTimeout='30']&#xD;
      SELECT CASE&#xD;
          WHEN EXISTS (&#xD;
              SELECT 1&#xD;
              FROM [ReferenceData].[Customers] AS [c]) THEN CAST(1 AS bit)&#xD;
          ELSE CAST(0 AS bit)&#xD;
      END&#xD;
info: Microsoft.AspNetCore.Hosting.Diagnostics[1]&#xD;
      Request starting HTTP/1.1 POST http://127.0.0.1:59610/service/v1/order-preparations - application/json;+charset=utf-8 -&#xD;
info: Microsoft.AspNetCore.Routing.EndpointMiddleware[0]&#xD;
      Executing endpoint 'AeroTech.Ordering.RestApi.V1.OrderPreparationAggregate.Controllers.ServiceController.PrepareOrderFromOfferAsync (AeroTech.Ordering.RestApi)'&#xD;
info: Microsoft.AspNetCore.Mvc.Infrastructure.ControllerActionInvoker[102]&#xD;
      Route matched with {action = "PrepareOrderFromOffer", controller = "Service"}. Executing controller action with signature System.Threading.Tasks.Task`1[Microsoft.AspNetCore.Mvc.ActionResult`1[AeroTech.Ordering.RestApi.V1.OrderPreparationAggregate.Responses.PreparationResponse]] PrepareOrderFromOfferAsync(AeroTech.Ordering.RestApi.V1.OrderPreparationAggregate.Requests.ServicePrepareOrderRequest, System.Threading.CancellationToken) on controller AeroTech.Ordering.RestApi.V1.OrderPreparationAggregate.Controllers.ServiceController (AeroTech.Ordering.RestApi).&#xD;
info: Microsoft.AspNetCore.Mvc.Infrastructure.ControllerActionInvoker[105]&#xD;
      Executed action AeroTech.Ordering.RestApi.V1.OrderPreparationAggregate.Controllers.ServiceController.PrepareOrderFromOfferAsync (AeroTech.Ordering.RestApi) in 23.2048ms&#xD;
info: Microsoft.AspNetCore.Routing.EndpointMiddleware[1]&#xD;
      Executed endpoint 'AeroTech.Ordering.RestApi.V1.OrderPreparationAggregate.Controllers.ServiceController.PrepareOrderFromOfferAsync (AeroTech.Ordering.RestApi)'&#xD;
warn: AeroTech.Framework.Presentation.Middlewares.ExceptionHandlingMiddleware[0]&#xD;
      BusinessException processing POST /service/v1/order-preparations: The 'Idempotency-Key' header is required for this operation.&#xD;
info: Microsoft.AspNetCore.Hosting.Diagnostics[2]&#xD;
      Request finished HTTP/1.1 POST http://127.0.0.1:59610/service/v1/order-preparations - 400 - application/json;+charset=utf-8 79.8580ms&#xD;
info: Microsoft.Hosting.Lifetime[0]&#xD;
      Application is shutting down...&#xD;
[xUnit.net 00:01:44.81]   Finished:    AeroTech.Ordering.Persistence.Tests&#xD;
</StdOut>
    </Output>
  </ResultSummary>
</TestRun>